SF:D:\Rust\permata-gateway\src\config\mod.rs
FN:71,_RNvMNtCsi5KG3Qgn1dg_15webhook_gateway6configNtB2_9AppConfig4load
FN:71,_RNvMNtCsCIJ9D7Igft_15webhook_gateway6configNtB2_9AppConfig4load
FNDA:8,_RNvMNtCsi5KG3Qgn1dg_15webhook_gateway6configNtB2_9AppConfig4load
FNDA:0,_RNvMNtCsCIJ9D7Igft_15webhook_gateway6configNtB2_9AppConfig4load
FNF:1
FNH:1
DA:71,8
DA:72,8
DA:73,8
DA:74,8
DA:75,8
DA:77,8
DA:78,8
BRF:0
BRH:0
LF:7
LH:7
end_of_record
SF:D:\Rust\permata-gateway\src\handlers\webhook_server.rs
FN:40,_RNvMNtNtCsi5KG3Qgn1dg_15webhook_gateway8handlers14webhook_serverNtB2_13WebhookServer14handle_webhook
FN:158,_RNvMNtNtCsi5KG3Qgn1dg_15webhook_gateway8handlers14webhook_serverNtB2_13WebhookServer15process_webhook
FN:135,_RNvMNtNtCsi5KG3Qgn1dg_15webhook_gateway8handlers14webhook_serverNtB2_13WebhookServer19handle_health_check
FN:81,_RNvMNtNtCsi5KG3Qgn1dg_15webhook_gateway8handlers14webhook_serverNtB2_13WebhookServer22should_process_payload
FN:36,_RNvMNtNtCsi5KG3Qgn1dg_15webhook_gateway8handlers14webhook_serverNtB2_13WebhookServer3new
FN:252,_RNvXs0_NtNtCsi5KG3Qgn1dg_15webhook_gateway8handlers14webhook_serverNtB5_13WebhookServerNtB5_18WebhookServerTrait5start
FN:297,_RNvXs0_NtNtCsi5KG3Qgn1dg_15webhook_gateway8handlers14webhook_serverNtB5_13WebhookServerNtB5_18WebhookServerTrait8shutdown
FN:287,_RNCNCNCNCNvXs0_NtNtCsi5KG3Qgn1dg_15webhook_gateway8handlers14webhook_serverNtBd_13WebhookServerNtBd_18WebhookServerTrait5start0s0_000Bh_
FN:285,_RNCNCNCNvXs0_NtNtCsi5KG3Qgn1dg_15webhook_gateway8handlers14webhook_serverNtBb_13WebhookServerNtBb_18WebhookServerTrait5start0s0_00Bf_
FN:207,_RNCNCNvMNtNtCsi5KG3Qgn1dg_15webhook_gateway8handlers14webhook_serverNtB6_13WebhookServer15process_webhook00Ba_
FN:255,_RNCNCNvXs0_NtNtCsi5KG3Qgn1dg_15webhook_gateway8handlers14webhook_serverNtB9_13WebhookServerNtB9_18WebhookServerTrait5start00Bd_
FN:284,_RNCNCNvXs0_NtNtCsi5KG3Qgn1dg_15webhook_gateway8handlers14webhook_serverNtB9_13WebhookServerNtB9_18WebhookServerTrait5start0s0_0Bd_
FN:259,_RNCNCNvXs0_NtNtCsi5KG3Qgn1dg_15webhook_gateway8handlers14webhook_serverNtB9_13WebhookServerNtB9_18WebhookServerTrait5start0s_0Bd_
FN:43,_RNCNvMNtNtCsi5KG3Qgn1dg_15webhook_gateway8handlers14webhook_serverNtB4_13WebhookServer14handle_webhook0B8_
FN:162,_RNCNvMNtNtCsi5KG3Qgn1dg_15webhook_gateway8handlers14webhook_serverNtB4_13WebhookServer15process_webhook0B8_
FN:138,_RNCNvMNtNtCsi5KG3Qgn1dg_15webhook_gateway8handlers14webhook_serverNtB4_13WebhookServer19handle_health_check0B8_
FN:287,_RNCNCNCNCNvXs0_NtNtCsCIJ9D7Igft_15webhook_gateway8handlers14webhook_serverNtBd_13WebhookServerNtBd_18WebhookServerTrait5start0s0_000Bh_
FN:285,_RNCNCNCNvXs0_NtNtCsCIJ9D7Igft_15webhook_gateway8handlers14webhook_serverNtBb_13WebhookServerNtBb_18WebhookServerTrait5start0s0_00Bf_
FN:207,_RNCNCNvMNtNtCsCIJ9D7Igft_15webhook_gateway8handlers14webhook_serverNtB6_13WebhookServer15process_webhook00Ba_
FN:255,_RNCNCNvXs0_NtNtCsCIJ9D7Igft_15webhook_gateway8handlers14webhook_serverNtB9_13WebhookServerNtB9_18WebhookServerTrait5start00Bd_
FN:284,_RNCNCNvXs0_NtNtCsCIJ9D7Igft_15webhook_gateway8handlers14webhook_serverNtB9_13WebhookServerNtB9_18WebhookServerTrait5start0s0_0Bd_
FN:259,_RNCNCNvXs0_NtNtCsCIJ9D7Igft_15webhook_gateway8handlers14webhook_serverNtB9_13WebhookServerNtB9_18WebhookServerTrait5start0s_0Bd_
FN:43,_RNCNvMNtNtCsCIJ9D7Igft_15webhook_gateway8handlers14webhook_serverNtB4_13WebhookServer14handle_webhook0B8_
FN:162,_RNCNvMNtNtCsCIJ9D7Igft_15webhook_gateway8handlers14webhook_serverNtB4_13WebhookServer15process_webhook0B8_
FN:138,_RNCNvMNtNtCsCIJ9D7Igft_15webhook_gateway8handlers14webhook_serverNtB4_13WebhookServer19handle_health_check0B8_
FN:40,_RNvMNtNtCsCIJ9D7Igft_15webhook_gateway8handlers14webhook_serverNtB2_13WebhookServer14handle_webhook
FN:158,_RNvMNtNtCsCIJ9D7Igft_15webhook_gateway8handlers14webhook_serverNtB2_13WebhookServer15process_webhook
FN:135,_RNvMNtNtCsCIJ9D7Igft_15webhook_gateway8handlers14webhook_serverNtB2_13WebhookServer19handle_health_check
FN:81,_RNvMNtNtCsCIJ9D7Igft_15webhook_gateway8handlers14webhook_serverNtB2_13WebhookServer22should_process_payload
FN:36,_RNvMNtNtCsCIJ9D7Igft_15webhook_gateway8handlers14webhook_serverNtB2_13WebhookServer3new
FN:252,_RNvXs0_NtNtCsCIJ9D7Igft_15webhook_gateway8handlers14webhook_serverNtB5_13WebhookServerNtB5_18WebhookServerTrait5start
FN:297,_RNvXs0_NtNtCsCIJ9D7Igft_15webhook_gateway8handlers14webhook_serverNtB5_13WebhookServerNtB5_18WebhookServerTrait8shutdown
FNDA:0,_RNvMNtNtCsi5KG3Qgn1dg_15webhook_gateway8handlers14webhook_serverNtB2_13WebhookServer14handle_webhook
FNDA:0,_RNvMNtNtCsi5KG3Qgn1dg_15webhook_gateway8handlers14webhook_serverNtB2_13WebhookServer15process_webhook
FNDA:0,_RNvMNtNtCsi5KG3Qgn1dg_15webhook_gateway8handlers14webhook_serverNtB2_13WebhookServer19handle_health_check
FNDA:0,_RNvMNtNtCsi5KG3Qgn1dg_15webhook_gateway8handlers14webhook_serverNtB2_13WebhookServer22should_process_payload
FNDA:2,_RNvMNtNtCsi5KG3Qgn1dg_15webhook_gateway8handlers14webhook_serverNtB2_13WebhookServer3new
FNDA:0,_RNvXs0_NtNtCsi5KG3Qgn1dg_15webhook_gateway8handlers14webhook_serverNtB5_13WebhookServerNtB5_18WebhookServerTrait5start
FNDA:2,_RNvXs0_NtNtCsi5KG3Qgn1dg_15webhook_gateway8handlers14webhook_serverNtB5_13WebhookServerNtB5_18WebhookServerTrait8shutdown
FNDA:0,_RNCNCNCNCNvXs0_NtNtCsi5KG3Qgn1dg_15webhook_gateway8handlers14webhook_serverNtBd_13WebhookServerNtBd_18WebhookServerTrait5start0s0_000Bh_
FNDA:0,_RNCNCNCNvXs0_NtNtCsi5KG3Qgn1dg_15webhook_gateway8handlers14webhook_serverNtBb_13WebhookServerNtBb_18WebhookServerTrait5start0s0_00Bf_
FNDA:0,_RNCNCNvMNtNtCsi5KG3Qgn1dg_15webhook_gateway8handlers14webhook_serverNtB6_13WebhookServer15process_webhook00Ba_
FNDA:0,_RNCNCNvXs0_NtNtCsi5KG3Qgn1dg_15webhook_gateway8handlers14webhook_serverNtB9_13WebhookServerNtB9_18WebhookServerTrait5start00Bd_
FNDA:0,_RNCNCNvXs0_NtNtCsi5KG3Qgn1dg_15webhook_gateway8handlers14webhook_serverNtB9_13WebhookServerNtB9_18WebhookServerTrait5start0s0_0Bd_
FNDA:0,_RNCNCNvXs0_NtNtCsi5KG3Qgn1dg_15webhook_gateway8handlers14webhook_serverNtB9_13WebhookServerNtB9_18WebhookServerTrait5start0s_0Bd_
FNDA:0,_RNCNvMNtNtCsi5KG3Qgn1dg_15webhook_gateway8handlers14webhook_serverNtB4_13WebhookServer14handle_webhook0B8_
FNDA:0,_RNCNvMNtNtCsi5KG3Qgn1dg_15webhook_gateway8handlers14webhook_serverNtB4_13WebhookServer15process_webhook0B8_
FNDA:0,_RNCNvMNtNtCsi5KG3Qgn1dg_15webhook_gateway8handlers14webhook_serverNtB4_13WebhookServer19handle_health_check0B8_
FNDA:0,_RNCNCNCNCNvXs0_NtNtCsCIJ9D7Igft_15webhook_gateway8handlers14webhook_serverNtBd_13WebhookServerNtBd_18WebhookServerTrait5start0s0_000Bh_
FNDA:0,_RNCNCNCNvXs0_NtNtCsCIJ9D7Igft_15webhook_gateway8handlers14webhook_serverNtBb_13WebhookServerNtBb_18WebhookServerTrait5start0s0_00Bf_
FNDA:0,_RNCNCNvMNtNtCsCIJ9D7Igft_15webhook_gateway8handlers14webhook_serverNtB6_13WebhookServer15process_webhook00Ba_
FNDA:0,_RNCNCNvXs0_NtNtCsCIJ9D7Igft_15webhook_gateway8handlers14webhook_serverNtB9_13WebhookServerNtB9_18WebhookServerTrait5start00Bd_
FNDA:0,_RNCNCNvXs0_NtNtCsCIJ9D7Igft_15webhook_gateway8handlers14webhook_serverNtB9_13WebhookServerNtB9_18WebhookServerTrait5start0s0_0Bd_
FNDA:0,_RNCNCNvXs0_NtNtCsCIJ9D7Igft_15webhook_gateway8handlers14webhook_serverNtB9_13WebhookServerNtB9_18WebhookServerTrait5start0s_0Bd_
FNDA:0,_RNCNvMNtNtCsCIJ9D7Igft_15webhook_gateway8handlers14webhook_serverNtB4_13WebhookServer14handle_webhook0B8_
FNDA:0,_RNCNvMNtNtCsCIJ9D7Igft_15webhook_gateway8handlers14webhook_serverNtB4_13WebhookServer15process_webhook0B8_
FNDA:0,_RNCNvMNtNtCsCIJ9D7Igft_15webhook_gateway8handlers14webhook_serverNtB4_13WebhookServer19handle_health_check0B8_
FNDA:0,_RNvMNtNtCsCIJ9D7Igft_15webhook_gateway8handlers14webhook_serverNtB2_13WebhookServer14handle_webhook
FNDA:0,_RNvMNtNtCsCIJ9D7Igft_15webhook_gateway8handlers14webhook_serverNtB2_13WebhookServer15process_webhook
FNDA:0,_RNvMNtNtCsCIJ9D7Igft_15webhook_gateway8handlers14webhook_serverNtB2_13WebhookServer19handle_health_check
FNDA:0,_RNvMNtNtCsCIJ9D7Igft_15webhook_gateway8handlers14webhook_serverNtB2_13WebhookServer22should_process_payload
FNDA:0,_RNvMNtNtCsCIJ9D7Igft_15webhook_gateway8handlers14webhook_serverNtB2_13WebhookServer3new
FNDA:0,_RNvXs0_NtNtCsCIJ9D7Igft_15webhook_gateway8handlers14webhook_serverNtB5_13WebhookServerNtB5_18WebhookServerTrait5start
FNDA:0,_RNvXs0_NtNtCsCIJ9D7Igft_15webhook_gateway8handlers14webhook_serverNtB5_13WebhookServerNtB5_18WebhookServerTrait8shutdown
FNF:16
FNH:2
DA:36,2
DA:37,2
DA:38,2
DA:40,0
DA:41,0
DA:42,0
DA:43,0
DA:44,0
DA:46,0
DA:47,0
DA:48,0
DA:49,0
DA:50,0
DA:51,0
DA:52,0
DA:53,0
DA:54,0
DA:57,0
DA:58,0
DA:59,0
DA:61,0
DA:62,0
DA:65,0
DA:66,0
DA:67,0
DA:68,0
DA:69,0
DA:71,0
DA:72,0
DA:73,0
DA:74,0
DA:78,0
DA:79,0
DA:81,0
DA:82,0
DA:83,0
DA:85,0
DA:86,0
DA:87,0
DA:88,0
DA:89,0
DA:90,0
DA:92,0
DA:93,0
DA:96,0
DA:97,0
DA:98,0
DA:99,0
DA:100,0
DA:101,0
DA:103,0
DA:104,0
DA:106,0
DA:107,0
DA:108,0
DA:109,0
DA:110,0
DA:112,0
DA:114,0
DA:115,0
DA:117,0
DA:118,0
DA:119,0
DA:120,0
DA:124,0
DA:125,0
DA:126,0
DA:127,0
DA:128,0
DA:129,0
DA:130,0
DA:133,0
DA:135,0
DA:136,0
DA:137,0
DA:138,0
DA:139,0
DA:140,0
DA:141,0
DA:142,0
DA:143,0
DA:146,0
DA:147,0
DA:148,0
DA:151,0
DA:152,0
DA:153,0
DA:154,0
DA:155,0
DA:156,0
DA:158,0
DA:159,0
DA:160,0
DA:161,0
DA:162,0
DA:164,0
DA:167,0
DA:168,0
DA:169,0
DA:170,0
DA:171,0
DA:172,0
DA:173,0
DA:175,0
DA:176,0
DA:177,0
DA:178,0
DA:183,0
DA:186,0
DA:187,0
DA:190,0
DA:191,0
DA:192,0
DA:193,0
DA:194,0
DA:195,0
DA:197,0
DA:198,0
DA:199,0
DA:200,0
DA:201,0
DA:202,0
DA:205,0
DA:206,0
DA:207,0
DA:208,0
DA:209,0
DA:213,0
DA:214,0
DA:216,0
DA:217,0
DA:219,0
DA:220,0
DA:221,0
DA:222,0
DA:223,0
DA:226,0
DA:227,0
DA:228,0
DA:229,0
DA:230,0
DA:232,0
DA:233,0
DA:234,0
DA:235,0
DA:236,0
DA:239,0
DA:240,0
DA:241,0
DA:242,0
DA:243,0
DA:244,0
DA:247,0
DA:252,0
DA:255,0
DA:259,0
DA:284,0
DA:285,0
DA:286,0
DA:287,0
DA:288,0
DA:290,0
DA:291,0
DA:292,0
DA:293,0
DA:295,0
DA:297,2
DA:305,2
BRF:0
BRH:0
LF:173
LH:5
end_of_record
SF:D:\Rust\permata-gateway\src\main.rs
FN:38,_RNCNCNvCs29qm3o6Vxos_15webhook_gateway4main00B5_
FN:14,_RNCNvCs29qm3o6Vxos_15webhook_gateway4main0B3_
FN:14,_RNvCs29qm3o6Vxos_15webhook_gateway4main
FN:38,_RNCNCNvCsbHPL70yHWol_15webhook_gateway4main00B5_
FN:14,_RNCNvCsbHPL70yHWol_15webhook_gateway4main0B3_
FN:14,_RNvCsbHPL70yHWol_15webhook_gateway4main
FNDA:0,_RNCNCNvCs29qm3o6Vxos_15webhook_gateway4main00B5_
FNDA:0,_RNCNvCs29qm3o6Vxos_15webhook_gateway4main0B3_
FNDA:0,_RNvCs29qm3o6Vxos_15webhook_gateway4main
FNDA:0,_RNCNCNvCsbHPL70yHWol_15webhook_gateway4main00B5_
FNDA:0,_RNCNvCsbHPL70yHWol_15webhook_gateway4main0B3_
FNDA:0,_RNvCsbHPL70yHWol_15webhook_gateway4main
FNF:3
FNH:0
DA:14,0
DA:15,0
DA:17,0
DA:19,0
DA:21,0
DA:22,0
DA:23,0
DA:25,0
DA:26,0
DA:27,0
DA:28,0
DA:29,0
DA:30,0
DA:31,0
DA:32,0
DA:33,0
DA:36,0
DA:37,0
DA:38,0
DA:39,0
DA:40,0
DA:41,0
DA:42,0
DA:43,0
DA:44,0
DA:45,0
DA:46,0
DA:49,0
DA:50,0
DA:51,0
DA:52,0
DA:53,0
DA:54,0
DA:55,0
DA:56,0
DA:57,0
DA:58,0
DA:59,0
DA:60,0
DA:61,0
DA:62,0
DA:63,0
DA:64,0
DA:68,0
DA:69,0
DA:70,0
DA:71,0
DA:72,0
DA:76,0
DA:77,0
DA:78,0
DA:79,0
DA:80,0
DA:81,0
DA:82,0
DA:85,0
DA:88,0
DA:90,0
DA:91,0
DA:92,0
DA:93,0
DA:94,0
DA:97,0
DA:98,0
BRF:0
BRH:0
LF:66
LH:0
end_of_record
SF:D:\Rust\permata-gateway\src\providers\logging.rs
FN:181,_RNCNvMs0_NtNtCsi5KG3Qgn1dg_15webhook_gateway9providers7loggingNtB7_16StructuredLogger11log_warning0Bb_
FN:182,_RNCNvMs0_NtNtCsi5KG3Qgn1dg_15webhook_gateway9providers7loggingNtB7_16StructuredLogger11log_warnings_0Bb_
FN:74,_RNCNvMs0_NtNtCsi5KG3Qgn1dg_15webhook_gateway9providers7loggingNtB7_16StructuredLogger4init0Bb_
FN:141,_RNCNvMs0_NtNtCsi5KG3Qgn1dg_15webhook_gateway9providers7loggingNtB7_16StructuredLogger8log_info0Bb_
FN:142,_RNCNvMs0_NtNtCsi5KG3Qgn1dg_15webhook_gateway9providers7loggingNtB7_16StructuredLogger8log_infos_0Bb_
FN:108,_RNCNvMs0_NtNtCsi5KG3Qgn1dg_15webhook_gateway9providers7loggingNtB7_16StructuredLogger9log_error0Bb_
FN:109,_RNCNvMs0_NtNtCsi5KG3Qgn1dg_15webhook_gateway9providers7loggingNtB7_16StructuredLogger9log_errors_0Bb_
FN:45,_RNCNvXs_NtNtCsi5KG3Qgn1dg_15webhook_gateway9providers7loggingNtB6_22ConfigurableFileWriterNtNtNtCs9bzs8o7GlWW_18tracing_subscriber3fmt6writer10MakeWriter11make_writer0Ba_
FN:52,_RNCNvXs_NtNtCsi5KG3Qgn1dg_15webhook_gateway9providers7loggingNtB6_22ConfigurableFileWriterNtNtNtCs9bzs8o7GlWW_18tracing_subscriber3fmt6writer10MakeWriter11make_writers_0Ba_
FN:17,_RNvMNtNtCsi5KG3Qgn1dg_15webhook_gateway9providers7loggingNtB2_22ConfigurableFileWriter3new
FN:174,_RNvMs0_NtNtCsi5KG3Qgn1dg_15webhook_gateway9providers7loggingNtB5_16StructuredLogger11log_warning
FN:63,_RNvMs0_NtNtCsi5KG3Qgn1dg_15webhook_gateway9providers7loggingNtB5_16StructuredLogger4init
FN:133,_RNvMs0_NtNtCsi5KG3Qgn1dg_15webhook_gateway9providers7loggingNtB5_16StructuredLogger8log_info
FN:101,_RNvMs0_NtNtCsi5KG3Qgn1dg_15webhook_gateway9providers7loggingNtB5_16StructuredLogger9log_error
FN:29,_RNvXs_NtNtCsi5KG3Qgn1dg_15webhook_gateway9providers7loggingNtB4_22ConfigurableFileWriterNtNtNtCs9bzs8o7GlWW_18tracing_subscriber3fmt6writer10MakeWriter11make_writer
FN:181,_RNCNvMs0_NtNtCsCIJ9D7Igft_15webhook_gateway9providers7loggingNtB7_16StructuredLogger11log_warning0Bb_
FN:182,_RNCNvMs0_NtNtCsCIJ9D7Igft_15webhook_gateway9providers7loggingNtB7_16StructuredLogger11log_warnings_0Bb_
FN:74,_RNCNvMs0_NtNtCsCIJ9D7Igft_15webhook_gateway9providers7loggingNtB7_16StructuredLogger4init0Bb_
FN:141,_RNCNvMs0_NtNtCsCIJ9D7Igft_15webhook_gateway9providers7loggingNtB7_16StructuredLogger8log_info0Bb_
FN:142,_RNCNvMs0_NtNtCsCIJ9D7Igft_15webhook_gateway9providers7loggingNtB7_16StructuredLogger8log_infos_0Bb_
FN:108,_RNCNvMs0_NtNtCsCIJ9D7Igft_15webhook_gateway9providers7loggingNtB7_16StructuredLogger9log_error0Bb_
FN:109,_RNCNvMs0_NtNtCsCIJ9D7Igft_15webhook_gateway9providers7loggingNtB7_16StructuredLogger9log_errors_0Bb_
FN:45,_RNCNvXs_NtNtCsCIJ9D7Igft_15webhook_gateway9providers7loggingNtB6_22ConfigurableFileWriterNtNtNtCs9bzs8o7GlWW_18tracing_subscriber3fmt6writer10MakeWriter11make_writer0Ba_
FN:52,_RNCNvXs_NtNtCsCIJ9D7Igft_15webhook_gateway9providers7loggingNtB6_22ConfigurableFileWriterNtNtNtCs9bzs8o7GlWW_18tracing_subscriber3fmt6writer10MakeWriter11make_writers_0Ba_
FN:17,_RNvMNtNtCsCIJ9D7Igft_15webhook_gateway9providers7loggingNtB2_22ConfigurableFileWriter3new
FN:174,_RNvMs0_NtNtCsCIJ9D7Igft_15webhook_gateway9providers7loggingNtB5_16StructuredLogger11log_warning
FN:63,_RNvMs0_NtNtCsCIJ9D7Igft_15webhook_gateway9providers7loggingNtB5_16StructuredLogger4init
FN:133,_RNvMs0_NtNtCsCIJ9D7Igft_15webhook_gateway9providers7loggingNtB5_16StructuredLogger8log_info
FN:101,_RNvMs0_NtNtCsCIJ9D7Igft_15webhook_gateway9providers7loggingNtB5_16StructuredLogger9log_error
FN:29,_RNvXs_NtNtCsCIJ9D7Igft_15webhook_gateway9providers7loggingNtB4_22ConfigurableFileWriterNtNtNtCs9bzs8o7GlWW_18tracing_subscriber3fmt6writer10MakeWriter11make_writer
FNDA:8,_RNCNvMs0_NtNtCsi5KG3Qgn1dg_15webhook_gateway9providers7loggingNtB7_16StructuredLogger11log_warning0Bb_
FNDA:8,_RNCNvMs0_NtNtCsi5KG3Qgn1dg_15webhook_gateway9providers7loggingNtB7_16StructuredLogger11log_warnings_0Bb_
FNDA:2,_RNCNvMs0_NtNtCsi5KG3Qgn1dg_15webhook_gateway9providers7loggingNtB7_16StructuredLogger4init0Bb_
FNDA:119,_RNCNvMs0_NtNtCsi5KG3Qgn1dg_15webhook_gateway9providers7loggingNtB7_16StructuredLogger8log_info0Bb_
FNDA:119,_RNCNvMs0_NtNtCsi5KG3Qgn1dg_15webhook_gateway9providers7loggingNtB7_16StructuredLogger8log_infos_0Bb_
FNDA:34,_RNCNvMs0_NtNtCsi5KG3Qgn1dg_15webhook_gateway9providers7loggingNtB7_16StructuredLogger9log_error0Bb_
FNDA:34,_RNCNvMs0_NtNtCsi5KG3Qgn1dg_15webhook_gateway9providers7loggingNtB7_16StructuredLogger9log_errors_0Bb_
FNDA:0,_RNCNvXs_NtNtCsi5KG3Qgn1dg_15webhook_gateway9providers7loggingNtB6_22ConfigurableFileWriterNtNtNtCs9bzs8o7GlWW_18tracing_subscriber3fmt6writer10MakeWriter11make_writer0Ba_
FNDA:0,_RNCNvXs_NtNtCsi5KG3Qgn1dg_15webhook_gateway9providers7loggingNtB6_22ConfigurableFileWriterNtNtNtCs9bzs8o7GlWW_18tracing_subscriber3fmt6writer10MakeWriter11make_writers_0Ba_
FNDA:2,_RNvMNtNtCsi5KG3Qgn1dg_15webhook_gateway9providers7loggingNtB2_22ConfigurableFileWriter3new
FNDA:8,_RNvMs0_NtNtCsi5KG3Qgn1dg_15webhook_gateway9providers7loggingNtB5_16StructuredLogger11log_warning
FNDA:2,_RNvMs0_NtNtCsi5KG3Qgn1dg_15webhook_gateway9providers7loggingNtB5_16StructuredLogger4init
FNDA:120,_RNvMs0_NtNtCsi5KG3Qgn1dg_15webhook_gateway9providers7loggingNtB5_16StructuredLogger8log_info
FNDA:34,_RNvMs0_NtNtCsi5KG3Qgn1dg_15webhook_gateway9providers7loggingNtB5_16StructuredLogger9log_error
FNDA:34,_RNvXs_NtNtCsi5KG3Qgn1dg_15webhook_gateway9providers7loggingNtB4_22ConfigurableFileWriterNtNtNtCs9bzs8o7GlWW_18tracing_subscriber3fmt6writer10MakeWriter11make_writer
FNDA:0,_RNCNvMs0_NtNtCsCIJ9D7Igft_15webhook_gateway9providers7loggingNtB7_16StructuredLogger11log_warning0Bb_
FNDA:0,_RNCNvMs0_NtNtCsCIJ9D7Igft_15webhook_gateway9providers7loggingNtB7_16StructuredLogger11log_warnings_0Bb_
FNDA:0,_RNCNvMs0_NtNtCsCIJ9D7Igft_15webhook_gateway9providers7loggingNtB7_16StructuredLogger4init0Bb_
FNDA:0,_RNCNvMs0_NtNtCsCIJ9D7Igft_15webhook_gateway9providers7loggingNtB7_16StructuredLogger8log_info0Bb_
FNDA:0,_RNCNvMs0_NtNtCsCIJ9D7Igft_15webhook_gateway9providers7loggingNtB7_16StructuredLogger8log_infos_0Bb_
FNDA:0,_RNCNvMs0_NtNtCsCIJ9D7Igft_15webhook_gateway9providers7loggingNtB7_16StructuredLogger9log_error0Bb_
FNDA:0,_RNCNvMs0_NtNtCsCIJ9D7Igft_15webhook_gateway9providers7loggingNtB7_16StructuredLogger9log_errors_0Bb_
FNDA:0,_RNCNvXs_NtNtCsCIJ9D7Igft_15webhook_gateway9providers7loggingNtB6_22ConfigurableFileWriterNtNtNtCs9bzs8o7GlWW_18tracing_subscriber3fmt6writer10MakeWriter11make_writer0Ba_
FNDA:0,_RNCNvXs_NtNtCsCIJ9D7Igft_15webhook_gateway9providers7loggingNtB6_22ConfigurableFileWriterNtNtNtCs9bzs8o7GlWW_18tracing_subscriber3fmt6writer10MakeWriter11make_writers_0Ba_
FNDA:0,_RNvMNtNtCsCIJ9D7Igft_15webhook_gateway9providers7loggingNtB2_22ConfigurableFileWriter3new
FNDA:0,_RNvMs0_NtNtCsCIJ9D7Igft_15webhook_gateway9providers7loggingNtB5_16StructuredLogger11log_warning
FNDA:0,_RNvMs0_NtNtCsCIJ9D7Igft_15webhook_gateway9providers7loggingNtB5_16StructuredLogger4init
FNDA:0,_RNvMs0_NtNtCsCIJ9D7Igft_15webhook_gateway9providers7loggingNtB5_16StructuredLogger8log_info
FNDA:0,_RNvMs0_NtNtCsCIJ9D7Igft_15webhook_gateway9providers7loggingNtB5_16StructuredLogger9log_error
FNDA:0,_RNvXs_NtNtCsCIJ9D7Igft_15webhook_gateway9providers7loggingNtB4_22ConfigurableFileWriterNtNtNtCs9bzs8o7GlWW_18tracing_subscriber3fmt6writer10MakeWriter11make_writer
FNF:15
FNH:13
DA:17,2
DA:19,2
DA:20,2
DA:21,2
DA:29,34
DA:30,34
DA:31,34
DA:33,0
DA:36,34
DA:37,34
DA:43,34
DA:44,34
DA:45,34
DA:46,0
DA:48,34
DA:49,34
DA:50,34
DA:51,34
DA:52,34
DA:54,34
DA:55,34
DA:63,2
DA:64,2
DA:65,2
DA:66,0
DA:67,0
DA:68,0
DA:69,0
DA:70,0
DA:74,2
DA:75,2
DA:76,2
DA:77,2
DA:79,2
DA:81,2
DA:84,2
DA:86,2
DA:87,2
DA:88,2
DA:89,2
DA:90,2
DA:91,0
DA:92,0
DA:93,0
DA:94,0
DA:95,0
DA:96,0
DA:98,2
DA:99,2
DA:101,34
DA:102,34
DA:103,34
DA:104,34
DA:105,34
DA:106,34
DA:107,34
DA:108,34
DA:109,34
DA:110,34
DA:112,34
DA:113,34
DA:115,0
DA:118,34
DA:119,34
DA:121,34
DA:122,34
DA:123,34
DA:125,34
DA:126,34
DA:127,34
DA:130,34
DA:131,34
DA:133,120
DA:134,120
DA:135,120
DA:136,120
DA:137,120
DA:138,120
DA:139,120
DA:140,120
DA:141,120
DA:142,120
DA:143,120
DA:145,120
DA:146,119
DA:148,1
DA:151,120
DA:152,120
DA:154,120
DA:155,120
DA:156,120
DA:157,120
DA:158,120
DA:161,120
DA:162,2
DA:163,2
DA:164,6
DA:165,4
DA:166,4
DA:167,0
DA:168,0
DA:169,118
DA:171,120
DA:172,120
DA:174,8
DA:175,8
DA:176,8
DA:177,8
DA:178,8
DA:179,8
DA:180,8
DA:181,8
DA:182,8
DA:183,8
DA:185,8
DA:186,8
DA:188,0
DA:191,8
DA:192,8
DA:194,8
DA:195,8
DA:196,8
DA:197,8
DA:198,8
DA:201,8
DA:202,8
BRF:0
BRH:0
LF:135
LH:116
end_of_record
SF:D:\Rust\permata-gateway\src\services\permata_callbackstatus_client.rs
FN:40,_RNvMNtNtCsi5KG3Qgn1dg_15webhook_gateway8services29permata_callbackstatus_clientNtB2_27PermataCallbackStatusClient12send_webhook
FN:94,_RNvMNtNtCsi5KG3Qgn1dg_15webhook_gateway8services29permata_callbackstatus_clientNtB2_27PermataCallbackStatusClient20make_webhook_request
FN:197,_RNvMNtNtCsi5KG3Qgn1dg_15webhook_gateway8services29permata_callbackstatus_clientNtB2_27PermataCallbackStatusClient23is_authentication_error
FN:44,_RNvMNtNtCsi5KG3Qgn1dg_15webhook_gateway8services29permata_callbackstatus_clientNtB2_27PermataCallbackStatusClient25send_webhook_with_context
FN:25,_RNvMNtNtCsi5KG3Qgn1dg_15webhook_gateway8services29permata_callbackstatus_clientNtB2_27PermataCallbackStatusClient3new
FN:187,_RNvMNtNtCsi5KG3Qgn1dg_15webhook_gateway8services29permata_callbackstatus_clientNtB2_27PermataCallbackStatusClient8shutdown
FN:40,_RNCNvMNtNtCsi5KG3Qgn1dg_15webhook_gateway8services29permata_callbackstatus_clientNtB4_27PermataCallbackStatusClient12send_webhook0B8_
FN:187,_RNCNvMNtNtCsi5KG3Qgn1dg_15webhook_gateway8services29permata_callbackstatus_clientNtB4_27PermataCallbackStatusClient8shutdown0B8_
FN:100,_RNCNvMNtNtCsi5KG3Qgn1dg_15webhook_gateway8services29permata_callbackstatus_clientNtB4_27PermataCallbackStatusClient20make_webhook_request0B8_
FN:44,_RNCNvMNtNtCsi5KG3Qgn1dg_15webhook_gateway8services29permata_callbackstatus_clientNtB4_27PermataCallbackStatusClient25send_webhook_with_context0B8_
FN:40,_RNCNvMNtNtCsCIJ9D7Igft_15webhook_gateway8services29permata_callbackstatus_clientNtB4_27PermataCallbackStatusClient12send_webhook0B8_
FN:100,_RNCNvMNtNtCsCIJ9D7Igft_15webhook_gateway8services29permata_callbackstatus_clientNtB4_27PermataCallbackStatusClient20make_webhook_request0B8_
FN:44,_RNCNvMNtNtCsCIJ9D7Igft_15webhook_gateway8services29permata_callbackstatus_clientNtB4_27PermataCallbackStatusClient25send_webhook_with_context0B8_
FN:187,_RNCNvMNtNtCsCIJ9D7Igft_15webhook_gateway8services29permata_callbackstatus_clientNtB4_27PermataCallbackStatusClient8shutdown0B8_
FN:40,_RNvMNtNtCsCIJ9D7Igft_15webhook_gateway8services29permata_callbackstatus_clientNtB2_27PermataCallbackStatusClient12send_webhook
FN:94,_RNvMNtNtCsCIJ9D7Igft_15webhook_gateway8services29permata_callbackstatus_clientNtB2_27PermataCallbackStatusClient20make_webhook_request
FN:197,_RNvMNtNtCsCIJ9D7Igft_15webhook_gateway8services29permata_callbackstatus_clientNtB2_27PermataCallbackStatusClient23is_authentication_error
FN:44,_RNvMNtNtCsCIJ9D7Igft_15webhook_gateway8services29permata_callbackstatus_clientNtB2_27PermataCallbackStatusClient25send_webhook_with_context
FN:25,_RNvMNtNtCsCIJ9D7Igft_15webhook_gateway8services29permata_callbackstatus_clientNtB2_27PermataCallbackStatusClient3new
FN:187,_RNvMNtNtCsCIJ9D7Igft_15webhook_gateway8services29permata_callbackstatus_clientNtB2_27PermataCallbackStatusClient8shutdown
FN:187,_RNCNvMNtNtCsi5KG3Qgn1dg_15webhook_gateway8services29permata_callbackstatus_clientNtB4_27PermataCallbackStatusClient8shutdown0CsbHPL70yHWol_15webhook_gateway
FNDA:0,_RNvMNtNtCsi5KG3Qgn1dg_15webhook_gateway8services29permata_callbackstatus_clientNtB2_27PermataCallbackStatusClient12send_webhook
FNDA:2,_RNvMNtNtCsi5KG3Qgn1dg_15webhook_gateway8services29permata_callbackstatus_clientNtB2_27PermataCallbackStatusClient20make_webhook_request
FNDA:2,_RNvMNtNtCsi5KG3Qgn1dg_15webhook_gateway8services29permata_callbackstatus_clientNtB2_27PermataCallbackStatusClient23is_authentication_error
FNDA:2,_RNvMNtNtCsi5KG3Qgn1dg_15webhook_gateway8services29permata_callbackstatus_clientNtB2_27PermataCallbackStatusClient25send_webhook_with_context
FNDA:8,_RNvMNtNtCsi5KG3Qgn1dg_15webhook_gateway8services29permata_callbackstatus_clientNtB2_27PermataCallbackStatusClient3new
FNDA:0,_RNvMNtNtCsi5KG3Qgn1dg_15webhook_gateway8services29permata_callbackstatus_clientNtB2_27PermataCallbackStatusClient8shutdown
FNDA:0,_RNCNvMNtNtCsi5KG3Qgn1dg_15webhook_gateway8services29permata_callbackstatus_clientNtB4_27PermataCallbackStatusClient12send_webhook0B8_
FNDA:0,_RNCNvMNtNtCsi5KG3Qgn1dg_15webhook_gateway8services29permata_callbackstatus_clientNtB4_27PermataCallbackStatusClient8shutdown0B8_
FNDA:2,_RNCNvMNtNtCsi5KG3Qgn1dg_15webhook_gateway8services29permata_callbackstatus_clientNtB4_27PermataCallbackStatusClient20make_webhook_request0B8_
FNDA:2,_RNCNvMNtNtCsi5KG3Qgn1dg_15webhook_gateway8services29permata_callbackstatus_clientNtB4_27PermataCallbackStatusClient25send_webhook_with_context0B8_
FNDA:0,_RNCNvMNtNtCsCIJ9D7Igft_15webhook_gateway8services29permata_callbackstatus_clientNtB4_27PermataCallbackStatusClient12send_webhook0B8_
FNDA:0,_RNCNvMNtNtCsCIJ9D7Igft_15webhook_gateway8services29permata_callbackstatus_clientNtB4_27PermataCallbackStatusClient20make_webhook_request0B8_
FNDA:0,_RNCNvMNtNtCsCIJ9D7Igft_15webhook_gateway8services29permata_callbackstatus_clientNtB4_27PermataCallbackStatusClient25send_webhook_with_context0B8_
FNDA:0,_RNCNvMNtNtCsCIJ9D7Igft_15webhook_gateway8services29permata_callbackstatus_clientNtB4_27PermataCallbackStatusClient8shutdown0B8_
FNDA:0,_RNvMNtNtCsCIJ9D7Igft_15webhook_gateway8services29permata_callbackstatus_clientNtB2_27PermataCallbackStatusClient12send_webhook
FNDA:0,_RNvMNtNtCsCIJ9D7Igft_15webhook_gateway8services29permata_callbackstatus_clientNtB2_27PermataCallbackStatusClient20make_webhook_request
FNDA:0,_RNvMNtNtCsCIJ9D7Igft_15webhook_gateway8services29permata_callbackstatus_clientNtB2_27PermataCallbackStatusClient23is_authentication_error
FNDA:0,_RNvMNtNtCsCIJ9D7Igft_15webhook_gateway8services29permata_callbackstatus_clientNtB2_27PermataCallbackStatusClient25send_webhook_with_context
FNDA:0,_RNvMNtNtCsCIJ9D7Igft_15webhook_gateway8services29permata_callbackstatus_clientNtB2_27PermataCallbackStatusClient3new
FNDA:0,_RNvMNtNtCsCIJ9D7Igft_15webhook_gateway8services29permata_callbackstatus_clientNtB2_27PermataCallbackStatusClient8shutdown
FNDA:0,_RNCNvMNtNtCsi5KG3Qgn1dg_15webhook_gateway8services29permata_callbackstatus_clientNtB4_27PermataCallbackStatusClient8shutdown0CsbHPL70yHWol_15webhook_gateway
FNF:10
FNH:6
DA:25,8
DA:26,8
DA:27,8
DA:28,8
DA:29,8
DA:31,8
DA:33,8
DA:34,8
DA:35,8
DA:36,8
DA:37,8
DA:38,8
DA:40,0
DA:41,0
DA:42,0
DA:44,2
DA:45,2
DA:47,2
DA:49,2
DA:50,2
DA:51,0
DA:52,0
DA:53,0
DA:54,0
DA:55,0
DA:56,0
DA:58,0
DA:60,2
DA:62,2
DA:63,2
DA:64,2
DA:65,2
DA:66,2
DA:68,2
DA:69,0
DA:71,0
DA:72,0
DA:73,0
DA:74,0
DA:75,0
DA:76,0
DA:77,0
DA:79,0
DA:80,0
DA:81,0
DA:82,0
DA:83,0
DA:84,0
DA:85,0
DA:86,0
DA:91,0
DA:92,2
DA:94,2
DA:95,2
DA:96,2
DA:97,2
DA:98,2
DA:99,2
DA:100,2
DA:102,2
DA:105,0
DA:106,0
DA:107,0
DA:108,0
DA:112,0
DA:113,0
DA:114,0
DA:115,0
DA:116,0
DA:117,0
DA:118,0
DA:120,0
DA:121,0
DA:122,0
DA:123,0
DA:124,0
DA:127,0
DA:128,0
DA:129,0
DA:130,0
DA:131,0
DA:132,0
DA:133,0
DA:134,0
DA:135,0
DA:136,0
DA:138,0
DA:139,0
DA:141,0
DA:142,0
DA:143,0
DA:144,0
DA:147,0
DA:149,0
DA:152,0
DA:153,0
DA:156,0
DA:157,0
DA:158,0
DA:159,0
DA:160,0
DA:161,0
DA:162,0
DA:163,0
DA:164,0
DA:166,0
DA:167,0
DA:168,0
DA:169,0
DA:173,0
DA:174,0
DA:175,0
DA:176,0
DA:177,0
DA:178,0
DA:181,0
DA:182,0
DA:183,0
DA:184,0
DA:185,2
DA:187,0
DA:188,0
DA:189,0
DA:190,0
DA:191,0
DA:192,0
DA:194,0
DA:195,0
DA:197,2
DA:198,2
DA:199,2
DA:200,0
DA:202,0
DA:203,0
DA:204,0
DA:205,0
DA:206,0
DA:207,0
DA:208,0
DA:211,2
BRF:0
BRH:0
LF:144
LH:40
end_of_record
SF:D:\Rust\permata-gateway\src\services\permata_login.rs
FN:108,_RNCNCNvMNtNtCsi5KG3Qgn1dg_15webhook_gateway8services13permata_loginNtB6_12LoginHandler28start_periodic_token_refresh00Ba_
FN:129,_RNCNvMNtNtCsi5KG3Qgn1dg_15webhook_gateway8services13permata_loginNtB4_12LoginHandler18login_with_context0B8_
FN:54,_RNCNvMNtNtCsi5KG3Qgn1dg_15webhook_gateway8services13permata_loginNtB4_12LoginHandler22get_token_with_context0B8_
FN:104,_RNCNvMNtNtCsi5KG3Qgn1dg_15webhook_gateway8services13permata_loginNtB4_12LoginHandler28start_periodic_token_refresh0B8_
FN:170,_RNCNvMNtNtCsi5KG3Qgn1dg_15webhook_gateway8services13permata_loginNtB4_12LoginHandler31make_login_request_with_context0B8_
FN:267,_RNCNvMNtNtCsi5KG3Qgn1dg_15webhook_gateway8services13permata_loginNtB4_12LoginHandler8shutdown0B8_
FN:50,_RNCNvMNtNtCsi5KG3Qgn1dg_15webhook_gateway8services13permata_loginNtB4_12LoginHandler9get_token0B8_
FN:235,_RNvMNtNtCsi5KG3Qgn1dg_15webhook_gateway8services13permata_loginNtB2_12LoginHandler11clear_cache
FN:253,_RNvMNtNtCsi5KG3Qgn1dg_15webhook_gateway8services13permata_loginNtB2_12LoginHandler14stop_scheduler
FN:262,_RNvMNtNtCsi5KG3Qgn1dg_15webhook_gateway8services13permata_loginNtB2_12LoginHandler18get_scheduler_info
FN:129,_RNvMNtNtCsi5KG3Qgn1dg_15webhook_gateway8services13permata_loginNtB2_12LoginHandler18login_with_context
FN:258,_RNvMNtNtCsi5KG3Qgn1dg_15webhook_gateway8services13permata_loginNtB2_12LoginHandler19is_scheduler_active
FN:54,_RNvMNtNtCsi5KG3Qgn1dg_15webhook_gateway8services13permata_loginNtB2_12LoginHandler22get_token_with_context
FN:239,_RNvMNtNtCsi5KG3Qgn1dg_15webhook_gateway8services13permata_loginNtB2_12LoginHandler24clear_cache_with_context
FN:99,_RNvMNtNtCsi5KG3Qgn1dg_15webhook_gateway8services13permata_loginNtB2_12LoginHandler28start_periodic_token_refresh
FN:170,_RNvMNtNtCsi5KG3Qgn1dg_15webhook_gateway8services13permata_loginNtB2_12LoginHandler31make_login_request_with_context
FN:29,_RNvMNtNtCsi5KG3Qgn1dg_15webhook_gateway8services13permata_loginNtB2_12LoginHandler3new
FN:267,_RNvMNtNtCsi5KG3Qgn1dg_15webhook_gateway8services13permata_loginNtB2_12LoginHandler8shutdown
FN:50,_RNvMNtNtCsi5KG3Qgn1dg_15webhook_gateway8services13permata_loginNtB2_12LoginHandler9get_token
FN:108,_RNCNCNvMNtNtCsCIJ9D7Igft_15webhook_gateway8services13permata_loginNtB6_12LoginHandler28start_periodic_token_refresh00Ba_
FN:129,_RNCNvMNtNtCsCIJ9D7Igft_15webhook_gateway8services13permata_loginNtB4_12LoginHandler18login_with_context0B8_
FN:54,_RNCNvMNtNtCsCIJ9D7Igft_15webhook_gateway8services13permata_loginNtB4_12LoginHandler22get_token_with_context0B8_
FN:104,_RNCNvMNtNtCsCIJ9D7Igft_15webhook_gateway8services13permata_loginNtB4_12LoginHandler28start_periodic_token_refresh0B8_
FN:170,_RNCNvMNtNtCsCIJ9D7Igft_15webhook_gateway8services13permata_loginNtB4_12LoginHandler31make_login_request_with_context0B8_
FN:267,_RNCNvMNtNtCsCIJ9D7Igft_15webhook_gateway8services13permata_loginNtB4_12LoginHandler8shutdown0B8_
FN:50,_RNCNvMNtNtCsCIJ9D7Igft_15webhook_gateway8services13permata_loginNtB4_12LoginHandler9get_token0B8_
FN:235,_RNvMNtNtCsCIJ9D7Igft_15webhook_gateway8services13permata_loginNtB2_12LoginHandler11clear_cache
FN:253,_RNvMNtNtCsCIJ9D7Igft_15webhook_gateway8services13permata_loginNtB2_12LoginHandler14stop_scheduler
FN:262,_RNvMNtNtCsCIJ9D7Igft_15webhook_gateway8services13permata_loginNtB2_12LoginHandler18get_scheduler_info
FN:129,_RNvMNtNtCsCIJ9D7Igft_15webhook_gateway8services13permata_loginNtB2_12LoginHandler18login_with_context
FN:258,_RNvMNtNtCsCIJ9D7Igft_15webhook_gateway8services13permata_loginNtB2_12LoginHandler19is_scheduler_active
FN:54,_RNvMNtNtCsCIJ9D7Igft_15webhook_gateway8services13permata_loginNtB2_12LoginHandler22get_token_with_context
FN:239,_RNvMNtNtCsCIJ9D7Igft_15webhook_gateway8services13permata_loginNtB2_12LoginHandler24clear_cache_with_context
FN:99,_RNvMNtNtCsCIJ9D7Igft_15webhook_gateway8services13permata_loginNtB2_12LoginHandler28start_periodic_token_refresh
FN:170,_RNvMNtNtCsCIJ9D7Igft_15webhook_gateway8services13permata_loginNtB2_12LoginHandler31make_login_request_with_context
FN:29,_RNvMNtNtCsCIJ9D7Igft_15webhook_gateway8services13permata_loginNtB2_12LoginHandler3new
FN:267,_RNvMNtNtCsCIJ9D7Igft_15webhook_gateway8services13permata_loginNtB2_12LoginHandler8shutdown
FN:50,_RNvMNtNtCsCIJ9D7Igft_15webhook_gateway8services13permata_loginNtB2_12LoginHandler9get_token
FN:267,_RNCNvMNtNtCsi5KG3Qgn1dg_15webhook_gateway8services13permata_loginNtB4_12LoginHandler8shutdown0CsbHPL70yHWol_15webhook_gateway
FNDA:2,_RNCNCNvMNtNtCsi5KG3Qgn1dg_15webhook_gateway8services13permata_loginNtB6_12LoginHandler28start_periodic_token_refresh00Ba_
FNDA:4,_RNCNvMNtNtCsi5KG3Qgn1dg_15webhook_gateway8services13permata_loginNtB4_12LoginHandler18login_with_context0B8_
FNDA:4,_RNCNvMNtNtCsi5KG3Qgn1dg_15webhook_gateway8services13permata_loginNtB4_12LoginHandler22get_token_with_context0B8_
FNDA:2,_RNCNvMNtNtCsi5KG3Qgn1dg_15webhook_gateway8services13permata_loginNtB4_12LoginHandler28start_periodic_token_refresh0B8_
FNDA:12,_RNCNvMNtNtCsi5KG3Qgn1dg_15webhook_gateway8services13permata_loginNtB4_12LoginHandler31make_login_request_with_context0B8_
FNDA:0,_RNCNvMNtNtCsi5KG3Qgn1dg_15webhook_gateway8services13permata_loginNtB4_12LoginHandler8shutdown0B8_
FNDA:0,_RNCNvMNtNtCsi5KG3Qgn1dg_15webhook_gateway8services13permata_loginNtB4_12LoginHandler9get_token0B8_
FNDA:2,_RNvMNtNtCsi5KG3Qgn1dg_15webhook_gateway8services13permata_loginNtB2_12LoginHandler11clear_cache
FNDA:0,_RNvMNtNtCsi5KG3Qgn1dg_15webhook_gateway8services13permata_loginNtB2_12LoginHandler14stop_scheduler
FNDA:0,_RNvMNtNtCsi5KG3Qgn1dg_15webhook_gateway8services13permata_loginNtB2_12LoginHandler18get_scheduler_info
FNDA:4,_RNvMNtNtCsi5KG3Qgn1dg_15webhook_gateway8services13permata_loginNtB2_12LoginHandler18login_with_context
FNDA:0,_RNvMNtNtCsi5KG3Qgn1dg_15webhook_gateway8services13permata_loginNtB2_12LoginHandler19is_scheduler_active
FNDA:4,_RNvMNtNtCsi5KG3Qgn1dg_15webhook_gateway8services13permata_loginNtB2_12LoginHandler22get_token_with_context
FNDA:2,_RNvMNtNtCsi5KG3Qgn1dg_15webhook_gateway8services13permata_loginNtB2_12LoginHandler24clear_cache_with_context
FNDA:12,_RNvMNtNtCsi5KG3Qgn1dg_15webhook_gateway8services13permata_loginNtB2_12LoginHandler28start_periodic_token_refresh
FNDA:12,_RNvMNtNtCsi5KG3Qgn1dg_15webhook_gateway8services13permata_loginNtB2_12LoginHandler31make_login_request_with_context
FNDA:12,_RNvMNtNtCsi5KG3Qgn1dg_15webhook_gateway8services13permata_loginNtB2_12LoginHandler3new
FNDA:0,_RNvMNtNtCsi5KG3Qgn1dg_15webhook_gateway8services13permata_loginNtB2_12LoginHandler8shutdown
FNDA:0,_RNvMNtNtCsi5KG3Qgn1dg_15webhook_gateway8services13permata_loginNtB2_12LoginHandler9get_token
FNDA:0,_RNCNCNvMNtNtCsCIJ9D7Igft_15webhook_gateway8services13permata_loginNtB6_12LoginHandler28start_periodic_token_refresh00Ba_
FNDA:0,_RNCNvMNtNtCsCIJ9D7Igft_15webhook_gateway8services13permata_loginNtB4_12LoginHandler18login_with_context0B8_
FNDA:0,_RNCNvMNtNtCsCIJ9D7Igft_15webhook_gateway8services13permata_loginNtB4_12LoginHandler22get_token_with_context0B8_
FNDA:0,_RNCNvMNtNtCsCIJ9D7Igft_15webhook_gateway8services13permata_loginNtB4_12LoginHandler28start_periodic_token_refresh0B8_
FNDA:0,_RNCNvMNtNtCsCIJ9D7Igft_15webhook_gateway8services13permata_loginNtB4_12LoginHandler31make_login_request_with_context0B8_
FNDA:0,_RNCNvMNtNtCsCIJ9D7Igft_15webhook_gateway8services13permata_loginNtB4_12LoginHandler8shutdown0B8_
FNDA:0,_RNCNvMNtNtCsCIJ9D7Igft_15webhook_gateway8services13permata_loginNtB4_12LoginHandler9get_token0B8_
FNDA:0,_RNvMNtNtCsCIJ9D7Igft_15webhook_gateway8services13permata_loginNtB2_12LoginHandler11clear_cache
FNDA:0,_RNvMNtNtCsCIJ9D7Igft_15webhook_gateway8services13permata_loginNtB2_12LoginHandler14stop_scheduler
FNDA:0,_RNvMNtNtCsCIJ9D7Igft_15webhook_gateway8services13permata_loginNtB2_12LoginHandler18get_scheduler_info
FNDA:0,_RNvMNtNtCsCIJ9D7Igft_15webhook_gateway8services13permata_loginNtB2_12LoginHandler18login_with_context
FNDA:0,_RNvMNtNtCsCIJ9D7Igft_15webhook_gateway8services13permata_loginNtB2_12LoginHandler19is_scheduler_active
FNDA:0,_RNvMNtNtCsCIJ9D7Igft_15webhook_gateway8services13permata_loginNtB2_12LoginHandler22get_token_with_context
FNDA:0,_RNvMNtNtCsCIJ9D7Igft_15webhook_gateway8services13permata_loginNtB2_12LoginHandler24clear_cache_with_context
FNDA:0,_RNvMNtNtCsCIJ9D7Igft_15webhook_gateway8services13permata_loginNtB2_12LoginHandler28start_periodic_token_refresh
FNDA:0,_RNvMNtNtCsCIJ9D7Igft_15webhook_gateway8services13permata_loginNtB2_12LoginHandler31make_login_request_with_context
FNDA:0,_RNvMNtNtCsCIJ9D7Igft_15webhook_gateway8services13permata_loginNtB2_12LoginHandler3new
FNDA:0,_RNvMNtNtCsCIJ9D7Igft_15webhook_gateway8services13permata_loginNtB2_12LoginHandler8shutdown
FNDA:0,_RNvMNtNtCsCIJ9D7Igft_15webhook_gateway8services13permata_loginNtB2_12LoginHandler9get_token
FNDA:0,_RNCNvMNtNtCsi5KG3Qgn1dg_15webhook_gateway8services13permata_loginNtB4_12LoginHandler8shutdown0CsbHPL70yHWol_15webhook_gateway
FNF:19
FNH:12
DA:29,12
DA:30,12
DA:31,12
DA:32,12
DA:33,12
DA:35,12
DA:37,12
DA:38,12
DA:39,12
DA:40,12
DA:41,12
DA:42,12
DA:45,12
DA:47,12
DA:48,12
DA:50,0
DA:51,0
DA:52,0
DA:54,4
DA:55,4
DA:59,4
DA:60,4
DA:61,0
DA:62,0
DA:63,0
DA:64,0
DA:65,0
DA:66,0
DA:68,0
DA:69,0
DA:70,4
DA:74,4
DA:75,4
DA:76,4
DA:77,4
DA:78,4
DA:80,4
DA:83,0
DA:84,0
DA:85,0
DA:86,0
DA:87,0
DA:89,0
DA:90,0
DA:91,0
DA:92,0
DA:96,0
DA:97,4
DA:99,12
DA:100,12
DA:101,12
DA:104,12
DA:105,2
DA:106,2
DA:108,2
DA:109,2
DA:110,2
DA:111,2
DA:112,2
DA:113,2
DA:117,2
DA:118,2
DA:119,2
DA:120,2
DA:123,2
DA:124,2
DA:125,2
DA:126,2
DA:127,12
DA:129,4
DA:130,4
DA:131,4
DA:133,4
DA:135,12
DA:136,12
DA:137,0
DA:138,0
DA:139,0
DA:140,0
DA:141,0
DA:142,0
DA:144,0
DA:146,12
DA:147,12
DA:148,12
DA:149,8
DA:150,8
DA:151,8
DA:152,8
DA:154,8
DA:155,4
DA:156,4
DA:157,4
DA:158,4
DA:159,4
DA:160,4
DA:161,4
DA:162,4
DA:167,4
DA:168,4
DA:170,12
DA:172,12
DA:173,12
DA:174,12
DA:175,12
DA:178,12
DA:179,12
DA:182,12
DA:183,12
DA:184,12
DA:185,12
DA:186,12
DA:187,0
DA:189,12
DA:190,12
DA:191,12
DA:192,12
DA:193,12
DA:194,12
DA:195,12
DA:196,12
DA:197,12
DA:198,12
DA:200,12
DA:201,12
DA:202,12
DA:203,12
DA:205,12
DA:206,12
DA:207,12
DA:208,12
DA:212,12
DA:213,12
DA:214,12
DA:215,12
DA:216,12
DA:217,12
DA:219,12
DA:220,12
DA:221,12
DA:222,0
DA:224,0
DA:225,0
DA:226,0
DA:227,0
DA:228,0
DA:229,0
DA:232,0
DA:233,12
DA:235,2
DA:236,2
DA:237,2
DA:239,2
DA:240,2
DA:241,2
DA:242,2
DA:243,2
DA:244,2
DA:245,2
DA:246,2
DA:250,2
DA:251,2
DA:253,0
DA:254,0
DA:255,0
DA:258,0
DA:259,0
DA:260,0
DA:262,0
DA:263,0
DA:264,0
DA:267,0
DA:268,0
DA:269,0
DA:270,0
DA:271,0
DA:272,0
DA:274,0
DA:275,0
BRF:0
BRH:0
LF:185
LH:129
end_of_record
SF:D:\Rust\permata-gateway\src\services\telegram_alert.rs
FN:25,_RNvMNtNtCsi5KG3Qgn1dg_15webhook_gateway8services14telegram_alertNtB2_20TelegramAlertService16send_error_alert
FN:16,_RNvMNtNtCsi5KG3Qgn1dg_15webhook_gateway8services14telegram_alertNtB2_20TelegramAlertService3new
FN:29,_RNCNvMNtNtCsi5KG3Qgn1dg_15webhook_gateway8services14telegram_alertNtB4_20TelegramAlertService16send_error_alert0B8_
FN:32,_RNCNvMNtNtCsi5KG3Qgn1dg_15webhook_gateway8services14telegram_alertNtB4_20TelegramAlertService16send_error_alerts_0B8_
FN:29,_RNCNvMNtNtCsCIJ9D7Igft_15webhook_gateway8services14telegram_alertNtB4_20TelegramAlertService16send_error_alert0B8_
FN:32,_RNCNvMNtNtCsCIJ9D7Igft_15webhook_gateway8services14telegram_alertNtB4_20TelegramAlertService16send_error_alerts_0B8_
FN:25,_RNvMNtNtCsCIJ9D7Igft_15webhook_gateway8services14telegram_alertNtB2_20TelegramAlertService16send_error_alert
FN:16,_RNvMNtNtCsCIJ9D7Igft_15webhook_gateway8services14telegram_alertNtB2_20TelegramAlertService3new
FNDA:18,_RNvMNtNtCsi5KG3Qgn1dg_15webhook_gateway8services14telegram_alertNtB2_20TelegramAlertService16send_error_alert
FNDA:20,_RNvMNtNtCsi5KG3Qgn1dg_15webhook_gateway8services14telegram_alertNtB2_20TelegramAlertService3new
FNDA:16,_RNCNvMNtNtCsi5KG3Qgn1dg_15webhook_gateway8services14telegram_alertNtB4_20TelegramAlertService16send_error_alert0B8_
FNDA:14,_RNCNvMNtNtCsi5KG3Qgn1dg_15webhook_gateway8services14telegram_alertNtB4_20TelegramAlertService16send_error_alerts_0B8_
FNDA:0,_RNCNvMNtNtCsCIJ9D7Igft_15webhook_gateway8services14telegram_alertNtB4_20TelegramAlertService16send_error_alert0B8_
FNDA:0,_RNCNvMNtNtCsCIJ9D7Igft_15webhook_gateway8services14telegram_alertNtB4_20TelegramAlertService16send_error_alerts_0B8_
FNDA:0,_RNvMNtNtCsCIJ9D7Igft_15webhook_gateway8services14telegram_alertNtB2_20TelegramAlertService16send_error_alert
FNDA:0,_RNvMNtNtCsCIJ9D7Igft_15webhook_gateway8services14telegram_alertNtB2_20TelegramAlertService3new
FNF:4
FNH:4
DA:16,20
DA:17,20
DA:18,20
DA:19,20
DA:20,20
DA:22,20
DA:23,20
DA:25,18
DA:26,18
DA:27,18
DA:28,18
DA:29,18
DA:32,18
DA:33,14
DA:34,12
DA:35,12
DA:40,2
DA:41,2
DA:47,14
DA:48,14
DA:49,14
DA:50,14
DA:53,14
DA:54,14
DA:55,14
DA:56,14
DA:57,14
DA:58,14
DA:60,8
DA:61,8
DA:62,0
DA:63,0
DA:64,0
DA:65,0
DA:66,0
DA:67,8
DA:68,8
DA:69,8
DA:70,8
DA:71,8
DA:72,8
DA:75,0
DA:76,0
DA:77,0
DA:78,0
DA:79,0
DA:80,0
DA:82,8
DA:83,18
BRF:0
BRH:0
LF:51
LH:40
end_of_record
SF:D:\Rust\permata-gateway\src\services\token_scheduler.rs
FN:195,_RNvXs0_NtNtCsi5KG3Qgn1dg_15webhook_gateway8services15token_schedulerNtB5_14TokenSchedulerNtNtNtCsixiwFwjEgS7_4core3ops4drop4Drop4drop
FN:35,_RINvMNtNtCsi5KG3Qgn1dg_15webhook_gateway8services15token_schedulerNtB3_14TokenScheduler15start_schedulerNCNvMNtB5_13permata_loginNtB1J_12LoginHandler28start_periodic_token_refresh0NCNCB1G_00EB7_
FN:70,_RINvMNtNtCsi5KG3Qgn1dg_15webhook_gateway8services15token_schedulerNtB3_14TokenScheduler19spawn_periodic_taskNCNvMNtB5_13permata_loginNtB1N_12LoginHandler28start_periodic_token_refresh0NCNCB1K_00EB7_
FN:77,_RNCINvMNtNtCsi5KG3Qgn1dg_15webhook_gateway8services15token_schedulerNtB5_14TokenScheduler19spawn_periodic_taskNCNvMNtB7_13permata_loginNtB1P_12LoginHandler28start_periodic_token_refresh0NCNCB1M_00E0B9_
FN:54,_RINvMNtNtCsi5KG3Qgn1dg_15webhook_gateway8services15token_schedulerNtB3_14TokenScheduler22start_scheduler_simplepEB7_
FN:59,_RNCINvMNtNtCsi5KG3Qgn1dg_15webhook_gateway8services15token_schedulerNtB5_14TokenScheduler22start_scheduler_simplepE0B9_
FN:61,_RNCNCINvMNtNtCsi5KG3Qgn1dg_15webhook_gateway8services15token_schedulerNtB7_14TokenScheduler22start_scheduler_simplepE00Bb_
FN:167,_RNvMNtNtCsi5KG3Qgn1dg_15webhook_gateway8services15token_schedulerNtB2_14TokenScheduler10get_config
FN:27,_RNvMNtNtCsi5KG3Qgn1dg_15webhook_gateway8services15token_schedulerNtB2_14TokenScheduler11with_config
FN:172,_RNvMNtNtCsi5KG3Qgn1dg_15webhook_gateway8services15token_schedulerNtB2_14TokenScheduler13update_config
FN:135,_RNvMNtNtCsi5KG3Qgn1dg_15webhook_gateway8services15token_schedulerNtB2_14TokenScheduler14stop_scheduler
FN:155,_RNvMNtNtCsi5KG3Qgn1dg_15webhook_gateway8services15token_schedulerNtB2_14TokenScheduler18get_scheduler_info
FN:149,_RNvMNtNtCsi5KG3Qgn1dg_15webhook_gateway8services15token_schedulerNtB2_14TokenScheduler19is_scheduler_active
FN:21,_RNvMNtNtCsi5KG3Qgn1dg_15webhook_gateway8services15token_schedulerNtB2_14TokenScheduler3new
FN:177,_RNvMNtNtCsi5KG3Qgn1dg_15webhook_gateway8services15token_schedulerNtB2_14TokenScheduler8shutdown
FN:189,_RNvXs_NtNtCsi5KG3Qgn1dg_15webhook_gateway8services15token_schedulerNtB4_14TokenSchedulerNtNtCsixiwFwjEgS7_4core7default7Default7default
FN:35,_RINvMNtNtCsi5KG3Qgn1dg_15webhook_gateway8services15token_schedulerNtB3_14TokenScheduler15start_schedulerNCINvB2_22start_scheduler_simpleNCNCNCNvNtNtNtCs9d46slKhqCu_3lib4unit8services26token_scheduler_edge_casess_36test_concurrent_scheduler_operations000E0NCNCB1G_00EB2o_
FN:35,_RINvMNtNtCsi5KG3Qgn1dg_15webhook_gateway8services15token_schedulerNtB3_14TokenScheduler15start_schedulerNCINvB2_22start_scheduler_simpleNCNCNvNtNtNtCs9d46slKhqCu_3lib4unit8services21token_scheduler_testss_19test_scheduler_stop00E0NCNCB1G_00EB2m_
FN:35,_RINvMNtNtCsi5KG3Qgn1dg_15webhook_gateway8services15token_schedulerNtB3_14TokenScheduler15start_schedulerNCINvB2_22start_scheduler_simpleNCNCNvNtNtNtCs9d46slKhqCu_3lib4unit8services21token_scheduler_testss_23test_scheduler_shutdown00E0NCNCB1G_00EB2m_
FN:35,_RINvMNtNtCsi5KG3Qgn1dg_15webhook_gateway8services15token_schedulerNtB3_14TokenScheduler15start_schedulerNCINvB2_22start_scheduler_simpleNCNCNvNtNtNtCs9d46slKhqCu_3lib4unit8services21token_scheduler_testss_26test_scheduler_replacement00E0NCNCB1G_00EB2m_
FN:35,_RINvMNtNtCsi5KG3Qgn1dg_15webhook_gateway8services15token_schedulerNtB3_14TokenScheduler15start_schedulerNCINvB2_22start_scheduler_simpleNCNCNvNtNtNtCs9d46slKhqCu_3lib4unit8services21token_scheduler_testss_26test_scheduler_replacement0s_0E0NCNCB1G_00EB2m_
FN:35,_RINvMNtNtCsi5KG3Qgn1dg_15webhook_gateway8services15token_schedulerNtB3_14TokenScheduler15start_schedulerNCINvB2_22start_scheduler_simpleNCNCNvNtNtNtCs9d46slKhqCu_3lib4unit8services21token_scheduler_testss_32test_scheduler_config_validation00E0NCNCB1G_00EB2m_
FN:35,_RINvMNtNtCsi5KG3Qgn1dg_15webhook_gateway8services15token_schedulerNtB3_14TokenScheduler15start_schedulerNCINvB2_22start_scheduler_simpleNCNCNvNtNtNtCs9d46slKhqCu_3lib4unit8services26token_scheduler_edge_casess_31test_scheduler_info_consistency00E0NCNCB1G_00EB2m_
FN:35,_RINvMNtNtCsi5KG3Qgn1dg_15webhook_gateway8services15token_schedulerNtB3_14TokenScheduler15start_schedulerNCINvB2_22start_scheduler_simpleNCNCNvNtNtNtCs9d46slKhqCu_3lib4unit8services26token_scheduler_edge_casess_36test_scheduler_config_extreme_values00E0NCNCB1G_00EB2m_
FN:35,_RINvMNtNtCsi5KG3Qgn1dg_15webhook_gateway8services15token_schedulerNtB3_14TokenScheduler15start_schedulerNCINvB2_22start_scheduler_simpleNCNCNvNtNtNtCs9d46slKhqCu_3lib4unit8services26token_scheduler_edge_casess_51test_scheduler_simple_vs_async_callback_equivalence00E0NCNCB1G_00EB2m_
FN:35,_RINvMNtNtCsi5KG3Qgn1dg_15webhook_gateway8services15token_schedulerNtB3_14TokenScheduler15start_schedulerNCINvB2_22start_scheduler_simpleNCNCNvNtNtNtCs9d46slKhqCu_3lib4unit8services26token_scheduler_edge_casess_51test_scheduler_update_config_during_active_schedule00E0NCNCB1G_00EB2m_
FN:35,_RINvMNtNtCsi5KG3Qgn1dg_15webhook_gateway8services15token_schedulerNtB3_14TokenScheduler15start_schedulerNCINvB2_22start_scheduler_simpleNCNCNvNtNtNtCs9d46slKhqCu_3lib4unit8services30token_scheduler_periodic_testss_32test_periodic_scheduler_shutdown00E0NCNCB1G_00EB2m_
FN:35,_RINvMNtNtCsi5KG3Qgn1dg_15webhook_gateway8services15token_schedulerNtB3_14TokenScheduler15start_schedulerNCINvB2_22start_scheduler_simpleNCNCNvNtNtNtCs9d46slKhqCu_3lib4unit8services30token_scheduler_periodic_testss_34test_periodic_scheduler_start_stop00E0NCNCB1G_00EB2m_
FN:35,_RINvMNtNtCsi5KG3Qgn1dg_15webhook_gateway8services15token_schedulerNtB3_14TokenScheduler15start_schedulerNCINvB2_22start_scheduler_simpleNCNCNvNtNtNtCs9d46slKhqCu_3lib4unit8services30token_scheduler_periodic_testss_35test_periodic_scheduler_replacement00E0NCNCB1G_00EB2m_
FN:35,_RINvMNtNtCsi5KG3Qgn1dg_15webhook_gateway8services15token_schedulerNtB3_14TokenScheduler15start_schedulerNCINvB2_22start_scheduler_simpleNCNCNvNtNtNtCs9d46slKhqCu_3lib4unit8services30token_scheduler_periodic_testss_35test_periodic_scheduler_replacement0s_0E0NCNCB1G_00EB2m_
FN:35,_RINvMNtNtCsi5KG3Qgn1dg_15webhook_gateway8services15token_schedulerNtB3_14TokenScheduler15start_schedulerNCINvB2_22start_scheduler_simpleNCNCNvNtNtNtCs9d46slKhqCu_3lib4unit8services30token_scheduler_periodic_testss_37test_periodic_scheduler_drop_behavior00E0NCNCB1G_00EB2m_
FN:35,_RINvMNtNtCsi5KG3Qgn1dg_15webhook_gateway8services15token_schedulerNtB3_14TokenScheduler15start_schedulerNCNCNvNtNtNtCs9d46slKhqCu_3lib4unit8services26token_scheduler_edge_casess_28test_scheduler_drop_behavior00NCNCB1G_00EB1Q_
FN:35,_RINvMNtNtCsi5KG3Qgn1dg_15webhook_gateway8services15token_schedulerNtB3_14TokenScheduler15start_schedulerNCNCNvNtNtNtCs9d46slKhqCu_3lib4unit8services26token_scheduler_edge_casess_34test_multiple_rapid_schedule_calls00NCNCB1G_00EB1Q_
FN:35,_RINvMNtNtCsi5KG3Qgn1dg_15webhook_gateway8services15token_schedulerNtB3_14TokenScheduler15start_schedulerNCNCNvNtNtNtCs9d46slKhqCu_3lib4unit8services26token_scheduler_edge_casess_36test_scheduler_with_minimal_interval00NCNCB1G_00EB1Q_
FN:35,_RINvMNtNtCsi5KG3Qgn1dg_15webhook_gateway8services15token_schedulerNtB3_14TokenScheduler15start_schedulerNCNCNvNtNtNtCs9d46slKhqCu_3lib4unit8services26token_scheduler_edge_casess_38test_scheduler_callback_error_handling00NCNCB1G_00EB1Q_
FN:35,_RINvMNtNtCsi5KG3Qgn1dg_15webhook_gateway8services15token_schedulerNtB3_14TokenScheduler15start_schedulerNCNCNvNtNtNtCs9d46slKhqCu_3lib4unit8services26token_scheduler_edge_casess_51test_scheduler_simple_vs_async_callback_equivalence0s_0NCNCB1G_s_00EB1Q_
FN:35,_RINvMNtNtCsi5KG3Qgn1dg_15webhook_gateway8services15token_schedulerNtB3_14TokenScheduler15start_schedulerNCNCNvNtNtNtCs9d46slKhqCu_3lib4unit8services30token_scheduler_periodic_debugs_34test_scheduler_immediate_execution00NCNCB1G_00EB1Q_
FN:35,_RINvMNtNtCsi5KG3Qgn1dg_15webhook_gateway8services15token_schedulerNtB3_14TokenScheduler15start_schedulerNCNCNvNtNtNtCs9d46slKhqCu_3lib4unit8services30token_scheduler_periodic_debugs_34test_scheduler_runs_multiple_times00NCNCB1G_00EB1Q_
FN:35,_RINvMNtNtCsi5KG3Qgn1dg_15webhook_gateway8services15token_schedulerNtB3_14TokenScheduler15start_schedulerNCNCNvNtNtNtCs9d46slKhqCu_3lib4unit8services30token_scheduler_periodic_testss_38test_periodic_scheduler_async_callback00NCNCB1G_00EB1Q_
FN:70,_RINvMNtNtCsi5KG3Qgn1dg_15webhook_gateway8services15token_schedulerNtB3_14TokenScheduler19spawn_periodic_taskNCINvB2_22start_scheduler_simpleNCNCNCNvNtNtNtCs9d46slKhqCu_3lib4unit8services26token_scheduler_edge_casess_36test_concurrent_scheduler_operations000E0NCNCB1K_00EB2s_
FN:70,_RINvMNtNtCsi5KG3Qgn1dg_15webhook_gateway8services15token_schedulerNtB3_14TokenScheduler19spawn_periodic_taskNCINvB2_22start_scheduler_simpleNCNCNvNtNtNtCs9d46slKhqCu_3lib4unit8services21token_scheduler_testss_19test_scheduler_stop00E0NCNCB1K_00EB2q_
FN:70,_RINvMNtNtCsi5KG3Qgn1dg_15webhook_gateway8services15token_schedulerNtB3_14TokenScheduler19spawn_periodic_taskNCINvB2_22start_scheduler_simpleNCNCNvNtNtNtCs9d46slKhqCu_3lib4unit8services21token_scheduler_testss_23test_scheduler_shutdown00E0NCNCB1K_00EB2q_
FN:70,_RINvMNtNtCsi5KG3Qgn1dg_15webhook_gateway8services15token_schedulerNtB3_14TokenScheduler19spawn_periodic_taskNCINvB2_22start_scheduler_simpleNCNCNvNtNtNtCs9d46slKhqCu_3lib4unit8services21token_scheduler_testss_26test_scheduler_replacement00E0NCNCB1K_00EB2q_
FN:70,_RINvMNtNtCsi5KG3Qgn1dg_15webhook_gateway8services15token_schedulerNtB3_14TokenScheduler19spawn_periodic_taskNCINvB2_22start_scheduler_simpleNCNCNvNtNtNtCs9d46slKhqCu_3lib4unit8services21token_scheduler_testss_26test_scheduler_replacement0s_0E0NCNCB1K_00EB2q_
FN:70,_RINvMNtNtCsi5KG3Qgn1dg_15webhook_gateway8services15token_schedulerNtB3_14TokenScheduler19spawn_periodic_taskNCINvB2_22start_scheduler_simpleNCNCNvNtNtNtCs9d46slKhqCu_3lib4unit8services21token_scheduler_testss_32test_scheduler_config_validation00E0NCNCB1K_00EB2q_
FN:70,_RINvMNtNtCsi5KG3Qgn1dg_15webhook_gateway8services15token_schedulerNtB3_14TokenScheduler19spawn_periodic_taskNCINvB2_22start_scheduler_simpleNCNCNvNtNtNtCs9d46slKhqCu_3lib4unit8services26token_scheduler_edge_casess_31test_scheduler_info_consistency00E0NCNCB1K_00EB2q_
FN:70,_RINvMNtNtCsi5KG3Qgn1dg_15webhook_gateway8services15token_schedulerNtB3_14TokenScheduler19spawn_periodic_taskNCINvB2_22start_scheduler_simpleNCNCNvNtNtNtCs9d46slKhqCu_3lib4unit8services26token_scheduler_edge_casess_36test_scheduler_config_extreme_values00E0NCNCB1K_00EB2q_
FN:70,_RINvMNtNtCsi5KG3Qgn1dg_15webhook_gateway8services15token_schedulerNtB3_14TokenScheduler19spawn_periodic_taskNCINvB2_22start_scheduler_simpleNCNCNvNtNtNtCs9d46slKhqCu_3lib4unit8services26token_scheduler_edge_casess_51test_scheduler_simple_vs_async_callback_equivalence00E0NCNCB1K_00EB2q_
FN:70,_RINvMNtNtCsi5KG3Qgn1dg_15webhook_gateway8services15token_schedulerNtB3_14TokenScheduler19spawn_periodic_taskNCINvB2_22start_scheduler_simpleNCNCNvNtNtNtCs9d46slKhqCu_3lib4unit8services26token_scheduler_edge_casess_51test_scheduler_update_config_during_active_schedule00E0NCNCB1K_00EB2q_
FN:70,_RINvMNtNtCsi5KG3Qgn1dg_15webhook_gateway8services15token_schedulerNtB3_14TokenScheduler19spawn_periodic_taskNCINvB2_22start_scheduler_simpleNCNCNvNtNtNtCs9d46slKhqCu_3lib4unit8services30token_scheduler_periodic_testss_32test_periodic_scheduler_shutdown00E0NCNCB1K_00EB2q_
FN:70,_RINvMNtNtCsi5KG3Qgn1dg_15webhook_gateway8services15token_schedulerNtB3_14TokenScheduler19spawn_periodic_taskNCINvB2_22start_scheduler_simpleNCNCNvNtNtNtCs9d46slKhqCu_3lib4unit8services30token_scheduler_periodic_testss_34test_periodic_scheduler_start_stop00E0NCNCB1K_00EB2q_
FN:70,_RINvMNtNtCsi5KG3Qgn1dg_15webhook_gateway8services15token_schedulerNtB3_14TokenScheduler19spawn_periodic_taskNCINvB2_22start_scheduler_simpleNCNCNvNtNtNtCs9d46slKhqCu_3lib4unit8services30token_scheduler_periodic_testss_35test_periodic_scheduler_replacement00E0NCNCB1K_00EB2q_
FN:70,_RINvMNtNtCsi5KG3Qgn1dg_15webhook_gateway8services15token_schedulerNtB3_14TokenScheduler19spawn_periodic_taskNCINvB2_22start_scheduler_simpleNCNCNvNtNtNtCs9d46slKhqCu_3lib4unit8services30token_scheduler_periodic_testss_35test_periodic_scheduler_replacement0s_0E0NCNCB1K_00EB2q_
FN:70,_RINvMNtNtCsi5KG3Qgn1dg_15webhook_gateway8services15token_schedulerNtB3_14TokenScheduler19spawn_periodic_taskNCINvB2_22start_scheduler_simpleNCNCNvNtNtNtCs9d46slKhqCu_3lib4unit8services30token_scheduler_periodic_testss_37test_periodic_scheduler_drop_behavior00E0NCNCB1K_00EB2q_
FN:70,_RINvMNtNtCsi5KG3Qgn1dg_15webhook_gateway8services15token_schedulerNtB3_14TokenScheduler19spawn_periodic_taskNCNCNvNtNtNtCs9d46slKhqCu_3lib4unit8services26token_scheduler_edge_casess_28test_scheduler_drop_behavior00NCNCB1K_00EB1U_
FN:70,_RINvMNtNtCsi5KG3Qgn1dg_15webhook_gateway8services15token_schedulerNtB3_14TokenScheduler19spawn_periodic_taskNCNCNvNtNtNtCs9d46slKhqCu_3lib4unit8services26token_scheduler_edge_casess_34test_multiple_rapid_schedule_calls00NCNCB1K_00EB1U_
FN:70,_RINvMNtNtCsi5KG3Qgn1dg_15webhook_gateway8services15token_schedulerNtB3_14TokenScheduler19spawn_periodic_taskNCNCNvNtNtNtCs9d46slKhqCu_3lib4unit8services26token_scheduler_edge_casess_36test_scheduler_with_minimal_interval00NCNCB1K_00EB1U_
FN:70,_RINvMNtNtCsi5KG3Qgn1dg_15webhook_gateway8services15token_schedulerNtB3_14TokenScheduler19spawn_periodic_taskNCNCNvNtNtNtCs9d46slKhqCu_3lib4unit8services26token_scheduler_edge_casess_38test_scheduler_callback_error_handling00NCNCB1K_00EB1U_
FN:70,_RINvMNtNtCsi5KG3Qgn1dg_15webhook_gateway8services15token_schedulerNtB3_14TokenScheduler19spawn_periodic_taskNCNCNvNtNtNtCs9d46slKhqCu_3lib4unit8services26token_scheduler_edge_casess_51test_scheduler_simple_vs_async_callback_equivalence0s_0NCNCB1K_s_00EB1U_
FN:70,_RINvMNtNtCsi5KG3Qgn1dg_15webhook_gateway8services15token_schedulerNtB3_14TokenScheduler19spawn_periodic_taskNCNCNvNtNtNtCs9d46slKhqCu_3lib4unit8services30token_scheduler_periodic_debugs_34test_scheduler_immediate_execution00NCNCB1K_00EB1U_
FN:70,_RINvMNtNtCsi5KG3Qgn1dg_15webhook_gateway8services15token_schedulerNtB3_14TokenScheduler19spawn_periodic_taskNCNCNvNtNtNtCs9d46slKhqCu_3lib4unit8services30token_scheduler_periodic_debugs_34test_scheduler_runs_multiple_times00NCNCB1K_00EB1U_
FN:70,_RINvMNtNtCsi5KG3Qgn1dg_15webhook_gateway8services15token_schedulerNtB3_14TokenScheduler19spawn_periodic_taskNCNCNvNtNtNtCs9d46slKhqCu_3lib4unit8services30token_scheduler_periodic_testss_38test_periodic_scheduler_async_callback00NCNCB1K_00EB1U_
FN:54,_RINvMNtNtCsi5KG3Qgn1dg_15webhook_gateway8services15token_schedulerNtB3_14TokenScheduler22start_scheduler_simpleNCNCNCNvNtNtNtCs9d46slKhqCu_3lib4unit8services26token_scheduler_edge_casess_36test_concurrent_scheduler_operations000EB1Z_
FN:54,_RINvMNtNtCsi5KG3Qgn1dg_15webhook_gateway8services15token_schedulerNtB3_14TokenScheduler22start_scheduler_simpleNCNCNvNtNtNtCs9d46slKhqCu_3lib4unit8services21token_scheduler_testss_19test_scheduler_stop00EB1X_
FN:54,_RINvMNtNtCsi5KG3Qgn1dg_15webhook_gateway8services15token_schedulerNtB3_14TokenScheduler22start_scheduler_simpleNCNCNvNtNtNtCs9d46slKhqCu_3lib4unit8services21token_scheduler_testss_23test_scheduler_shutdown00EB1X_
FN:54,_RINvMNtNtCsi5KG3Qgn1dg_15webhook_gateway8services15token_schedulerNtB3_14TokenScheduler22start_scheduler_simpleNCNCNvNtNtNtCs9d46slKhqCu_3lib4unit8services21token_scheduler_testss_26test_scheduler_replacement00EB1X_
FN:54,_RINvMNtNtCsi5KG3Qgn1dg_15webhook_gateway8services15token_schedulerNtB3_14TokenScheduler22start_scheduler_simpleNCNCNvNtNtNtCs9d46slKhqCu_3lib4unit8services21token_scheduler_testss_26test_scheduler_replacement0s_0EB1X_
FN:54,_RINvMNtNtCsi5KG3Qgn1dg_15webhook_gateway8services15token_schedulerNtB3_14TokenScheduler22start_scheduler_simpleNCNCNvNtNtNtCs9d46slKhqCu_3lib4unit8services21token_scheduler_testss_32test_scheduler_config_validation00EB1X_
FN:54,_RINvMNtNtCsi5KG3Qgn1dg_15webhook_gateway8services15token_schedulerNtB3_14TokenScheduler22start_scheduler_simpleNCNCNvNtNtNtCs9d46slKhqCu_3lib4unit8services26token_scheduler_edge_casess_31test_scheduler_info_consistency00EB1X_
FN:54,_RINvMNtNtCsi5KG3Qgn1dg_15webhook_gateway8services15token_schedulerNtB3_14TokenScheduler22start_scheduler_simpleNCNCNvNtNtNtCs9d46slKhqCu_3lib4unit8services26token_scheduler_edge_casess_36test_scheduler_config_extreme_values00EB1X_
FN:54,_RINvMNtNtCsi5KG3Qgn1dg_15webhook_gateway8services15token_schedulerNtB3_14TokenScheduler22start_scheduler_simpleNCNCNvNtNtNtCs9d46slKhqCu_3lib4unit8services26token_scheduler_edge_casess_51test_scheduler_simple_vs_async_callback_equivalence00EB1X_
FN:54,_RINvMNtNtCsi5KG3Qgn1dg_15webhook_gateway8services15token_schedulerNtB3_14TokenScheduler22start_scheduler_simpleNCNCNvNtNtNtCs9d46slKhqCu_3lib4unit8services26token_scheduler_edge_casess_51test_scheduler_update_config_during_active_schedule00EB1X_
FN:54,_RINvMNtNtCsi5KG3Qgn1dg_15webhook_gateway8services15token_schedulerNtB3_14TokenScheduler22start_scheduler_simpleNCNCNvNtNtNtCs9d46slKhqCu_3lib4unit8services30token_scheduler_periodic_testss_32test_periodic_scheduler_shutdown00EB1X_
FN:54,_RINvMNtNtCsi5KG3Qgn1dg_15webhook_gateway8services15token_schedulerNtB3_14TokenScheduler22start_scheduler_simpleNCNCNvNtNtNtCs9d46slKhqCu_3lib4unit8services30token_scheduler_periodic_testss_34test_periodic_scheduler_start_stop00EB1X_
FN:54,_RINvMNtNtCsi5KG3Qgn1dg_15webhook_gateway8services15token_schedulerNtB3_14TokenScheduler22start_scheduler_simpleNCNCNvNtNtNtCs9d46slKhqCu_3lib4unit8services30token_scheduler_periodic_testss_35test_periodic_scheduler_replacement00EB1X_
FN:54,_RINvMNtNtCsi5KG3Qgn1dg_15webhook_gateway8services15token_schedulerNtB3_14TokenScheduler22start_scheduler_simpleNCNCNvNtNtNtCs9d46slKhqCu_3lib4unit8services30token_scheduler_periodic_testss_35test_periodic_scheduler_replacement0s_0EB1X_
FN:54,_RINvMNtNtCsi5KG3Qgn1dg_15webhook_gateway8services15token_schedulerNtB3_14TokenScheduler22start_scheduler_simpleNCNCNvNtNtNtCs9d46slKhqCu_3lib4unit8services30token_scheduler_periodic_testss_37test_periodic_scheduler_drop_behavior00EB1X_
FN:77,_RNCINvMNtNtCsi5KG3Qgn1dg_15webhook_gateway8services15token_schedulerNtB5_14TokenScheduler19spawn_periodic_taskNCINvB4_22start_scheduler_simpleNCNCNCNvNtNtNtCs9d46slKhqCu_3lib4unit8services26token_scheduler_edge_casess_36test_concurrent_scheduler_operations000E0NCNCB1M_00E0B2u_
FN:77,_RNCINvMNtNtCsi5KG3Qgn1dg_15webhook_gateway8services15token_schedulerNtB5_14TokenScheduler19spawn_periodic_taskNCINvB4_22start_scheduler_simpleNCNCNvNtNtNtCs9d46slKhqCu_3lib4unit8services21token_scheduler_testss_19test_scheduler_stop00E0NCNCB1M_00E0B2s_
FN:77,_RNCINvMNtNtCsi5KG3Qgn1dg_15webhook_gateway8services15token_schedulerNtB5_14TokenScheduler19spawn_periodic_taskNCINvB4_22start_scheduler_simpleNCNCNvNtNtNtCs9d46slKhqCu_3lib4unit8services21token_scheduler_testss_23test_scheduler_shutdown00E0NCNCB1M_00E0B2s_
FN:77,_RNCINvMNtNtCsi5KG3Qgn1dg_15webhook_gateway8services15token_schedulerNtB5_14TokenScheduler19spawn_periodic_taskNCINvB4_22start_scheduler_simpleNCNCNvNtNtNtCs9d46slKhqCu_3lib4unit8services21token_scheduler_testss_26test_scheduler_replacement00E0NCNCB1M_00E0B2s_
FN:77,_RNCINvMNtNtCsi5KG3Qgn1dg_15webhook_gateway8services15token_schedulerNtB5_14TokenScheduler19spawn_periodic_taskNCINvB4_22start_scheduler_simpleNCNCNvNtNtNtCs9d46slKhqCu_3lib4unit8services21token_scheduler_testss_26test_scheduler_replacement0s_0E0NCNCB1M_00E0B2s_
FN:77,_RNCINvMNtNtCsi5KG3Qgn1dg_15webhook_gateway8services15token_schedulerNtB5_14TokenScheduler19spawn_periodic_taskNCINvB4_22start_scheduler_simpleNCNCNvNtNtNtCs9d46slKhqCu_3lib4unit8services21token_scheduler_testss_32test_scheduler_config_validation00E0NCNCB1M_00E0B2s_
FN:77,_RNCINvMNtNtCsi5KG3Qgn1dg_15webhook_gateway8services15token_schedulerNtB5_14TokenScheduler19spawn_periodic_taskNCINvB4_22start_scheduler_simpleNCNCNvNtNtNtCs9d46slKhqCu_3lib4unit8services26token_scheduler_edge_casess_31test_scheduler_info_consistency00E0NCNCB1M_00E0B2s_
FN:77,_RNCINvMNtNtCsi5KG3Qgn1dg_15webhook_gateway8services15token_schedulerNtB5_14TokenScheduler19spawn_periodic_taskNCINvB4_22start_scheduler_simpleNCNCNvNtNtNtCs9d46slKhqCu_3lib4unit8services26token_scheduler_edge_casess_36test_scheduler_config_extreme_values00E0NCNCB1M_00E0B2s_
FN:77,_RNCINvMNtNtCsi5KG3Qgn1dg_15webhook_gateway8services15token_schedulerNtB5_14TokenScheduler19spawn_periodic_taskNCINvB4_22start_scheduler_simpleNCNCNvNtNtNtCs9d46slKhqCu_3lib4unit8services26token_scheduler_edge_casess_51test_scheduler_simple_vs_async_callback_equivalence00E0NCNCB1M_00E0B2s_
FN:77,_RNCINvMNtNtCsi5KG3Qgn1dg_15webhook_gateway8services15token_schedulerNtB5_14TokenScheduler19spawn_periodic_taskNCINvB4_22start_scheduler_simpleNCNCNvNtNtNtCs9d46slKhqCu_3lib4unit8services26token_scheduler_edge_casess_51test_scheduler_update_config_during_active_schedule00E0NCNCB1M_00E0B2s_
FN:77,_RNCINvMNtNtCsi5KG3Qgn1dg_15webhook_gateway8services15token_schedulerNtB5_14TokenScheduler19spawn_periodic_taskNCINvB4_22start_scheduler_simpleNCNCNvNtNtNtCs9d46slKhqCu_3lib4unit8services30token_scheduler_periodic_testss_32test_periodic_scheduler_shutdown00E0NCNCB1M_00E0B2s_
FN:77,_RNCINvMNtNtCsi5KG3Qgn1dg_15webhook_gateway8services15token_schedulerNtB5_14TokenScheduler19spawn_periodic_taskNCINvB4_22start_scheduler_simpleNCNCNvNtNtNtCs9d46slKhqCu_3lib4unit8services30token_scheduler_periodic_testss_34test_periodic_scheduler_start_stop00E0NCNCB1M_00E0B2s_
FN:77,_RNCINvMNtNtCsi5KG3Qgn1dg_15webhook_gateway8services15token_schedulerNtB5_14TokenScheduler19spawn_periodic_taskNCINvB4_22start_scheduler_simpleNCNCNvNtNtNtCs9d46slKhqCu_3lib4unit8services30token_scheduler_periodic_testss_35test_periodic_scheduler_replacement00E0NCNCB1M_00E0B2s_
FN:77,_RNCINvMNtNtCsi5KG3Qgn1dg_15webhook_gateway8services15token_schedulerNtB5_14TokenScheduler19spawn_periodic_taskNCINvB4_22start_scheduler_simpleNCNCNvNtNtNtCs9d46slKhqCu_3lib4unit8services30token_scheduler_periodic_testss_35test_periodic_scheduler_replacement0s_0E0NCNCB1M_00E0B2s_
FN:77,_RNCINvMNtNtCsi5KG3Qgn1dg_15webhook_gateway8services15token_schedulerNtB5_14TokenScheduler19spawn_periodic_taskNCINvB4_22start_scheduler_simpleNCNCNvNtNtNtCs9d46slKhqCu_3lib4unit8services30token_scheduler_periodic_testss_37test_periodic_scheduler_drop_behavior00E0NCNCB1M_00E0B2s_
FN:77,_RNCINvMNtNtCsi5KG3Qgn1dg_15webhook_gateway8services15token_schedulerNtB5_14TokenScheduler19spawn_periodic_taskNCNCNvNtNtNtCs9d46slKhqCu_3lib4unit8services26token_scheduler_edge_casess_28test_scheduler_drop_behavior00NCNCB1M_00E0B1W_
FN:77,_RNCINvMNtNtCsi5KG3Qgn1dg_15webhook_gateway8services15token_schedulerNtB5_14TokenScheduler19spawn_periodic_taskNCNCNvNtNtNtCs9d46slKhqCu_3lib4unit8services26token_scheduler_edge_casess_34test_multiple_rapid_schedule_calls00NCNCB1M_00E0B1W_
FN:77,_RNCINvMNtNtCsi5KG3Qgn1dg_15webhook_gateway8services15token_schedulerNtB5_14TokenScheduler19spawn_periodic_taskNCNCNvNtNtNtCs9d46slKhqCu_3lib4unit8services26token_scheduler_edge_casess_36test_scheduler_with_minimal_interval00NCNCB1M_00E0B1W_
FN:77,_RNCINvMNtNtCsi5KG3Qgn1dg_15webhook_gateway8services15token_schedulerNtB5_14TokenScheduler19spawn_periodic_taskNCNCNvNtNtNtCs9d46slKhqCu_3lib4unit8services26token_scheduler_edge_casess_38test_scheduler_callback_error_handling00NCNCB1M_00E0B1W_
FN:77,_RNCINvMNtNtCsi5KG3Qgn1dg_15webhook_gateway8services15token_schedulerNtB5_14TokenScheduler19spawn_periodic_taskNCNCNvNtNtNtCs9d46slKhqCu_3lib4unit8services26token_scheduler_edge_casess_51test_scheduler_simple_vs_async_callback_equivalence0s_0NCNCB1M_s_00E0B1W_
FN:77,_RNCINvMNtNtCsi5KG3Qgn1dg_15webhook_gateway8services15token_schedulerNtB5_14TokenScheduler19spawn_periodic_taskNCNCNvNtNtNtCs9d46slKhqCu_3lib4unit8services30token_scheduler_periodic_debugs_34test_scheduler_immediate_execution00NCNCB1M_00E0B1W_
FN:77,_RNCINvMNtNtCsi5KG3Qgn1dg_15webhook_gateway8services15token_schedulerNtB5_14TokenScheduler19spawn_periodic_taskNCNCNvNtNtNtCs9d46slKhqCu_3lib4unit8services30token_scheduler_periodic_debugs_34test_scheduler_runs_multiple_times00NCNCB1M_00E0B1W_
FN:77,_RNCINvMNtNtCsi5KG3Qgn1dg_15webhook_gateway8services15token_schedulerNtB5_14TokenScheduler19spawn_periodic_taskNCNCNvNtNtNtCs9d46slKhqCu_3lib4unit8services30token_scheduler_periodic_testss_38test_periodic_scheduler_async_callback00NCNCB1M_00E0B1W_
FN:59,_RNCINvMNtNtCsi5KG3Qgn1dg_15webhook_gateway8services15token_schedulerNtB5_14TokenScheduler22start_scheduler_simpleNCNCNCNvNtNtNtCs9d46slKhqCu_3lib4unit8services26token_scheduler_edge_casess_36test_concurrent_scheduler_operations000E0B21_
FN:59,_RNCINvMNtNtCsi5KG3Qgn1dg_15webhook_gateway8services15token_schedulerNtB5_14TokenScheduler22start_scheduler_simpleNCNCNvNtNtNtCs9d46slKhqCu_3lib4unit8services21token_scheduler_testss_19test_scheduler_stop00E0B1Z_
FN:59,_RNCINvMNtNtCsi5KG3Qgn1dg_15webhook_gateway8services15token_schedulerNtB5_14TokenScheduler22start_scheduler_simpleNCNCNvNtNtNtCs9d46slKhqCu_3lib4unit8services21token_scheduler_testss_23test_scheduler_shutdown00E0B1Z_
FN:59,_RNCINvMNtNtCsi5KG3Qgn1dg_15webhook_gateway8services15token_schedulerNtB5_14TokenScheduler22start_scheduler_simpleNCNCNvNtNtNtCs9d46slKhqCu_3lib4unit8services21token_scheduler_testss_26test_scheduler_replacement00E0B1Z_
FN:59,_RNCINvMNtNtCsi5KG3Qgn1dg_15webhook_gateway8services15token_schedulerNtB5_14TokenScheduler22start_scheduler_simpleNCNCNvNtNtNtCs9d46slKhqCu_3lib4unit8services21token_scheduler_testss_26test_scheduler_replacement0s_0E0B1Z_
FN:59,_RNCINvMNtNtCsi5KG3Qgn1dg_15webhook_gateway8services15token_schedulerNtB5_14TokenScheduler22start_scheduler_simpleNCNCNvNtNtNtCs9d46slKhqCu_3lib4unit8services21token_scheduler_testss_32test_scheduler_config_validation00E0B1Z_
FN:59,_RNCINvMNtNtCsi5KG3Qgn1dg_15webhook_gateway8services15token_schedulerNtB5_14TokenScheduler22start_scheduler_simpleNCNCNvNtNtNtCs9d46slKhqCu_3lib4unit8services26token_scheduler_edge_casess_31test_scheduler_info_consistency00E0B1Z_
FN:59,_RNCINvMNtNtCsi5KG3Qgn1dg_15webhook_gateway8services15token_schedulerNtB5_14TokenScheduler22start_scheduler_simpleNCNCNvNtNtNtCs9d46slKhqCu_3lib4unit8services26token_scheduler_edge_casess_36test_scheduler_config_extreme_values00E0B1Z_
FN:59,_RNCINvMNtNtCsi5KG3Qgn1dg_15webhook_gateway8services15token_schedulerNtB5_14TokenScheduler22start_scheduler_simpleNCNCNvNtNtNtCs9d46slKhqCu_3lib4unit8services26token_scheduler_edge_casess_51test_scheduler_simple_vs_async_callback_equivalence00E0B1Z_
FN:59,_RNCINvMNtNtCsi5KG3Qgn1dg_15webhook_gateway8services15token_schedulerNtB5_14TokenScheduler22start_scheduler_simpleNCNCNvNtNtNtCs9d46slKhqCu_3lib4unit8services26token_scheduler_edge_casess_51test_scheduler_update_config_during_active_schedule00E0B1Z_
FN:59,_RNCINvMNtNtCsi5KG3Qgn1dg_15webhook_gateway8services15token_schedulerNtB5_14TokenScheduler22start_scheduler_simpleNCNCNvNtNtNtCs9d46slKhqCu_3lib4unit8services30token_scheduler_periodic_testss_32test_periodic_scheduler_shutdown00E0B1Z_
FN:59,_RNCINvMNtNtCsi5KG3Qgn1dg_15webhook_gateway8services15token_schedulerNtB5_14TokenScheduler22start_scheduler_simpleNCNCNvNtNtNtCs9d46slKhqCu_3lib4unit8services30token_scheduler_periodic_testss_34test_periodic_scheduler_start_stop00E0B1Z_
FN:59,_RNCINvMNtNtCsi5KG3Qgn1dg_15webhook_gateway8services15token_schedulerNtB5_14TokenScheduler22start_scheduler_simpleNCNCNvNtNtNtCs9d46slKhqCu_3lib4unit8services30token_scheduler_periodic_testss_35test_periodic_scheduler_replacement00E0B1Z_
FN:59,_RNCINvMNtNtCsi5KG3Qgn1dg_15webhook_gateway8services15token_schedulerNtB5_14TokenScheduler22start_scheduler_simpleNCNCNvNtNtNtCs9d46slKhqCu_3lib4unit8services30token_scheduler_periodic_testss_35test_periodic_scheduler_replacement0s_0E0B1Z_
FN:59,_RNCINvMNtNtCsi5KG3Qgn1dg_15webhook_gateway8services15token_schedulerNtB5_14TokenScheduler22start_scheduler_simpleNCNCNvNtNtNtCs9d46slKhqCu_3lib4unit8services30token_scheduler_periodic_testss_37test_periodic_scheduler_drop_behavior00E0B1Z_
FN:61,_RNCNCINvMNtNtCsi5KG3Qgn1dg_15webhook_gateway8services15token_schedulerNtB7_14TokenScheduler22start_scheduler_simpleNCNCNCNvNtNtNtCs9d46slKhqCu_3lib4unit8services26token_scheduler_edge_casess_36test_concurrent_scheduler_operations000E00B23_
FN:61,_RNCNCINvMNtNtCsi5KG3Qgn1dg_15webhook_gateway8services15token_schedulerNtB7_14TokenScheduler22start_scheduler_simpleNCNCNvNtNtNtCs9d46slKhqCu_3lib4unit8services21token_scheduler_testss_19test_scheduler_stop00E00B21_
FN:61,_RNCNCINvMNtNtCsi5KG3Qgn1dg_15webhook_gateway8services15token_schedulerNtB7_14TokenScheduler22start_scheduler_simpleNCNCNvNtNtNtCs9d46slKhqCu_3lib4unit8services21token_scheduler_testss_23test_scheduler_shutdown00E00B21_
FN:61,_RNCNCINvMNtNtCsi5KG3Qgn1dg_15webhook_gateway8services15token_schedulerNtB7_14TokenScheduler22start_scheduler_simpleNCNCNvNtNtNtCs9d46slKhqCu_3lib4unit8services21token_scheduler_testss_26test_scheduler_replacement00E00B21_
FN:61,_RNCNCINvMNtNtCsi5KG3Qgn1dg_15webhook_gateway8services15token_schedulerNtB7_14TokenScheduler22start_scheduler_simpleNCNCNvNtNtNtCs9d46slKhqCu_3lib4unit8services21token_scheduler_testss_26test_scheduler_replacement0s_0E00B21_
FN:61,_RNCNCINvMNtNtCsi5KG3Qgn1dg_15webhook_gateway8services15token_schedulerNtB7_14TokenScheduler22start_scheduler_simpleNCNCNvNtNtNtCs9d46slKhqCu_3lib4unit8services21token_scheduler_testss_32test_scheduler_config_validation00E00B21_
FN:61,_RNCNCINvMNtNtCsi5KG3Qgn1dg_15webhook_gateway8services15token_schedulerNtB7_14TokenScheduler22start_scheduler_simpleNCNCNvNtNtNtCs9d46slKhqCu_3lib4unit8services26token_scheduler_edge_casess_31test_scheduler_info_consistency00E00B21_
FN:61,_RNCNCINvMNtNtCsi5KG3Qgn1dg_15webhook_gateway8services15token_schedulerNtB7_14TokenScheduler22start_scheduler_simpleNCNCNvNtNtNtCs9d46slKhqCu_3lib4unit8services26token_scheduler_edge_casess_36test_scheduler_config_extreme_values00E00B21_
FN:61,_RNCNCINvMNtNtCsi5KG3Qgn1dg_15webhook_gateway8services15token_schedulerNtB7_14TokenScheduler22start_scheduler_simpleNCNCNvNtNtNtCs9d46slKhqCu_3lib4unit8services26token_scheduler_edge_casess_51test_scheduler_simple_vs_async_callback_equivalence00E00B21_
FN:61,_RNCNCINvMNtNtCsi5KG3Qgn1dg_15webhook_gateway8services15token_schedulerNtB7_14TokenScheduler22start_scheduler_simpleNCNCNvNtNtNtCs9d46slKhqCu_3lib4unit8services26token_scheduler_edge_casess_51test_scheduler_update_config_during_active_schedule00E00B21_
FN:61,_RNCNCINvMNtNtCsi5KG3Qgn1dg_15webhook_gateway8services15token_schedulerNtB7_14TokenScheduler22start_scheduler_simpleNCNCNvNtNtNtCs9d46slKhqCu_3lib4unit8services30token_scheduler_periodic_testss_32test_periodic_scheduler_shutdown00E00B21_
FN:61,_RNCNCINvMNtNtCsi5KG3Qgn1dg_15webhook_gateway8services15token_schedulerNtB7_14TokenScheduler22start_scheduler_simpleNCNCNvNtNtNtCs9d46slKhqCu_3lib4unit8services30token_scheduler_periodic_testss_34test_periodic_scheduler_start_stop00E00B21_
FN:61,_RNCNCINvMNtNtCsi5KG3Qgn1dg_15webhook_gateway8services15token_schedulerNtB7_14TokenScheduler22start_scheduler_simpleNCNCNvNtNtNtCs9d46slKhqCu_3lib4unit8services30token_scheduler_periodic_testss_35test_periodic_scheduler_replacement00E00B21_
FN:61,_RNCNCINvMNtNtCsi5KG3Qgn1dg_15webhook_gateway8services15token_schedulerNtB7_14TokenScheduler22start_scheduler_simpleNCNCNvNtNtNtCs9d46slKhqCu_3lib4unit8services30token_scheduler_periodic_testss_35test_periodic_scheduler_replacement0s_0E00B21_
FN:61,_RNCNCINvMNtNtCsi5KG3Qgn1dg_15webhook_gateway8services15token_schedulerNtB7_14TokenScheduler22start_scheduler_simpleNCNCNvNtNtNtCs9d46slKhqCu_3lib4unit8services30token_scheduler_periodic_testss_37test_periodic_scheduler_drop_behavior00E00B21_
FN:35,_RINvMNtNtCsi5KG3Qgn1dg_15webhook_gateway8services15token_schedulerNtB3_14TokenScheduler15start_schedulerNCINvB2_22start_scheduler_simpleNCNCNCNvNtNtCs4wyqPR4tVod_10unit_tests8services26token_scheduler_edge_casess_36test_concurrent_scheduler_operations000E0NCNCB1G_00EB2m_
FN:35,_RINvMNtNtCsi5KG3Qgn1dg_15webhook_gateway8services15token_schedulerNtB3_14TokenScheduler15start_schedulerNCINvB2_22start_scheduler_simpleNCNCNvNtNtCs4wyqPR4tVod_10unit_tests8services21token_scheduler_testss_19test_scheduler_stop00E0NCNCB1G_00EB2k_
FN:35,_RINvMNtNtCsi5KG3Qgn1dg_15webhook_gateway8services15token_schedulerNtB3_14TokenScheduler15start_schedulerNCINvB2_22start_scheduler_simpleNCNCNvNtNtCs4wyqPR4tVod_10unit_tests8services21token_scheduler_testss_23test_scheduler_shutdown00E0NCNCB1G_00EB2k_
FN:35,_RINvMNtNtCsi5KG3Qgn1dg_15webhook_gateway8services15token_schedulerNtB3_14TokenScheduler15start_schedulerNCINvB2_22start_scheduler_simpleNCNCNvNtNtCs4wyqPR4tVod_10unit_tests8services21token_scheduler_testss_26test_scheduler_replacement00E0NCNCB1G_00EB2k_
FN:35,_RINvMNtNtCsi5KG3Qgn1dg_15webhook_gateway8services15token_schedulerNtB3_14TokenScheduler15start_schedulerNCINvB2_22start_scheduler_simpleNCNCNvNtNtCs4wyqPR4tVod_10unit_tests8services21token_scheduler_testss_26test_scheduler_replacement0s_0E0NCNCB1G_00EB2k_
FN:35,_RINvMNtNtCsi5KG3Qgn1dg_15webhook_gateway8services15token_schedulerNtB3_14TokenScheduler15start_schedulerNCINvB2_22start_scheduler_simpleNCNCNvNtNtCs4wyqPR4tVod_10unit_tests8services21token_scheduler_testss_32test_scheduler_config_validation00E0NCNCB1G_00EB2k_
FN:35,_RINvMNtNtCsi5KG3Qgn1dg_15webhook_gateway8services15token_schedulerNtB3_14TokenScheduler15start_schedulerNCINvB2_22start_scheduler_simpleNCNCNvNtNtCs4wyqPR4tVod_10unit_tests8services26token_scheduler_edge_casess_31test_scheduler_info_consistency00E0NCNCB1G_00EB2k_
FN:35,_RINvMNtNtCsi5KG3Qgn1dg_15webhook_gateway8services15token_schedulerNtB3_14TokenScheduler15start_schedulerNCINvB2_22start_scheduler_simpleNCNCNvNtNtCs4wyqPR4tVod_10unit_tests8services26token_scheduler_edge_casess_36test_scheduler_config_extreme_values00E0NCNCB1G_00EB2k_
FN:35,_RINvMNtNtCsi5KG3Qgn1dg_15webhook_gateway8services15token_schedulerNtB3_14TokenScheduler15start_schedulerNCINvB2_22start_scheduler_simpleNCNCNvNtNtCs4wyqPR4tVod_10unit_tests8services26token_scheduler_edge_casess_51test_scheduler_simple_vs_async_callback_equivalence00E0NCNCB1G_00EB2k_
FN:35,_RINvMNtNtCsi5KG3Qgn1dg_15webhook_gateway8services15token_schedulerNtB3_14TokenScheduler15start_schedulerNCINvB2_22start_scheduler_simpleNCNCNvNtNtCs4wyqPR4tVod_10unit_tests8services26token_scheduler_edge_casess_51test_scheduler_update_config_during_active_schedule00E0NCNCB1G_00EB2k_
FN:35,_RINvMNtNtCsi5KG3Qgn1dg_15webhook_gateway8services15token_schedulerNtB3_14TokenScheduler15start_schedulerNCINvB2_22start_scheduler_simpleNCNCNvNtNtCs4wyqPR4tVod_10unit_tests8services30token_scheduler_periodic_testss_32test_periodic_scheduler_shutdown00E0NCNCB1G_00EB2k_
FN:35,_RINvMNtNtCsi5KG3Qgn1dg_15webhook_gateway8services15token_schedulerNtB3_14TokenScheduler15start_schedulerNCINvB2_22start_scheduler_simpleNCNCNvNtNtCs4wyqPR4tVod_10unit_tests8services30token_scheduler_periodic_testss_34test_periodic_scheduler_start_stop00E0NCNCB1G_00EB2k_
FN:35,_RINvMNtNtCsi5KG3Qgn1dg_15webhook_gateway8services15token_schedulerNtB3_14TokenScheduler15start_schedulerNCINvB2_22start_scheduler_simpleNCNCNvNtNtCs4wyqPR4tVod_10unit_tests8services30token_scheduler_periodic_testss_35test_periodic_scheduler_replacement00E0NCNCB1G_00EB2k_
FN:35,_RINvMNtNtCsi5KG3Qgn1dg_15webhook_gateway8services15token_schedulerNtB3_14TokenScheduler15start_schedulerNCINvB2_22start_scheduler_simpleNCNCNvNtNtCs4wyqPR4tVod_10unit_tests8services30token_scheduler_periodic_testss_35test_periodic_scheduler_replacement0s_0E0NCNCB1G_00EB2k_
FN:35,_RINvMNtNtCsi5KG3Qgn1dg_15webhook_gateway8services15token_schedulerNtB3_14TokenScheduler15start_schedulerNCINvB2_22start_scheduler_simpleNCNCNvNtNtCs4wyqPR4tVod_10unit_tests8services30token_scheduler_periodic_testss_37test_periodic_scheduler_drop_behavior00E0NCNCB1G_00EB2k_
FN:35,_RINvMNtNtCsi5KG3Qgn1dg_15webhook_gateway8services15token_schedulerNtB3_14TokenScheduler15start_schedulerNCNCNvNtNtCs4wyqPR4tVod_10unit_tests8services26token_scheduler_edge_casess_28test_scheduler_drop_behavior00NCNCB1G_00EB1O_
FN:35,_RINvMNtNtCsi5KG3Qgn1dg_15webhook_gateway8services15token_schedulerNtB3_14TokenScheduler15start_schedulerNCNCNvNtNtCs4wyqPR4tVod_10unit_tests8services26token_scheduler_edge_casess_34test_multiple_rapid_schedule_calls00NCNCB1G_00EB1O_
FN:35,_RINvMNtNtCsi5KG3Qgn1dg_15webhook_gateway8services15token_schedulerNtB3_14TokenScheduler15start_schedulerNCNCNvNtNtCs4wyqPR4tVod_10unit_tests8services26token_scheduler_edge_casess_36test_scheduler_with_minimal_interval00NCNCB1G_00EB1O_
FN:35,_RINvMNtNtCsi5KG3Qgn1dg_15webhook_gateway8services15token_schedulerNtB3_14TokenScheduler15start_schedulerNCNCNvNtNtCs4wyqPR4tVod_10unit_tests8services26token_scheduler_edge_casess_38test_scheduler_callback_error_handling00NCNCB1G_00EB1O_
FN:35,_RINvMNtNtCsi5KG3Qgn1dg_15webhook_gateway8services15token_schedulerNtB3_14TokenScheduler15start_schedulerNCNCNvNtNtCs4wyqPR4tVod_10unit_tests8services26token_scheduler_edge_casess_51test_scheduler_simple_vs_async_callback_equivalence0s_0NCNCB1G_s_00EB1O_
FN:35,_RINvMNtNtCsi5KG3Qgn1dg_15webhook_gateway8services15token_schedulerNtB3_14TokenScheduler15start_schedulerNCNCNvNtNtCs4wyqPR4tVod_10unit_tests8services30token_scheduler_periodic_debugs_34test_scheduler_immediate_execution00NCNCB1G_00EB1O_
FN:35,_RINvMNtNtCsi5KG3Qgn1dg_15webhook_gateway8services15token_schedulerNtB3_14TokenScheduler15start_schedulerNCNCNvNtNtCs4wyqPR4tVod_10unit_tests8services30token_scheduler_periodic_debugs_34test_scheduler_runs_multiple_times00NCNCB1G_00EB1O_
FN:35,_RINvMNtNtCsi5KG3Qgn1dg_15webhook_gateway8services15token_schedulerNtB3_14TokenScheduler15start_schedulerNCNCNvNtNtCs4wyqPR4tVod_10unit_tests8services30token_scheduler_periodic_testss_38test_periodic_scheduler_async_callback00NCNCB1G_00EB1O_
FN:70,_RINvMNtNtCsi5KG3Qgn1dg_15webhook_gateway8services15token_schedulerNtB3_14TokenScheduler19spawn_periodic_taskNCINvB2_22start_scheduler_simpleNCNCNCNvNtNtCs4wyqPR4tVod_10unit_tests8services26token_scheduler_edge_casess_36test_concurrent_scheduler_operations000E0NCNCB1K_00EB2q_
FN:70,_RINvMNtNtCsi5KG3Qgn1dg_15webhook_gateway8services15token_schedulerNtB3_14TokenScheduler19spawn_periodic_taskNCINvB2_22start_scheduler_simpleNCNCNvNtNtCs4wyqPR4tVod_10unit_tests8services21token_scheduler_testss_19test_scheduler_stop00E0NCNCB1K_00EB2o_
FN:70,_RINvMNtNtCsi5KG3Qgn1dg_15webhook_gateway8services15token_schedulerNtB3_14TokenScheduler19spawn_periodic_taskNCINvB2_22start_scheduler_simpleNCNCNvNtNtCs4wyqPR4tVod_10unit_tests8services21token_scheduler_testss_23test_scheduler_shutdown00E0NCNCB1K_00EB2o_
FN:70,_RINvMNtNtCsi5KG3Qgn1dg_15webhook_gateway8services15token_schedulerNtB3_14TokenScheduler19spawn_periodic_taskNCINvB2_22start_scheduler_simpleNCNCNvNtNtCs4wyqPR4tVod_10unit_tests8services21token_scheduler_testss_26test_scheduler_replacement00E0NCNCB1K_00EB2o_
FN:70,_RINvMNtNtCsi5KG3Qgn1dg_15webhook_gateway8services15token_schedulerNtB3_14TokenScheduler19spawn_periodic_taskNCINvB2_22start_scheduler_simpleNCNCNvNtNtCs4wyqPR4tVod_10unit_tests8services21token_scheduler_testss_26test_scheduler_replacement0s_0E0NCNCB1K_00EB2o_
FN:70,_RINvMNtNtCsi5KG3Qgn1dg_15webhook_gateway8services15token_schedulerNtB3_14TokenScheduler19spawn_periodic_taskNCINvB2_22start_scheduler_simpleNCNCNvNtNtCs4wyqPR4tVod_10unit_tests8services21token_scheduler_testss_32test_scheduler_config_validation00E0NCNCB1K_00EB2o_
FN:70,_RINvMNtNtCsi5KG3Qgn1dg_15webhook_gateway8services15token_schedulerNtB3_14TokenScheduler19spawn_periodic_taskNCINvB2_22start_scheduler_simpleNCNCNvNtNtCs4wyqPR4tVod_10unit_tests8services26token_scheduler_edge_casess_31test_scheduler_info_consistency00E0NCNCB1K_00EB2o_
FN:70,_RINvMNtNtCsi5KG3Qgn1dg_15webhook_gateway8services15token_schedulerNtB3_14TokenScheduler19spawn_periodic_taskNCINvB2_22start_scheduler_simpleNCNCNvNtNtCs4wyqPR4tVod_10unit_tests8services26token_scheduler_edge_casess_36test_scheduler_config_extreme_values00E0NCNCB1K_00EB2o_
FN:70,_RINvMNtNtCsi5KG3Qgn1dg_15webhook_gateway8services15token_schedulerNtB3_14TokenScheduler19spawn_periodic_taskNCINvB2_22start_scheduler_simpleNCNCNvNtNtCs4wyqPR4tVod_10unit_tests8services26token_scheduler_edge_casess_51test_scheduler_simple_vs_async_callback_equivalence00E0NCNCB1K_00EB2o_
FN:70,_RINvMNtNtCsi5KG3Qgn1dg_15webhook_gateway8services15token_schedulerNtB3_14TokenScheduler19spawn_periodic_taskNCINvB2_22start_scheduler_simpleNCNCNvNtNtCs4wyqPR4tVod_10unit_tests8services26token_scheduler_edge_casess_51test_scheduler_update_config_during_active_schedule00E0NCNCB1K_00EB2o_
[...]
FNDA:0,_RNCINvMNtNtCsi5KG3Qgn1dg_15webhook_gateway8services15token_schedulerNtB5_14TokenScheduler22start_scheduler_simpleNCNCNvNtNtCs4wyqPR4tVod_10unit_tests8services26token_scheduler_edge_casess_36test_scheduler_config_extreme_values00E0B1X_
FNDA:0,_RNCINvMNtNtCsi5KG3Qgn1dg_15webhook_gateway8services15token_schedulerNtB5_14TokenScheduler22start_scheduler_simpleNCNCNvNtNtCs4wyqPR4tVod_10unit_tests8services26token_scheduler_edge_casess_51test_scheduler_simple_vs_async_callback_equivalence00E0B1X_
FNDA:0,_RNCINvMNtNtCsi5KG3Qgn1dg_15webhook_gateway8services15token_schedulerNtB5_14TokenScheduler22start_scheduler_simpleNCNCNvNtNtCs4wyqPR4tVod_10unit_tests8services26token_scheduler_edge_casess_51test_scheduler_update_config_during_active_schedule00E0B1X_
FNDA:0,_RNCINvMNtNtCsi5KG3Qgn1dg_15webhook_gateway8services15token_schedulerNtB5_14TokenScheduler22start_scheduler_simpleNCNCNvNtNtCs4wyqPR4tVod_10unit_tests8services30token_scheduler_periodic_testss_32test_periodic_scheduler_shutdown00E0B1X_
FNDA:0,_RNCINvMNtNtCsi5KG3Qgn1dg_15webhook_gateway8services15token_schedulerNtB5_14TokenScheduler22start_scheduler_simpleNCNCNvNtNtCs4wyqPR4tVod_10unit_tests8services30token_scheduler_periodic_testss_34test_periodic_scheduler_start_stop00E0B1X_
FNDA:0,_RNCINvMNtNtCsi5KG3Qgn1dg_15webhook_gateway8services15token_schedulerNtB5_14TokenScheduler22start_scheduler_simpleNCNCNvNtNtCs4wyqPR4tVod_10unit_tests8services30token_scheduler_periodic_testss_35test_periodic_scheduler_replacement00E0B1X_
FNDA:0,_RNCINvMNtNtCsi5KG3Qgn1dg_15webhook_gateway8services15token_schedulerNtB5_14TokenScheduler22start_scheduler_simpleNCNCNvNtNtCs4wyqPR4tVod_10unit_tests8services30token_scheduler_periodic_testss_35test_periodic_scheduler_replacement0s_0E0B1X_
FNDA:1,_RNCINvMNtNtCsi5KG3Qgn1dg_15webhook_gateway8services15token_schedulerNtB5_14TokenScheduler22start_scheduler_simpleNCNCNvNtNtCs4wyqPR4tVod_10unit_tests8services30token_scheduler_periodic_testss_37test_periodic_scheduler_drop_behavior00E0B1X_
FNDA:0,_RNCNCINvMNtNtCsi5KG3Qgn1dg_15webhook_gateway8services15token_schedulerNtB7_14TokenScheduler22start_scheduler_simpleNCNCNCNvNtNtCs4wyqPR4tVod_10unit_tests8services26token_scheduler_edge_casess_36test_concurrent_scheduler_operations000E00B21_
FNDA:0,_RNCNCINvMNtNtCsi5KG3Qgn1dg_15webhook_gateway8services15token_schedulerNtB7_14TokenScheduler22start_scheduler_simpleNCNCNvNtNtCs4wyqPR4tVod_10unit_tests8services21token_scheduler_testss_19test_scheduler_stop00E00B1Z_
FNDA:0,_RNCNCINvMNtNtCsi5KG3Qgn1dg_15webhook_gateway8services15token_schedulerNtB7_14TokenScheduler22start_scheduler_simpleNCNCNvNtNtCs4wyqPR4tVod_10unit_tests8services21token_scheduler_testss_23test_scheduler_shutdown00E00B1Z_
FNDA:0,_RNCNCINvMNtNtCsi5KG3Qgn1dg_15webhook_gateway8services15token_schedulerNtB7_14TokenScheduler22start_scheduler_simpleNCNCNvNtNtCs4wyqPR4tVod_10unit_tests8services21token_scheduler_testss_26test_scheduler_replacement00E00B1Z_
FNDA:0,_RNCNCINvMNtNtCsi5KG3Qgn1dg_15webhook_gateway8services15token_schedulerNtB7_14TokenScheduler22start_scheduler_simpleNCNCNvNtNtCs4wyqPR4tVod_10unit_tests8services21token_scheduler_testss_26test_scheduler_replacement0s_0E00B1Z_
FNDA:0,_RNCNCINvMNtNtCsi5KG3Qgn1dg_15webhook_gateway8services15token_schedulerNtB7_14TokenScheduler22start_scheduler_simpleNCNCNvNtNtCs4wyqPR4tVod_10unit_tests8services21token_scheduler_testss_32test_scheduler_config_validation00E00B1Z_
FNDA:0,_RNCNCINvMNtNtCsi5KG3Qgn1dg_15webhook_gateway8services15token_schedulerNtB7_14TokenScheduler22start_scheduler_simpleNCNCNvNtNtCs4wyqPR4tVod_10unit_tests8services26token_scheduler_edge_casess_31test_scheduler_info_consistency00E00B1Z_
FNDA:0,_RNCNCINvMNtNtCsi5KG3Qgn1dg_15webhook_gateway8services15token_schedulerNtB7_14TokenScheduler22start_scheduler_simpleNCNCNvNtNtCs4wyqPR4tVod_10unit_tests8services26token_scheduler_edge_casess_36test_scheduler_config_extreme_values00E00B1Z_
FNDA:0,_RNCNCINvMNtNtCsi5KG3Qgn1dg_15webhook_gateway8services15token_schedulerNtB7_14TokenScheduler22start_scheduler_simpleNCNCNvNtNtCs4wyqPR4tVod_10unit_tests8services26token_scheduler_edge_casess_51test_scheduler_simple_vs_async_callback_equivalence00E00B1Z_
FNDA:0,_RNCNCINvMNtNtCsi5KG3Qgn1dg_15webhook_gateway8services15token_schedulerNtB7_14TokenScheduler22start_scheduler_simpleNCNCNvNtNtCs4wyqPR4tVod_10unit_tests8services26token_scheduler_edge_casess_51test_scheduler_update_config_during_active_schedule00E00B1Z_
FNDA:0,_RNCNCINvMNtNtCsi5KG3Qgn1dg_15webhook_gateway8services15token_schedulerNtB7_14TokenScheduler22start_scheduler_simpleNCNCNvNtNtCs4wyqPR4tVod_10unit_tests8services30token_scheduler_periodic_testss_32test_periodic_scheduler_shutdown00E00B1Z_
FNDA:0,_RNCNCINvMNtNtCsi5KG3Qgn1dg_15webhook_gateway8services15token_schedulerNtB7_14TokenScheduler22start_scheduler_simpleNCNCNvNtNtCs4wyqPR4tVod_10unit_tests8services30token_scheduler_periodic_testss_34test_periodic_scheduler_start_stop00E00B1Z_
FNDA:0,_RNCNCINvMNtNtCsi5KG3Qgn1dg_15webhook_gateway8services15token_schedulerNtB7_14TokenScheduler22start_scheduler_simpleNCNCNvNtNtCs4wyqPR4tVod_10unit_tests8services30token_scheduler_periodic_testss_35test_periodic_scheduler_replacement00E00B1Z_
FNDA:0,_RNCNCINvMNtNtCsi5KG3Qgn1dg_15webhook_gateway8services15token_schedulerNtB7_14TokenScheduler22start_scheduler_simpleNCNCNvNtNtCs4wyqPR4tVod_10unit_tests8services30token_scheduler_periodic_testss_35test_periodic_scheduler_replacement0s_0E00B1Z_
FNDA:1,_RNCNCINvMNtNtCsi5KG3Qgn1dg_15webhook_gateway8services15token_schedulerNtB7_14TokenScheduler22start_scheduler_simpleNCNCNvNtNtCs4wyqPR4tVod_10unit_tests8services30token_scheduler_periodic_testss_37test_periodic_scheduler_drop_behavior00E00B1Z_
FNDA:0,_RINvMNtNtCsCIJ9D7Igft_15webhook_gateway8services15token_schedulerNtB3_14TokenScheduler15start_schedulerppEB7_
FNDA:0,_RINvMNtNtCsCIJ9D7Igft_15webhook_gateway8services15token_schedulerNtB3_14TokenScheduler19spawn_periodic_taskppEB7_
FNDA:0,_RINvMNtNtCsCIJ9D7Igft_15webhook_gateway8services15token_schedulerNtB3_14TokenScheduler22start_scheduler_simplepEB7_
FNDA:0,_RNCINvMNtNtCsCIJ9D7Igft_15webhook_gateway8services15token_schedulerNtB5_14TokenScheduler19spawn_periodic_taskppE0B9_
FNDA:0,_RNCINvMNtNtCsCIJ9D7Igft_15webhook_gateway8services15token_schedulerNtB5_14TokenScheduler22start_scheduler_simplepE0B9_
FNDA:0,_RNCNCINvMNtNtCsCIJ9D7Igft_15webhook_gateway8services15token_schedulerNtB7_14TokenScheduler22start_scheduler_simplepE00Bb_
FNDA:0,_RNvMNtNtCsCIJ9D7Igft_15webhook_gateway8services15token_schedulerNtB2_14TokenScheduler10get_config
FNDA:0,_RNvMNtNtCsCIJ9D7Igft_15webhook_gateway8services15token_schedulerNtB2_14TokenScheduler11with_config
FNDA:0,_RNvMNtNtCsCIJ9D7Igft_15webhook_gateway8services15token_schedulerNtB2_14TokenScheduler13update_config
FNDA:0,_RNvMNtNtCsCIJ9D7Igft_15webhook_gateway8services15token_schedulerNtB2_14TokenScheduler14stop_scheduler
FNDA:0,_RNvMNtNtCsCIJ9D7Igft_15webhook_gateway8services15token_schedulerNtB2_14TokenScheduler18get_scheduler_info
FNDA:0,_RNvMNtNtCsCIJ9D7Igft_15webhook_gateway8services15token_schedulerNtB2_14TokenScheduler19is_scheduler_active
FNDA:0,_RNvMNtNtCsCIJ9D7Igft_15webhook_gateway8services15token_schedulerNtB2_14TokenScheduler3new
FNDA:0,_RNvMNtNtCsCIJ9D7Igft_15webhook_gateway8services15token_schedulerNtB2_14TokenScheduler8shutdown
FNDA:0,_RNvXs0_NtNtCsCIJ9D7Igft_15webhook_gateway8services15token_schedulerNtB5_14TokenSchedulerNtNtNtCsixiwFwjEgS7_4core3ops4drop4Drop4drop
FNDA:0,_RNvXs_NtNtCsCIJ9D7Igft_15webhook_gateway8services15token_schedulerNtB4_14TokenSchedulerNtNtCsixiwFwjEgS7_4core7default7Default7default
FNF:16
FNH:15
DA:21,20
DA:22,20
DA:23,20
DA:24,20
DA:25,20
DA:27,68
DA:28,68
DA:29,68
DA:30,68
DA:31,68
DA:32,68
DA:35,80
DA:36,80
DA:37,80
DA:38,80
DA:41,80
DA:43,80
DA:44,80
DA:47,80
DA:48,80
DA:49,80
DA:50,80
DA:51,80
DA:54,34
DA:55,34
DA:56,34
DA:58,34
DA:59,34
DA:60,2
DA:61,2
DA:62,2
DA:63,2
DA:64,2
DA:65,2
DA:66,34
DA:70,80
DA:71,80
DA:72,80
DA:73,80
DA:75,80
DA:77,80
DA:78,14
DA:79,14
DA:80,14
DA:81,14
DA:82,14
DA:86,14
DA:89,14
DA:92,14
DA:95,12
DA:96,12
DA:97,12
DA:98,12
DA:99,12
DA:103,12
DA:104,8
DA:105,8
DA:106,8
DA:107,8
DA:108,8
DA:109,8
DA:110,8
DA:111,8
DA:112,4
DA:113,4
DA:114,4
DA:115,4
DA:116,4
DA:117,4
DA:118,4
DA:121,12
DA:122,12
DA:123,12
DA:124,12
DA:125,12
DA:129,12
DA:132,80
DA:135,116
DA:136,116
DA:137,116
DA:138,58
DA:139,58
DA:140,58
DA:141,58
DA:142,58
DA:143,58
DA:144,58
DA:145,58
DA:146,116
DA:149,100
DA:150,100
DA:151,100
DA:152,100
DA:155,18
DA:156,18
DA:157,10
DA:158,10
DA:159,10
DA:160,10
DA:162,8
DA:164,18
DA:167,20
DA:168,20
DA:169,20
DA:172,4
DA:173,4
DA:174,4
DA:177,4
DA:178,4
DA:179,4
DA:180,4
DA:181,4
DA:182,4
DA:184,4
DA:185,4
DA:189,0
DA:190,0
DA:191,0
DA:195,82
DA:198,82
BRF:0
BRH:0
LF:122
LH:112
end_of_record
SF:D:\Rust\permata-gateway\src\services\webhook_processor.rs
FN:27,_RNvMNtNtCsi5KG3Qgn1dg_15webhook_gateway8services17webhook_processorNtB2_16WebhookProcessor3new
FN:35,_RNvMNtNtCsi5KG3Qgn1dg_15webhook_gateway8services17webhook_processorNtB2_16WebhookProcessor8shutdown
FN:48,_RNvXs2_NtNtCsi5KG3Qgn1dg_15webhook_gateway8services17webhook_processorNtB5_16WebhookProcessorNtB5_21WebhookProcessorTrait15process_webhook
FN:35,_RNCNvMNtNtCsi5KG3Qgn1dg_15webhook_gateway8services17webhook_processorNtB4_16WebhookProcessor8shutdown0B8_
FN:35,_RNCNvMNtNtCsCIJ9D7Igft_15webhook_gateway8services17webhook_processorNtB4_16WebhookProcessor8shutdown0B8_
FN:27,_RNvMNtNtCsCIJ9D7Igft_15webhook_gateway8services17webhook_processorNtB2_16WebhookProcessor3new
FN:35,_RNvMNtNtCsCIJ9D7Igft_15webhook_gateway8services17webhook_processorNtB2_16WebhookProcessor8shutdown
FN:48,_RNvXs2_NtNtCsCIJ9D7Igft_15webhook_gateway8services17webhook_processorNtB5_16WebhookProcessorNtB5_21WebhookProcessorTrait15process_webhook
FN:35,_RNCNvMNtNtCsi5KG3Qgn1dg_15webhook_gateway8services17webhook_processorNtB4_16WebhookProcessor8shutdown0CsbHPL70yHWol_15webhook_gateway
FNDA:8,_RNvMNtNtCsi5KG3Qgn1dg_15webhook_gateway8services17webhook_processorNtB2_16WebhookProcessor3new
FNDA:0,_RNvMNtNtCsi5KG3Qgn1dg_15webhook_gateway8services17webhook_processorNtB2_16WebhookProcessor8shutdown
FNDA:2,_RNvXs2_NtNtCsi5KG3Qgn1dg_15webhook_gateway8services17webhook_processorNtB5_16WebhookProcessorNtB5_21WebhookProcessorTrait15process_webhook
FNDA:0,_RNCNvMNtNtCsi5KG3Qgn1dg_15webhook_gateway8services17webhook_processorNtB4_16WebhookProcessor8shutdown0B8_
FNDA:0,_RNCNvMNtNtCsCIJ9D7Igft_15webhook_gateway8services17webhook_processorNtB4_16WebhookProcessor8shutdown0B8_
FNDA:0,_RNvMNtNtCsCIJ9D7Igft_15webhook_gateway8services17webhook_processorNtB2_16WebhookProcessor3new
FNDA:0,_RNvMNtNtCsCIJ9D7Igft_15webhook_gateway8services17webhook_processorNtB2_16WebhookProcessor8shutdown
FNDA:0,_RNvXs2_NtNtCsCIJ9D7Igft_15webhook_gateway8services17webhook_processorNtB5_16WebhookProcessorNtB5_21WebhookProcessorTrait15process_webhook
FNDA:0,_RNCNvMNtNtCsi5KG3Qgn1dg_15webhook_gateway8services17webhook_processorNtB4_16WebhookProcessor8shutdown0CsbHPL70yHWol_15webhook_gateway
FNF:4
FNH:2
DA:27,8
DA:28,8
DA:29,8
DA:30,8
DA:31,8
DA:32,8
DA:33,8
DA:35,0
DA:36,0
DA:37,0
DA:38,0
DA:39,0
DA:40,0
DA:42,0
DA:43,0
DA:48,2
DA:98,2
BRF:0
BRH:0
LF:18
LH:9
end_of_record
SF:D:\Rust\permata-gateway\src\utils\error.rs
FN:70,_RINvMNtNtCsi5KG3Qgn1dg_15webhook_gateway5utils5errorNtB3_8AppError13configurationReECsT1BnvBBvTw_17integration_tests
FN:58,_RINvMNtNtCsi5KG3Qgn1dg_15webhook_gateway5utils5errorNtB3_8AppError18payload_conversionReECsT1BnvBBvTw_17integration_tests
FN:70,_RINvMNtNtCsi5KG3Qgn1dg_15webhook_gateway5utils5errorNtB3_8AppError13configurationNtNtCs6L9tbza1LrC_5alloc6string6StringEB7_
FN:46,_RINvMNtNtCsi5KG3Qgn1dg_15webhook_gateway5utils5errorNtB3_8AppError21authentication_failedNtNtCs6L9tbza1LrC_5alloc6string6StringEB7_
FN:76,_RINvMNtNtCsi5KG3Qgn1dg_15webhook_gateway5utils5errorNtB3_8AppError5errorReEB7_
FN:64,_RINvMNtNtCsi5KG3Qgn1dg_15webhook_gateway5utils5errorNtB3_8AppError12webhook_typepEB7_
FN:52,_RINvMNtNtCsi5KG3Qgn1dg_15webhook_gateway5utils5errorNtB3_8AppError18message_processingpEB7_
FN:58,_RINvMNtNtCsi5KG3Qgn1dg_15webhook_gateway5utils5errorNtB3_8AppError18payload_conversionpEB7_
FN:70,_RINvMNtNtCsi5KG3Qgn1dg_15webhook_gateway5utils5errorNtB3_8AppError13configurationReECs9d46slKhqCu_3lib
FN:52,_RINvMNtNtCsi5KG3Qgn1dg_15webhook_gateway5utils5errorNtB3_8AppError18message_processingNtNtCs6L9tbza1LrC_5alloc6string6StringECs9d46slKhqCu_3lib
FN:58,_RINvMNtNtCsi5KG3Qgn1dg_15webhook_gateway5utils5errorNtB3_8AppError18payload_conversionReECs9d46slKhqCu_3lib
FN:52,_RINvMNtNtCsi5KG3Qgn1dg_15webhook_gateway5utils5errorNtB3_8AppError18message_processingNtNtCs6L9tbza1LrC_5alloc6string6StringECs4wyqPR4tVod_10unit_tests
FN:64,_RINvMNtNtCsCIJ9D7Igft_15webhook_gateway5utils5errorNtB3_8AppError12webhook_typepEB7_
FN:70,_RINvMNtNtCsCIJ9D7Igft_15webhook_gateway5utils5errorNtB3_8AppError13configurationpEB7_
FN:52,_RINvMNtNtCsCIJ9D7Igft_15webhook_gateway5utils5errorNtB3_8AppError18message_processingpEB7_
FN:58,_RINvMNtNtCsCIJ9D7Igft_15webhook_gateway5utils5errorNtB3_8AppError18payload_conversionpEB7_
FN:46,_RINvMNtNtCsCIJ9D7Igft_15webhook_gateway5utils5errorNtB3_8AppError21authentication_failedpEB7_
FN:76,_RINvMNtNtCsCIJ9D7Igft_15webhook_gateway5utils5errorNtB3_8AppError5errorpEB7_
FNDA:1,_RINvMNtNtCsi5KG3Qgn1dg_15webhook_gateway5utils5errorNtB3_8AppError13configurationReECsT1BnvBBvTw_17integration_tests
FNDA:1,_RINvMNtNtCsi5KG3Qgn1dg_15webhook_gateway5utils5errorNtB3_8AppError18payload_conversionReECsT1BnvBBvTw_17integration_tests
FNDA:0,_RINvMNtNtCsi5KG3Qgn1dg_15webhook_gateway5utils5errorNtB3_8AppError13configurationNtNtCs6L9tbza1LrC_5alloc6string6StringEB7_
FNDA:12,_RINvMNtNtCsi5KG3Qgn1dg_15webhook_gateway5utils5errorNtB3_8AppError21authentication_failedNtNtCs6L9tbza1LrC_5alloc6string6StringEB7_
FNDA:0,_RINvMNtNtCsi5KG3Qgn1dg_15webhook_gateway5utils5errorNtB3_8AppError5errorReEB7_
FNDA:0,_RINvMNtNtCsi5KG3Qgn1dg_15webhook_gateway5utils5errorNtB3_8AppError12webhook_typepEB7_
FNDA:0,_RINvMNtNtCsi5KG3Qgn1dg_15webhook_gateway5utils5errorNtB3_8AppError18message_processingpEB7_
FNDA:0,_RINvMNtNtCsi5KG3Qgn1dg_15webhook_gateway5utils5errorNtB3_8AppError18payload_conversionpEB7_
FNDA:1,_RINvMNtNtCsi5KG3Qgn1dg_15webhook_gateway5utils5errorNtB3_8AppError13configurationReECs9d46slKhqCu_3lib
FNDA:1,_RINvMNtNtCsi5KG3Qgn1dg_15webhook_gateway5utils5errorNtB3_8AppError18message_processingNtNtCs6L9tbza1LrC_5alloc6string6StringECs9d46slKhqCu_3lib
FNDA:1,_RINvMNtNtCsi5KG3Qgn1dg_15webhook_gateway5utils5errorNtB3_8AppError18payload_conversionReECs9d46slKhqCu_3lib
FNDA:1,_RINvMNtNtCsi5KG3Qgn1dg_15webhook_gateway5utils5errorNtB3_8AppError18message_processingNtNtCs6L9tbza1LrC_5alloc6string6StringECs4wyqPR4tVod_10unit_tests
FNDA:0,_RINvMNtNtCsCIJ9D7Igft_15webhook_gateway5utils5errorNtB3_8AppError12webhook_typepEB7_
FNDA:0,_RINvMNtNtCsCIJ9D7Igft_15webhook_gateway5utils5errorNtB3_8AppError13configurationpEB7_
FNDA:0,_RINvMNtNtCsCIJ9D7Igft_15webhook_gateway5utils5errorNtB3_8AppError18message_processingpEB7_
FNDA:0,_RINvMNtNtCsCIJ9D7Igft_15webhook_gateway5utils5errorNtB3_8AppError18payload_conversionpEB7_
FNDA:0,_RINvMNtNtCsCIJ9D7Igft_15webhook_gateway5utils5errorNtB3_8AppError21authentication_failedpEB7_
FNDA:0,_RINvMNtNtCsCIJ9D7Igft_15webhook_gateway5utils5errorNtB3_8AppError5errorpEB7_
FNF:6
FNH:4
DA:46,12
DA:47,12
DA:48,12
DA:49,12
DA:50,12
DA:52,2
DA:53,2
DA:54,2
DA:55,2
DA:56,2
DA:58,2
DA:59,2
DA:60,2
DA:61,2
DA:62,2
DA:64,0
DA:65,0
DA:66,0
DA:67,0
DA:68,0
DA:70,2
DA:71,2
DA:72,2
DA:73,2
DA:74,2
DA:76,0
DA:77,0
DA:78,0
DA:79,0
DA:80,0
BRF:0
BRH:0
LF:30
LH:20
end_of_record
SF:D:\Rust\permata-gateway\src\utils\json.rs
FN:5,_RNvNtNtCsi5KG3Qgn1dg_15webhook_gateway5utils4json12compact_json
FN:62,_RNvNtNtCsi5KG3Qgn1dg_15webhook_gateway5utils4json13is_dr_payload
FN:19,_RNvNtNtCsi5KG3Qgn1dg_15webhook_gateway5utils4json16json_path_equals
FN:13,_RNvNtNtCsi5KG3Qgn1dg_15webhook_gateway5utils4json16json_path_exists
FN:28,_RNvNtNtCsi5KG3Qgn1dg_15webhook_gateway5utils4json18navigate_json_path
FN:75,_RNvNtNtCsi5KG3Qgn1dg_15webhook_gateway5utils4json23is_inbound_flow_payload
FN:22,_RNCNvNtNtCsi5KG3Qgn1dg_15webhook_gateway5utils4json16json_path_equals0B7_
FN:22,_RNCNvNtNtCsCIJ9D7Igft_15webhook_gateway5utils4json16json_path_equals0B7_
FN:5,_RNvNtNtCsCIJ9D7Igft_15webhook_gateway5utils4json12compact_json
FN:62,_RNvNtNtCsCIJ9D7Igft_15webhook_gateway5utils4json13is_dr_payload
FN:19,_RNvNtNtCsCIJ9D7Igft_15webhook_gateway5utils4json16json_path_equals
FN:13,_RNvNtNtCsCIJ9D7Igft_15webhook_gateway5utils4json16json_path_exists
FN:28,_RNvNtNtCsCIJ9D7Igft_15webhook_gateway5utils4json18navigate_json_path
FN:75,_RNvNtNtCsCIJ9D7Igft_15webhook_gateway5utils4json23is_inbound_flow_payload
FNDA:6,_RNvNtNtCsi5KG3Qgn1dg_15webhook_gateway5utils4json12compact_json
FNDA:0,_RNvNtNtCsi5KG3Qgn1dg_15webhook_gateway5utils4json13is_dr_payload
FNDA:0,_RNvNtNtCsi5KG3Qgn1dg_15webhook_gateway5utils4json16json_path_equals
FNDA:0,_RNvNtNtCsi5KG3Qgn1dg_15webhook_gateway5utils4json16json_path_exists
FNDA:0,_RNvNtNtCsi5KG3Qgn1dg_15webhook_gateway5utils4json18navigate_json_path
FNDA:0,_RNvNtNtCsi5KG3Qgn1dg_15webhook_gateway5utils4json23is_inbound_flow_payload
FNDA:0,_RNCNvNtNtCsi5KG3Qgn1dg_15webhook_gateway5utils4json16json_path_equals0B7_
FNDA:0,_RNCNvNtNtCsCIJ9D7Igft_15webhook_gateway5utils4json16json_path_equals0B7_
FNDA:0,_RNvNtNtCsCIJ9D7Igft_15webhook_gateway5utils4json12compact_json
FNDA:0,_RNvNtNtCsCIJ9D7Igft_15webhook_gateway5utils4json13is_dr_payload
FNDA:0,_RNvNtNtCsCIJ9D7Igft_15webhook_gateway5utils4json16json_path_equals
FNDA:0,_RNvNtNtCsCIJ9D7Igft_15webhook_gateway5utils4json16json_path_exists
FNDA:0,_RNvNtNtCsCIJ9D7Igft_15webhook_gateway5utils4json18navigate_json_path
FNDA:0,_RNvNtNtCsCIJ9D7Igft_15webhook_gateway5utils4json23is_inbound_flow_payload
FNF:7
FNH:1
DA:5,6
DA:6,6
DA:7,6
DA:8,6
DA:9,6
DA:13,0
DA:14,0
DA:15,0
DA:19,0
DA:20,0
DA:21,0
DA:22,0
DA:23,0
DA:28,0
DA:29,0
DA:30,0
DA:31,0
DA:33,0
DA:34,0
DA:36,0
DA:37,0
DA:39,0
DA:40,0
DA:41,0
DA:42,0
DA:43,0
DA:44,0
DA:45,0
DA:47,0
DA:49,0
DA:50,0
DA:52,0
DA:56,0
DA:62,0
DA:64,0
DA:65,0
DA:66,0
DA:69,0
DA:70,0
DA:75,0
DA:77,0
DA:78,0
DA:79,0
DA:80,0
DA:82,0
BRF:0
BRH:0
LF:46
LH:5
end_of_record
SF:D:\Rust\permata-gateway\src\utils\request_id.rs
FN:7,_RNCNvNtNtCsi5KG3Qgn1dg_15webhook_gateway5utils10request_id18extract_request_id0B7_
FN:13,_RNCNvNtNtCsi5KG3Qgn1dg_15webhook_gateway5utils10request_id18extract_request_ids_0B7_
FN:3,_RNvNtNtCsi5KG3Qgn1dg_15webhook_gateway5utils10request_id18extract_request_id
FN:7,_RNCNvNtNtCsCIJ9D7Igft_15webhook_gateway5utils10request_id18extract_request_id0B7_
FN:13,_RNCNvNtNtCsCIJ9D7Igft_15webhook_gateway5utils10request_id18extract_request_ids_0B7_
FN:3,_RNvNtNtCsCIJ9D7Igft_15webhook_gateway5utils10request_id18extract_request_id
FNDA:0,_RNCNvNtNtCsi5KG3Qgn1dg_15webhook_gateway5utils10request_id18extract_request_id0B7_
FNDA:0,_RNCNvNtNtCsi5KG3Qgn1dg_15webhook_gateway5utils10request_id18extract_request_ids_0B7_
FNDA:0,_RNvNtNtCsi5KG3Qgn1dg_15webhook_gateway5utils10request_id18extract_request_id
FNDA:0,_RNCNvNtNtCsCIJ9D7Igft_15webhook_gateway5utils10request_id18extract_request_id0B7_
FNDA:0,_RNCNvNtNtCsCIJ9D7Igft_15webhook_gateway5utils10request_id18extract_request_ids_0B7_
FNDA:0,_RNvNtNtCsCIJ9D7Igft_15webhook_gateway5utils10request_id18extract_request_id
FNF:3
FNH:0
DA:3,0
DA:4,0
DA:5,0
DA:7,0
DA:8,0
DA:9,0
DA:10,0
DA:11,0
DA:13,0
DA:14,0
DA:15,0
DA:16,0
DA:17,0
DA:20,0
DA:24,0
DA:27,0
BRF:0
BRH:0
LF:18
LH:0
end_of_record
SF:D:\Rust\permata-gateway\src\utils\signature.rs
FN:9,_RNvNtNtCsi5KG3Qgn1dg_15webhook_gateway5utils9signature18generate_signature
FN:9,_RNvNtNtCsCIJ9D7Igft_15webhook_gateway5utils9signature18generate_signature
FNDA:42,_RNvNtNtCsi5KG3Qgn1dg_15webhook_gateway5utils9signature18generate_signature
FNDA:0,_RNvNtNtCsCIJ9D7Igft_15webhook_gateway5utils9signature18generate_signature
FNF:1
FNH:1
DA:9,42
DA:10,42
DA:12,42
DA:13,42
DA:15,42
DA:16,42
DA:18,42
DA:19,42
BRF:0
BRH:0
LF:8
LH:8
end_of_record