SF:D:\Workspace\Rust\permata-gateway\src\config\mod.rs
FN:71,_RNvMNtCsbzJgzfmr7zY_15webhook_gateway6configNtB2_9AppConfig4load
FN:71,_RNvMNtCsed0qgdemKyN_15webhook_gateway6configNtB2_9AppConfig4load
FNDA:8,_RNvMNtCsbzJgzfmr7zY_15webhook_gateway6configNtB2_9AppConfig4load
FNDA:0,_RNvMNtCsed0qgdemKyN_15webhook_gateway6configNtB2_9AppConfig4load
FNF:1
FNH:1
DA:71,8
DA:72,8
DA:73,8
DA:74,8
DA:75,8
DA:77,8
DA:78,8
BRF:0
BRH:0
LF:7
LH:7
end_of_record
SF:D:\Workspace\Rust\permata-gateway\src\handlers\webhook_server.rs
FN:52,_RNvMNtNtCsbzJgzfmr7zY_15webhook_gateway8handlers14webhook_serverNtB2_13WebhookServer13create_router
FN:65,_RNvMNtNtCsbzJgzfmr7zY_15webhook_gateway8handlers14webhook_serverNtB2_13WebhookServer22should_process_payload
FN:44,_RNvMNtNtCsbzJgzfmr7zY_15webhook_gateway8handlers14webhook_serverNtB2_13WebhookServer3new
FN:296,_RNvNtNtCsbzJgzfmr7zY_15webhook_gateway8handlers14webhook_server15shutdown_signal
FN:121,_RNvNtNtCsbzJgzfmr7zY_15webhook_gateway8handlers14webhook_server15webhook_handler
FN:232,_RNvNtNtCsbzJgzfmr7zY_15webhook_gateway8handlers14webhook_server20health_check_handler
FN:255,_RNvXs1_NtNtCsbzJgzfmr7zY_15webhook_gateway8handlers14webhook_serverNtB5_13WebhookServerNtB5_18WebhookServerTrait5start
FN:285,_RNvXs1_NtNtCsbzJgzfmr7zY_15webhook_gateway8handlers14webhook_serverNtB5_13WebhookServerNtB5_18WebhookServerTrait8shutdown
FN:297,_RNCNCNvNtNtCsbzJgzfmr7zY_15webhook_gateway8handlers14webhook_server15shutdown_signal00B9_
FN:187,_RNCNCNvNtNtCsbzJgzfmr7zY_15webhook_gateway8handlers14webhook_server15webhook_handler00B9_
FN:208,_RNCNCNvNtNtCsbzJgzfmr7zY_15webhook_gateway8handlers14webhook_server15webhook_handler0s_0B9_
FN:258,_RNCNCNvXs1_NtNtCsbzJgzfmr7zY_15webhook_gateway8handlers14webhook_serverNtB9_13WebhookServerNtB9_18WebhookServerTrait5start00Bd_
FN:280,_RNCNCNvXs1_NtNtCsbzJgzfmr7zY_15webhook_gateway8handlers14webhook_serverNtB9_13WebhookServerNtB9_18WebhookServerTrait5start0s0_0Bd_
FN:275,_RNCNCNvXs1_NtNtCsbzJgzfmr7zY_15webhook_gateway8handlers14webhook_serverNtB9_13WebhookServerNtB9_18WebhookServerTrait5start0s_0Bd_
FN:296,_RNCNvNtNtCsbzJgzfmr7zY_15webhook_gateway8handlers14webhook_server15shutdown_signal0B7_
FN:125,_RNCNvNtNtCsbzJgzfmr7zY_15webhook_gateway8handlers14webhook_server15webhook_handler0B7_
FN:234,_RNCNvNtNtCsbzJgzfmr7zY_15webhook_gateway8handlers14webhook_server20health_check_handler0B7_
FN:297,_RNCNCNvNtNtCsed0qgdemKyN_15webhook_gateway8handlers14webhook_server15shutdown_signal00B9_
FN:187,_RNCNCNvNtNtCsed0qgdemKyN_15webhook_gateway8handlers14webhook_server15webhook_handler00B9_
FN:208,_RNCNCNvNtNtCsed0qgdemKyN_15webhook_gateway8handlers14webhook_server15webhook_handler0s_0B9_
FN:258,_RNCNCNvXs1_NtNtCsed0qgdemKyN_15webhook_gateway8handlers14webhook_serverNtB9_13WebhookServerNtB9_18WebhookServerTrait5start00Bd_
FN:280,_RNCNCNvXs1_NtNtCsed0qgdemKyN_15webhook_gateway8handlers14webhook_serverNtB9_13WebhookServerNtB9_18WebhookServerTrait5start0s0_0Bd_
FN:275,_RNCNCNvXs1_NtNtCsed0qgdemKyN_15webhook_gateway8handlers14webhook_serverNtB9_13WebhookServerNtB9_18WebhookServerTrait5start0s_0Bd_
FN:296,_RNCNvNtNtCsed0qgdemKyN_15webhook_gateway8handlers14webhook_server15shutdown_signal0B7_
FN:125,_RNCNvNtNtCsed0qgdemKyN_15webhook_gateway8handlers14webhook_server15webhook_handler0B7_
FN:234,_RNCNvNtNtCsed0qgdemKyN_15webhook_gateway8handlers14webhook_server20health_check_handler0B7_
FN:52,_RNvMNtNtCsed0qgdemKyN_15webhook_gateway8handlers14webhook_serverNtB2_13WebhookServer13create_router
FN:65,_RNvMNtNtCsed0qgdemKyN_15webhook_gateway8handlers14webhook_serverNtB2_13WebhookServer22should_process_payload
FN:44,_RNvMNtNtCsed0qgdemKyN_15webhook_gateway8handlers14webhook_serverNtB2_13WebhookServer3new
FN:296,_RNvNtNtCsed0qgdemKyN_15webhook_gateway8handlers14webhook_server15shutdown_signal
FN:121,_RNvNtNtCsed0qgdemKyN_15webhook_gateway8handlers14webhook_server15webhook_handler
FN:232,_RNvNtNtCsed0qgdemKyN_15webhook_gateway8handlers14webhook_server20health_check_handler
FN:255,_RNvXs1_NtNtCsed0qgdemKyN_15webhook_gateway8handlers14webhook_serverNtB5_13WebhookServerNtB5_18WebhookServerTrait5start
FN:285,_RNvXs1_NtNtCsed0qgdemKyN_15webhook_gateway8handlers14webhook_serverNtB5_13WebhookServerNtB5_18WebhookServerTrait8shutdown
FNDA:0,_RNvMNtNtCsbzJgzfmr7zY_15webhook_gateway8handlers14webhook_serverNtB2_13WebhookServer13create_router
FNDA:0,_RNvMNtNtCsbzJgzfmr7zY_15webhook_gateway8handlers14webhook_serverNtB2_13WebhookServer22should_process_payload
FNDA:2,_RNvMNtNtCsbzJgzfmr7zY_15webhook_gateway8handlers14webhook_serverNtB2_13WebhookServer3new
FNDA:0,_RNvNtNtCsbzJgzfmr7zY_15webhook_gateway8handlers14webhook_server15shutdown_signal
FNDA:0,_RNvNtNtCsbzJgzfmr7zY_15webhook_gateway8handlers14webhook_server15webhook_handler
FNDA:0,_RNvNtNtCsbzJgzfmr7zY_15webhook_gateway8handlers14webhook_server20health_check_handler
FNDA:0,_RNvXs1_NtNtCsbzJgzfmr7zY_15webhook_gateway8handlers14webhook_serverNtB5_13WebhookServerNtB5_18WebhookServerTrait5start
FNDA:2,_RNvXs1_NtNtCsbzJgzfmr7zY_15webhook_gateway8handlers14webhook_serverNtB5_13WebhookServerNtB5_18WebhookServerTrait8shutdown
FNDA:0,_RNCNCNvNtNtCsbzJgzfmr7zY_15webhook_gateway8handlers14webhook_server15shutdown_signal00B9_
FNDA:0,_RNCNCNvNtNtCsbzJgzfmr7zY_15webhook_gateway8handlers14webhook_server15webhook_handler00B9_
FNDA:0,_RNCNCNvNtNtCsbzJgzfmr7zY_15webhook_gateway8handlers14webhook_server15webhook_handler0s_0B9_
FNDA:0,_RNCNCNvXs1_NtNtCsbzJgzfmr7zY_15webhook_gateway8handlers14webhook_serverNtB9_13WebhookServerNtB9_18WebhookServerTrait5start00Bd_
FNDA:0,_RNCNCNvXs1_NtNtCsbzJgzfmr7zY_15webhook_gateway8handlers14webhook_serverNtB9_13WebhookServerNtB9_18WebhookServerTrait5start0s0_0Bd_
FNDA:0,_RNCNCNvXs1_NtNtCsbzJgzfmr7zY_15webhook_gateway8handlers14webhook_serverNtB9_13WebhookServerNtB9_18WebhookServerTrait5start0s_0Bd_
FNDA:0,_RNCNvNtNtCsbzJgzfmr7zY_15webhook_gateway8handlers14webhook_server15shutdown_signal0B7_
FNDA:0,_RNCNvNtNtCsbzJgzfmr7zY_15webhook_gateway8handlers14webhook_server15webhook_handler0B7_
FNDA:0,_RNCNvNtNtCsbzJgzfmr7zY_15webhook_gateway8handlers14webhook_server20health_check_handler0B7_
FNDA:0,_RNCNCNvNtNtCsed0qgdemKyN_15webhook_gateway8handlers14webhook_server15shutdown_signal00B9_
FNDA:0,_RNCNCNvNtNtCsed0qgdemKyN_15webhook_gateway8handlers14webhook_server15webhook_handler00B9_
FNDA:0,_RNCNCNvNtNtCsed0qgdemKyN_15webhook_gateway8handlers14webhook_server15webhook_handler0s_0B9_
FNDA:0,_RNCNCNvXs1_NtNtCsed0qgdemKyN_15webhook_gateway8handlers14webhook_serverNtB9_13WebhookServerNtB9_18WebhookServerTrait5start00Bd_
FNDA:0,_RNCNCNvXs1_NtNtCsed0qgdemKyN_15webhook_gateway8handlers14webhook_serverNtB9_13WebhookServerNtB9_18WebhookServerTrait5start0s0_0Bd_
FNDA:0,_RNCNCNvXs1_NtNtCsed0qgdemKyN_15webhook_gateway8handlers14webhook_serverNtB9_13WebhookServerNtB9_18WebhookServerTrait5start0s_0Bd_
FNDA:0,_RNCNvNtNtCsed0qgdemKyN_15webhook_gateway8handlers14webhook_server15shutdown_signal0B7_
FNDA:0,_RNCNvNtNtCsed0qgdemKyN_15webhook_gateway8handlers14webhook_server15webhook_handler0B7_
FNDA:0,_RNCNvNtNtCsed0qgdemKyN_15webhook_gateway8handlers14webhook_server20health_check_handler0B7_
FNDA:0,_RNvMNtNtCsed0qgdemKyN_15webhook_gateway8handlers14webhook_serverNtB2_13WebhookServer13create_router
FNDA:0,_RNvMNtNtCsed0qgdemKyN_15webhook_gateway8handlers14webhook_serverNtB2_13WebhookServer22should_process_payload
FNDA:0,_RNvMNtNtCsed0qgdemKyN_15webhook_gateway8handlers14webhook_serverNtB2_13WebhookServer3new
FNDA:0,_RNvNtNtCsed0qgdemKyN_15webhook_gateway8handlers14webhook_server15shutdown_signal
FNDA:0,_RNvNtNtCsed0qgdemKyN_15webhook_gateway8handlers14webhook_server15webhook_handler
FNDA:0,_RNvNtNtCsed0qgdemKyN_15webhook_gateway8handlers14webhook_server20health_check_handler
FNDA:0,_RNvXs1_NtNtCsed0qgdemKyN_15webhook_gateway8handlers14webhook_serverNtB5_13WebhookServerNtB5_18WebhookServerTrait5start
FNDA:0,_RNvXs1_NtNtCsed0qgdemKyN_15webhook_gateway8handlers14webhook_serverNtB5_13WebhookServerNtB5_18WebhookServerTrait8shutdown
FNF:17
FNH:2
DA:44,2
DA:45,2
DA:46,2
DA:47,2
DA:48,2
DA:49,2
DA:50,2
DA:52,0
DA:53,0
DA:54,0
DA:55,0
DA:56,0
DA:57,0
DA:59,0
DA:60,0
DA:61,0
DA:62,0
DA:63,0
DA:65,0
DA:66,0
DA:67,0
DA:69,0
DA:70,0
DA:71,0
DA:72,0
DA:73,0
DA:74,0
DA:76,0
DA:77,0
DA:80,0
DA:81,0
DA:82,0
DA:83,0
DA:84,0
DA:85,0
DA:87,0
DA:88,0
DA:90,0
DA:91,0
DA:92,0
DA:93,0
DA:94,0
DA:96,0
DA:98,0
DA:99,0
DA:101,0
DA:102,0
DA:103,0
DA:104,0
DA:108,0
DA:109,0
DA:110,0
DA:111,0
DA:112,0
DA:113,0
DA:114,0
DA:117,0
DA:121,0
DA:122,0
DA:123,0
DA:124,0
DA:125,0
DA:126,0
DA:128,0
DA:129,0
DA:130,0
DA:131,0
DA:132,0
DA:133,0
DA:134,0
DA:135,0
DA:136,0
DA:140,0
DA:141,0
DA:142,0
DA:143,0
DA:144,0
DA:145,0
DA:146,0
DA:148,0
DA:149,0
DA:150,0
DA:151,0
DA:152,0
DA:153,0
DA:154,0
DA:158,0
DA:159,0
DA:162,0
DA:163,0
DA:164,0
DA:165,0
DA:166,0
DA:168,0
DA:169,0
DA:170,0
DA:171,0
DA:172,0
DA:173,0
DA:175,0
DA:176,0
DA:177,0
DA:178,0
DA:179,0
DA:180,0
DA:181,0
DA:182,0
DA:185,0
DA:186,0
DA:187,0
DA:188,0
DA:189,0
DA:193,0
DA:194,0
DA:195,0
DA:196,0
DA:198,0
DA:199,0
DA:200,0
DA:201,0
DA:202,0
DA:206,0
DA:207,0
DA:208,0
DA:209,0
DA:212,0
DA:214,0
DA:215,0
DA:216,0
DA:217,0
DA:218,0
DA:221,0
DA:222,0
DA:223,0
DA:224,0
DA:225,0
DA:226,0
DA:227,0
DA:230,0
DA:232,0
DA:233,0
DA:234,0
DA:235,0
DA:237,0
DA:238,0
DA:239,0
DA:240,0
DA:241,0
DA:244,0
DA:245,0
DA:246,0
DA:247,0
DA:248,0
DA:249,0
DA:250,0
DA:251,0
DA:255,0
DA:258,0
DA:275,0
DA:280,0
DA:283,0
DA:285,2
DA:293,2
DA:296,0
DA:297,0
DA:298,0
DA:299,0
DA:300,0
DA:301,0
DA:312,0
DA:314,0
DA:315,0
DA:316,0
DA:319,0
DA:320,0
DA:321,0
DA:322,0
DA:323,0
DA:325,0
BRF:0
BRH:0
LF:184
LH:9
end_of_record
SF:D:\Workspace\Rust\permata-gateway\src\main.rs
FN:38,_RNCNCNvCsgrR0YE9oz_15webhook_gateway4main00B5_
FN:14,_RNCNvCsgrR0YE9oz_15webhook_gateway4main0B3_
FN:14,_RNvCsgrR0YE9oz_15webhook_gateway4main
FN:14,_RNvCs9oYNdCt0HPN_15webhook_gateway4main
FN:38,_RNCNCNvCs9oYNdCt0HPN_15webhook_gateway4main00B5_
FN:14,_RNCNvCs9oYNdCt0HPN_15webhook_gateway4main0B3_
FNDA:0,_RNCNCNvCsgrR0YE9oz_15webhook_gateway4main00B5_
FNDA:0,_RNCNvCsgrR0YE9oz_15webhook_gateway4main0B3_
FNDA:0,_RNvCsgrR0YE9oz_15webhook_gateway4main
FNDA:0,_RNvCs9oYNdCt0HPN_15webhook_gateway4main
FNDA:0,_RNCNCNvCs9oYNdCt0HPN_15webhook_gateway4main00B5_
FNDA:0,_RNCNvCs9oYNdCt0HPN_15webhook_gateway4main0B3_
FNF:3
FNH:0
DA:14,0
DA:15,0
DA:17,0
DA:19,0
DA:21,0
DA:22,0
DA:23,0
DA:25,0
DA:26,0
DA:27,0
DA:28,0
DA:29,0
DA:30,0
DA:31,0
DA:32,0
DA:33,0
DA:36,0
DA:37,0
DA:38,0
DA:39,0
DA:40,0
DA:41,0
DA:42,0
DA:43,0
DA:44,0
DA:45,0
DA:46,0
DA:49,0
DA:50,0
DA:51,0
DA:52,0
DA:53,0
DA:54,0
DA:55,0
DA:56,0
DA:57,0
DA:58,0
DA:59,0
DA:60,0
DA:61,0
DA:62,0
DA:63,0
DA:64,0
DA:68,0
DA:69,0
DA:70,0
DA:71,0
DA:72,0
DA:76,0
DA:77,0
DA:78,0
DA:79,0
DA:80,0
DA:81,0
DA:82,0
DA:85,0
DA:88,0
DA:90,0
DA:91,0
DA:92,0
DA:93,0
DA:94,0
DA:97,0
DA:98,0
BRF:0
BRH:0
LF:66
LH:0
end_of_record
SF:D:\Workspace\Rust\permata-gateway\src\providers\logging.rs
FN:17,_RNvMNtNtCsbzJgzfmr7zY_15webhook_gateway9providers7loggingNtB2_22ConfigurableFileWriter3new
FN:179,_RNvMs0_NtNtCsbzJgzfmr7zY_15webhook_gateway9providers7loggingNtB5_16StructuredLogger11log_warning
FN:213,_RNvMs0_NtNtCsbzJgzfmr7zY_15webhook_gateway9providers7loggingNtB5_16StructuredLogger13write_to_file
FN:63,_RNvMs0_NtNtCsbzJgzfmr7zY_15webhook_gateway9providers7loggingNtB5_16StructuredLogger4init
FN:135,_RNvMs0_NtNtCsbzJgzfmr7zY_15webhook_gateway9providers7loggingNtB5_16StructuredLogger8log_info
FN:101,_RNvMs0_NtNtCsbzJgzfmr7zY_15webhook_gateway9providers7loggingNtB5_16StructuredLogger9log_error
FN:29,_RNvXs_NtNtCsbzJgzfmr7zY_15webhook_gateway9providers7loggingNtB4_22ConfigurableFileWriterNtNtNtCscx6Dr7RmxdB_18tracing_subscriber3fmt6writer10MakeWriter11make_writer
FN:186,_RNCNvMs0_NtNtCsbzJgzfmr7zY_15webhook_gateway9providers7loggingNtB7_16StructuredLogger11log_warning0Bb_
FN:187,_RNCNvMs0_NtNtCsbzJgzfmr7zY_15webhook_gateway9providers7loggingNtB7_16StructuredLogger11log_warnings_0Bb_
FN:74,_RNCNvMs0_NtNtCsbzJgzfmr7zY_15webhook_gateway9providers7loggingNtB7_16StructuredLogger4init0Bb_
FN:143,_RNCNvMs0_NtNtCsbzJgzfmr7zY_15webhook_gateway9providers7loggingNtB7_16StructuredLogger8log_info0Bb_
FN:144,_RNCNvMs0_NtNtCsbzJgzfmr7zY_15webhook_gateway9providers7loggingNtB7_16StructuredLogger8log_infos_0Bb_
FN:108,_RNCNvMs0_NtNtCsbzJgzfmr7zY_15webhook_gateway9providers7loggingNtB7_16StructuredLogger9log_error0Bb_
FN:109,_RNCNvMs0_NtNtCsbzJgzfmr7zY_15webhook_gateway9providers7loggingNtB7_16StructuredLogger9log_errors_0Bb_
FN:45,_RNCNvXs_NtNtCsbzJgzfmr7zY_15webhook_gateway9providers7loggingNtB6_22ConfigurableFileWriterNtNtNtCscx6Dr7RmxdB_18tracing_subscriber3fmt6writer10MakeWriter11make_writer0Ba_
FN:52,_RNCNvXs_NtNtCsbzJgzfmr7zY_15webhook_gateway9providers7loggingNtB6_22ConfigurableFileWriterNtNtNtCscx6Dr7RmxdB_18tracing_subscriber3fmt6writer10MakeWriter11make_writers_0Ba_
FN:186,_RNCNvMs0_NtNtCsed0qgdemKyN_15webhook_gateway9providers7loggingNtB7_16StructuredLogger11log_warning0Bb_
FN:187,_RNCNvMs0_NtNtCsed0qgdemKyN_15webhook_gateway9providers7loggingNtB7_16StructuredLogger11log_warnings_0Bb_
FN:74,_RNCNvMs0_NtNtCsed0qgdemKyN_15webhook_gateway9providers7loggingNtB7_16StructuredLogger4init0Bb_
FN:143,_RNCNvMs0_NtNtCsed0qgdemKyN_15webhook_gateway9providers7loggingNtB7_16StructuredLogger8log_info0Bb_
FN:144,_RNCNvMs0_NtNtCsed0qgdemKyN_15webhook_gateway9providers7loggingNtB7_16StructuredLogger8log_infos_0Bb_
FN:108,_RNCNvMs0_NtNtCsed0qgdemKyN_15webhook_gateway9providers7loggingNtB7_16StructuredLogger9log_error0Bb_
FN:109,_RNCNvMs0_NtNtCsed0qgdemKyN_15webhook_gateway9providers7loggingNtB7_16StructuredLogger9log_errors_0Bb_
FN:45,_RNCNvXs_NtNtCsed0qgdemKyN_15webhook_gateway9providers7loggingNtB6_22ConfigurableFileWriterNtNtNtCscx6Dr7RmxdB_18tracing_subscriber3fmt6writer10MakeWriter11make_writer0Ba_
FN:52,_RNCNvXs_NtNtCsed0qgdemKyN_15webhook_gateway9providers7loggingNtB6_22ConfigurableFileWriterNtNtNtCscx6Dr7RmxdB_18tracing_subscriber3fmt6writer10MakeWriter11make_writers_0Ba_
FN:17,_RNvMNtNtCsed0qgdemKyN_15webhook_gateway9providers7loggingNtB2_22ConfigurableFileWriter3new
FN:179,_RNvMs0_NtNtCsed0qgdemKyN_15webhook_gateway9providers7loggingNtB5_16StructuredLogger11log_warning
FN:213,_RNvMs0_NtNtCsed0qgdemKyN_15webhook_gateway9providers7loggingNtB5_16StructuredLogger13write_to_file
FN:63,_RNvMs0_NtNtCsed0qgdemKyN_15webhook_gateway9providers7loggingNtB5_16StructuredLogger4init
FN:135,_RNvMs0_NtNtCsed0qgdemKyN_15webhook_gateway9providers7loggingNtB5_16StructuredLogger8log_info
FN:101,_RNvMs0_NtNtCsed0qgdemKyN_15webhook_gateway9providers7loggingNtB5_16StructuredLogger9log_error
FN:29,_RNvXs_NtNtCsed0qgdemKyN_15webhook_gateway9providers7loggingNtB4_22ConfigurableFileWriterNtNtNtCscx6Dr7RmxdB_18tracing_subscriber3fmt6writer10MakeWriter11make_writer
FNDA:2,_RNvMNtNtCsbzJgzfmr7zY_15webhook_gateway9providers7loggingNtB2_22ConfigurableFileWriter3new
FNDA:308,_RNvMs0_NtNtCsbzJgzfmr7zY_15webhook_gateway9providers7loggingNtB5_16StructuredLogger11log_warning
FNDA:700,_RNvMs0_NtNtCsbzJgzfmr7zY_15webhook_gateway9providers7loggingNtB5_16StructuredLogger13write_to_file
FNDA:2,_RNvMs0_NtNtCsbzJgzfmr7zY_15webhook_gateway9providers7loggingNtB5_16StructuredLogger4init
FNDA:668,_RNvMs0_NtNtCsbzJgzfmr7zY_15webhook_gateway9providers7loggingNtB5_16StructuredLogger8log_info
FNDA:392,_RNvMs0_NtNtCsbzJgzfmr7zY_15webhook_gateway9providers7loggingNtB5_16StructuredLogger9log_error
FNDA:0,_RNvXs_NtNtCsbzJgzfmr7zY_15webhook_gateway9providers7loggingNtB4_22ConfigurableFileWriterNtNtNtCscx6Dr7RmxdB_18tracing_subscriber3fmt6writer10MakeWriter11make_writer
FNDA:308,_RNCNvMs0_NtNtCsbzJgzfmr7zY_15webhook_gateway9providers7loggingNtB7_16StructuredLogger11log_warning0Bb_
FNDA:308,_RNCNvMs0_NtNtCsbzJgzfmr7zY_15webhook_gateway9providers7loggingNtB7_16StructuredLogger11log_warnings_0Bb_
FNDA:2,_RNCNvMs0_NtNtCsbzJgzfmr7zY_15webhook_gateway9providers7loggingNtB7_16StructuredLogger4init0Bb_
FNDA:667,_RNCNvMs0_NtNtCsbzJgzfmr7zY_15webhook_gateway9providers7loggingNtB7_16StructuredLogger8log_info0Bb_
FNDA:667,_RNCNvMs0_NtNtCsbzJgzfmr7zY_15webhook_gateway9providers7loggingNtB7_16StructuredLogger8log_infos_0Bb_
FNDA:392,_RNCNvMs0_NtNtCsbzJgzfmr7zY_15webhook_gateway9providers7loggingNtB7_16StructuredLogger9log_error0Bb_
FNDA:392,_RNCNvMs0_NtNtCsbzJgzfmr7zY_15webhook_gateway9providers7loggingNtB7_16StructuredLogger9log_errors_0Bb_
FNDA:0,_RNCNvXs_NtNtCsbzJgzfmr7zY_15webhook_gateway9providers7loggingNtB6_22ConfigurableFileWriterNtNtNtCscx6Dr7RmxdB_18tracing_subscriber3fmt6writer10MakeWriter11make_writer0Ba_
FNDA:0,_RNCNvXs_NtNtCsbzJgzfmr7zY_15webhook_gateway9providers7loggingNtB6_22ConfigurableFileWriterNtNtNtCscx6Dr7RmxdB_18tracing_subscriber3fmt6writer10MakeWriter11make_writers_0Ba_
FNDA:0,_RNCNvMs0_NtNtCsed0qgdemKyN_15webhook_gateway9providers7loggingNtB7_16StructuredLogger11log_warning0Bb_
FNDA:0,_RNCNvMs0_NtNtCsed0qgdemKyN_15webhook_gateway9providers7loggingNtB7_16StructuredLogger11log_warnings_0Bb_
FNDA:0,_RNCNvMs0_NtNtCsed0qgdemKyN_15webhook_gateway9providers7loggingNtB7_16StructuredLogger4init0Bb_
FNDA:0,_RNCNvMs0_NtNtCsed0qgdemKyN_15webhook_gateway9providers7loggingNtB7_16StructuredLogger8log_info0Bb_
FNDA:0,_RNCNvMs0_NtNtCsed0qgdemKyN_15webhook_gateway9providers7loggingNtB7_16StructuredLogger8log_infos_0Bb_
FNDA:0,_RNCNvMs0_NtNtCsed0qgdemKyN_15webhook_gateway9providers7loggingNtB7_16StructuredLogger9log_error0Bb_
FNDA:0,_RNCNvMs0_NtNtCsed0qgdemKyN_15webhook_gateway9providers7loggingNtB7_16StructuredLogger9log_errors_0Bb_
FNDA:0,_RNCNvXs_NtNtCsed0qgdemKyN_15webhook_gateway9providers7loggingNtB6_22ConfigurableFileWriterNtNtNtCscx6Dr7RmxdB_18tracing_subscriber3fmt6writer10MakeWriter11make_writer0Ba_
FNDA:0,_RNCNvXs_NtNtCsed0qgdemKyN_15webhook_gateway9providers7loggingNtB6_22ConfigurableFileWriterNtNtNtCscx6Dr7RmxdB_18tracing_subscriber3fmt6writer10MakeWriter11make_writers_0Ba_
FNDA:0,_RNvMNtNtCsed0qgdemKyN_15webhook_gateway9providers7loggingNtB2_22ConfigurableFileWriter3new
FNDA:0,_RNvMs0_NtNtCsed0qgdemKyN_15webhook_gateway9providers7loggingNtB5_16StructuredLogger11log_warning
FNDA:0,_RNvMs0_NtNtCsed0qgdemKyN_15webhook_gateway9providers7loggingNtB5_16StructuredLogger13write_to_file
FNDA:0,_RNvMs0_NtNtCsed0qgdemKyN_15webhook_gateway9providers7loggingNtB5_16StructuredLogger4init
FNDA:0,_RNvMs0_NtNtCsed0qgdemKyN_15webhook_gateway9providers7loggingNtB5_16StructuredLogger8log_info
FNDA:0,_RNvMs0_NtNtCsed0qgdemKyN_15webhook_gateway9providers7loggingNtB5_16StructuredLogger9log_error
FNDA:0,_RNvXs_NtNtCsed0qgdemKyN_15webhook_gateway9providers7loggingNtB4_22ConfigurableFileWriterNtNtNtCscx6Dr7RmxdB_18tracing_subscriber3fmt6writer10MakeWriter11make_writer
FNF:16
FNH:13
DA:17,2
DA:19,2
DA:20,2
DA:21,2
DA:29,0
DA:30,0
DA:31,0
DA:33,0
DA:36,0
DA:37,0
DA:43,0
DA:44,0
DA:45,0
DA:46,0
DA:48,0
DA:49,0
DA:50,0
DA:51,0
DA:52,0
DA:54,0
DA:55,0
DA:63,2
DA:64,2
DA:65,2
DA:66,0
DA:67,0
DA:68,0
DA:69,0
DA:70,0
DA:74,2
DA:75,2
DA:76,2
DA:77,2
DA:79,2
DA:81,2
DA:84,2
DA:86,2
DA:87,2
DA:88,2
DA:89,2
DA:90,2
DA:91,0
DA:92,0
DA:93,0
DA:94,0
DA:95,0
DA:96,0
DA:98,2
DA:99,2
DA:101,392
DA:102,392
DA:103,392
DA:104,392
DA:105,392
DA:106,392
DA:107,392
DA:108,392
DA:109,392
DA:110,392
DA:112,392
DA:113,392
DA:115,0
DA:118,392
DA:119,392
DA:121,392
DA:122,392
DA:123,392
DA:125,392
DA:126,392
DA:127,392
DA:131,392
DA:132,392
DA:133,392
DA:135,668
DA:136,668
DA:137,668
DA:138,668
DA:139,668
DA:140,668
DA:141,668
DA:142,668
DA:143,668
DA:144,668
DA:145,668
DA:147,668
DA:148,667
DA:150,1
DA:153,668
DA:154,668
DA:156,668
DA:157,668
DA:158,668
DA:160,668
DA:161,668
DA:162,668
DA:165,668
DA:166,30
DA:167,30
DA:168,90
DA:169,60
DA:170,60
DA:171,0
DA:172,0
DA:173,638
DA:176,668
DA:177,668
DA:179,308
DA:180,308
DA:181,308
DA:182,308
DA:183,308
DA:184,308
DA:185,308
DA:186,308
DA:187,308
DA:188,308
DA:190,308
DA:191,308
DA:193,0
DA:196,308
DA:197,308
DA:199,308
DA:200,308
DA:201,308
DA:203,308
DA:204,308
DA:205,308
DA:209,308
DA:210,308
DA:211,308
DA:213,700
DA:214,700
DA:215,700
DA:216,700
DA:217,700
DA:218,700
DA:220,0
DA:223,700
DA:224,700
DA:229,700
DA:230,700
DA:231,700
DA:233,700
DA:234,700
DA:235,700
DA:236,700
DA:237,700
DA:238,700
DA:239,700
DA:240,0
DA:241,0
DA:242,0
DA:243,700
BRF:0
BRH:0
LF:162
LH:124
end_of_record
SF:D:\Workspace\Rust\permata-gateway\src\services\permata_callbackstatus_client.rs
FN:40,_RNvMNtNtCsbzJgzfmr7zY_15webhook_gateway8services29permata_callbackstatus_clientNtB2_27PermataCallbackStatusClient12send_webhook
FN:97,_RNvMNtNtCsbzJgzfmr7zY_15webhook_gateway8services29permata_callbackstatus_clientNtB2_27PermataCallbackStatusClient20make_webhook_request
FN:200,_RNvMNtNtCsbzJgzfmr7zY_15webhook_gateway8services29permata_callbackstatus_clientNtB2_27PermataCallbackStatusClient23is_authentication_error
FN:44,_RNvMNtNtCsbzJgzfmr7zY_15webhook_gateway8services29permata_callbackstatus_clientNtB2_27PermataCallbackStatusClient25send_webhook_with_context
FN:25,_RNvMNtNtCsbzJgzfmr7zY_15webhook_gateway8services29permata_callbackstatus_clientNtB2_27PermataCallbackStatusClient3new
FN:190,_RNvMNtNtCsbzJgzfmr7zY_15webhook_gateway8services29permata_callbackstatus_clientNtB2_27PermataCallbackStatusClient8shutdown
FN:40,_RNCNvMNtNtCsbzJgzfmr7zY_15webhook_gateway8services29permata_callbackstatus_clientNtB4_27PermataCallbackStatusClient12send_webhook0B8_
FN:190,_RNCNvMNtNtCsbzJgzfmr7zY_15webhook_gateway8services29permata_callbackstatus_clientNtB4_27PermataCallbackStatusClient8shutdown0B8_
FN:103,_RNCNvMNtNtCsbzJgzfmr7zY_15webhook_gateway8services29permata_callbackstatus_clientNtB4_27PermataCallbackStatusClient20make_webhook_request0B8_
FN:44,_RNCNvMNtNtCsbzJgzfmr7zY_15webhook_gateway8services29permata_callbackstatus_clientNtB4_27PermataCallbackStatusClient25send_webhook_with_context0B8_
FN:40,_RNCNvMNtNtCsbzJgzfmr7zY_15webhook_gateway8services29permata_callbackstatus_clientNtB4_27PermataCallbackStatusClient12send_webhook0CsceFSBOtg8Yd_3lib
FN:190,_RNCNvMNtNtCsbzJgzfmr7zY_15webhook_gateway8services29permata_callbackstatus_clientNtB4_27PermataCallbackStatusClient8shutdown0CsceFSBOtg8Yd_3lib
FN:40,_RNCNvMNtNtCsbzJgzfmr7zY_15webhook_gateway8services29permata_callbackstatus_clientNtB4_27PermataCallbackStatusClient12send_webhook0Cs4GrA12dzGia_10unit_tests
FN:190,_RNCNvMNtNtCsbzJgzfmr7zY_15webhook_gateway8services29permata_callbackstatus_clientNtB4_27PermataCallbackStatusClient8shutdown0Cs4GrA12dzGia_10unit_tests
FN:40,_RNCNvMNtNtCsed0qgdemKyN_15webhook_gateway8services29permata_callbackstatus_clientNtB4_27PermataCallbackStatusClient12send_webhook0B8_
FN:103,_RNCNvMNtNtCsed0qgdemKyN_15webhook_gateway8services29permata_callbackstatus_clientNtB4_27PermataCallbackStatusClient20make_webhook_request0B8_
FN:44,_RNCNvMNtNtCsed0qgdemKyN_15webhook_gateway8services29permata_callbackstatus_clientNtB4_27PermataCallbackStatusClient25send_webhook_with_context0B8_
FN:190,_RNCNvMNtNtCsed0qgdemKyN_15webhook_gateway8services29permata_callbackstatus_clientNtB4_27PermataCallbackStatusClient8shutdown0B8_
FN:40,_RNvMNtNtCsed0qgdemKyN_15webhook_gateway8services29permata_callbackstatus_clientNtB2_27PermataCallbackStatusClient12send_webhook
FN:97,_RNvMNtNtCsed0qgdemKyN_15webhook_gateway8services29permata_callbackstatus_clientNtB2_27PermataCallbackStatusClient20make_webhook_request
FN:200,_RNvMNtNtCsed0qgdemKyN_15webhook_gateway8services29permata_callbackstatus_clientNtB2_27PermataCallbackStatusClient23is_authentication_error
FN:44,_RNvMNtNtCsed0qgdemKyN_15webhook_gateway8services29permata_callbackstatus_clientNtB2_27PermataCallbackStatusClient25send_webhook_with_context
FN:25,_RNvMNtNtCsed0qgdemKyN_15webhook_gateway8services29permata_callbackstatus_clientNtB2_27PermataCallbackStatusClient3new
FN:190,_RNvMNtNtCsed0qgdemKyN_15webhook_gateway8services29permata_callbackstatus_clientNtB2_27PermataCallbackStatusClient8shutdown
FN:190,_RNCNvMNtNtCsbzJgzfmr7zY_15webhook_gateway8services29permata_callbackstatus_clientNtB4_27PermataCallbackStatusClient8shutdown0Cs9oYNdCt0HPN_15webhook_gateway
FNDA:12,_RNvMNtNtCsbzJgzfmr7zY_15webhook_gateway8services29permata_callbackstatus_clientNtB2_27PermataCallbackStatusClient12send_webhook
FNDA:104,_RNvMNtNtCsbzJgzfmr7zY_15webhook_gateway8services29permata_callbackstatus_clientNtB2_27PermataCallbackStatusClient20make_webhook_request
FNDA:94,_RNvMNtNtCsbzJgzfmr7zY_15webhook_gateway8services29permata_callbackstatus_clientNtB2_27PermataCallbackStatusClient23is_authentication_error
FNDA:44,_RNvMNtNtCsbzJgzfmr7zY_15webhook_gateway8services29permata_callbackstatus_clientNtB2_27PermataCallbackStatusClient25send_webhook_with_context
FNDA:52,_RNvMNtNtCsbzJgzfmr7zY_15webhook_gateway8services29permata_callbackstatus_clientNtB2_27PermataCallbackStatusClient3new
FNDA:14,_RNvMNtNtCsbzJgzfmr7zY_15webhook_gateway8services29permata_callbackstatus_clientNtB2_27PermataCallbackStatusClient8shutdown
FNDA:0,_RNCNvMNtNtCsbzJgzfmr7zY_15webhook_gateway8services29permata_callbackstatus_clientNtB4_27PermataCallbackStatusClient12send_webhook0B8_
FNDA:0,_RNCNvMNtNtCsbzJgzfmr7zY_15webhook_gateway8services29permata_callbackstatus_clientNtB4_27PermataCallbackStatusClient8shutdown0B8_
FNDA:104,_RNCNvMNtNtCsbzJgzfmr7zY_15webhook_gateway8services29permata_callbackstatus_clientNtB4_27PermataCallbackStatusClient20make_webhook_request0B8_
FNDA:44,_RNCNvMNtNtCsbzJgzfmr7zY_15webhook_gateway8services29permata_callbackstatus_clientNtB4_27PermataCallbackStatusClient25send_webhook_with_context0B8_
FNDA:6,_RNCNvMNtNtCsbzJgzfmr7zY_15webhook_gateway8services29permata_callbackstatus_clientNtB4_27PermataCallbackStatusClient12send_webhook0CsceFSBOtg8Yd_3lib
FNDA:7,_RNCNvMNtNtCsbzJgzfmr7zY_15webhook_gateway8services29permata_callbackstatus_clientNtB4_27PermataCallbackStatusClient8shutdown0CsceFSBOtg8Yd_3lib
FNDA:6,_RNCNvMNtNtCsbzJgzfmr7zY_15webhook_gateway8services29permata_callbackstatus_clientNtB4_27PermataCallbackStatusClient12send_webhook0Cs4GrA12dzGia_10unit_tests
FNDA:7,_RNCNvMNtNtCsbzJgzfmr7zY_15webhook_gateway8services29permata_callbackstatus_clientNtB4_27PermataCallbackStatusClient8shutdown0Cs4GrA12dzGia_10unit_tests
FNDA:0,_RNCNvMNtNtCsed0qgdemKyN_15webhook_gateway8services29permata_callbackstatus_clientNtB4_27PermataCallbackStatusClient12send_webhook0B8_
FNDA:0,_RNCNvMNtNtCsed0qgdemKyN_15webhook_gateway8services29permata_callbackstatus_clientNtB4_27PermataCallbackStatusClient20make_webhook_request0B8_
FNDA:0,_RNCNvMNtNtCsed0qgdemKyN_15webhook_gateway8services29permata_callbackstatus_clientNtB4_27PermataCallbackStatusClient25send_webhook_with_context0B8_
FNDA:0,_RNCNvMNtNtCsed0qgdemKyN_15webhook_gateway8services29permata_callbackstatus_clientNtB4_27PermataCallbackStatusClient8shutdown0B8_
FNDA:0,_RNvMNtNtCsed0qgdemKyN_15webhook_gateway8services29permata_callbackstatus_clientNtB2_27PermataCallbackStatusClient12send_webhook
FNDA:0,_RNvMNtNtCsed0qgdemKyN_15webhook_gateway8services29permata_callbackstatus_clientNtB2_27PermataCallbackStatusClient20make_webhook_request
FNDA:0,_RNvMNtNtCsed0qgdemKyN_15webhook_gateway8services29permata_callbackstatus_clientNtB2_27PermataCallbackStatusClient23is_authentication_error
FNDA:0,_RNvMNtNtCsed0qgdemKyN_15webhook_gateway8services29permata_callbackstatus_clientNtB2_27PermataCallbackStatusClient25send_webhook_with_context
FNDA:0,_RNvMNtNtCsed0qgdemKyN_15webhook_gateway8services29permata_callbackstatus_clientNtB2_27PermataCallbackStatusClient3new
FNDA:0,_RNvMNtNtCsed0qgdemKyN_15webhook_gateway8services29permata_callbackstatus_clientNtB2_27PermataCallbackStatusClient8shutdown
FNDA:0,_RNCNvMNtNtCsbzJgzfmr7zY_15webhook_gateway8services29permata_callbackstatus_clientNtB4_27PermataCallbackStatusClient8shutdown0Cs9oYNdCt0HPN_15webhook_gateway
FNF:10
FNH:10
DA:25,52
DA:26,52
DA:27,52
DA:28,52
DA:29,52
DA:31,52
DA:33,52
DA:34,52
DA:35,52
DA:36,52
DA:37,52
DA:38,52
DA:40,12
DA:41,12
DA:42,12
DA:44,44
DA:45,44
DA:47,44
DA:49,104
DA:50,104
DA:51,10
DA:52,10
DA:53,10
DA:54,10
DA:55,10
DA:56,10
DA:58,10
DA:60,94
DA:62,94
DA:63,4
DA:64,4
DA:65,4
DA:66,4
DA:68,4
DA:69,4
DA:70,4
DA:71,4
DA:72,90
DA:74,90
DA:75,90
DA:76,60
DA:77,60
DA:78,60
DA:79,60
DA:80,60
DA:82,60
DA:83,30
DA:84,30
DA:85,30
DA:86,30
DA:87,30
DA:88,30
DA:89,30
DA:94,30
DA:95,44
DA:97,104
DA:98,104
DA:99,104
DA:100,104
DA:101,104
DA:102,104
DA:103,104
DA:105,104
DA:108,10
DA:109,10
DA:110,10
DA:111,10
DA:115,10
DA:116,10
DA:117,10
DA:118,10
DA:119,10
DA:120,10
DA:121,0
DA:123,10
DA:124,10
DA:125,10
DA:126,10
DA:127,10
DA:130,10
DA:131,10
DA:132,10
DA:133,10
DA:134,10
DA:135,10
DA:136,10
DA:137,10
DA:138,10
DA:139,10
DA:141,0
DA:142,0
DA:144,0
DA:145,0
DA:146,0
DA:147,0
DA:150,0
DA:152,10
DA:155,10
DA:156,10
DA:159,10
DA:160,8
DA:161,8
DA:162,8
DA:163,8
DA:164,8
DA:165,8
DA:166,8
DA:167,2
DA:169,2
DA:170,2
DA:171,2
DA:172,2
DA:176,2
DA:177,2
DA:178,2
DA:179,2
DA:180,2
DA:181,2
DA:184,10
DA:185,10
DA:186,10
DA:187,10
DA:188,104
DA:190,14
DA:191,14
DA:192,14
DA:193,14
DA:194,14
DA:195,14
DA:197,14
DA:198,14
DA:200,94
DA:201,94
DA:202,0
DA:203,0
DA:205,94
DA:206,94
DA:207,94
DA:208,94
DA:209,94
DA:210,92
DA:211,90
DA:214,94
BRF:0
BRH:0
LF:147
LH:137
end_of_record
SF:D:\Workspace\Rust\permata-gateway\src\services\permata_login.rs
FN:108,_RNCNCNvMNtNtCsbzJgzfmr7zY_15webhook_gateway8services13permata_loginNtB6_12LoginHandler28start_periodic_token_refresh00Ba_
FN:129,_RNCNvMNtNtCsbzJgzfmr7zY_15webhook_gateway8services13permata_loginNtB4_12LoginHandler18login_with_context0B8_
FN:54,_RNCNvMNtNtCsbzJgzfmr7zY_15webhook_gateway8services13permata_loginNtB4_12LoginHandler22get_token_with_context0B8_
FN:104,_RNCNvMNtNtCsbzJgzfmr7zY_15webhook_gateway8services13permata_loginNtB4_12LoginHandler28start_periodic_token_refresh0B8_
FN:170,_RNCNvMNtNtCsbzJgzfmr7zY_15webhook_gateway8services13permata_loginNtB4_12LoginHandler31make_login_request_with_context0B8_
FN:265,_RNCNvMNtNtCsbzJgzfmr7zY_15webhook_gateway8services13permata_loginNtB4_12LoginHandler8shutdown0B8_
FN:50,_RNCNvMNtNtCsbzJgzfmr7zY_15webhook_gateway8services13permata_loginNtB4_12LoginHandler9get_token0B8_
FN:233,_RNvMNtNtCsbzJgzfmr7zY_15webhook_gateway8services13permata_loginNtB2_12LoginHandler11clear_cache
FN:251,_RNvMNtNtCsbzJgzfmr7zY_15webhook_gateway8services13permata_loginNtB2_12LoginHandler14stop_scheduler
FN:260,_RNvMNtNtCsbzJgzfmr7zY_15webhook_gateway8services13permata_loginNtB2_12LoginHandler18get_scheduler_info
FN:129,_RNvMNtNtCsbzJgzfmr7zY_15webhook_gateway8services13permata_loginNtB2_12LoginHandler18login_with_context
FN:256,_RNvMNtNtCsbzJgzfmr7zY_15webhook_gateway8services13permata_loginNtB2_12LoginHandler19is_scheduler_active
FN:54,_RNvMNtNtCsbzJgzfmr7zY_15webhook_gateway8services13permata_loginNtB2_12LoginHandler22get_token_with_context
FN:237,_RNvMNtNtCsbzJgzfmr7zY_15webhook_gateway8services13permata_loginNtB2_12LoginHandler24clear_cache_with_context
FN:99,_RNvMNtNtCsbzJgzfmr7zY_15webhook_gateway8services13permata_loginNtB2_12LoginHandler28start_periodic_token_refresh
FN:170,_RNvMNtNtCsbzJgzfmr7zY_15webhook_gateway8services13permata_loginNtB2_12LoginHandler31make_login_request_with_context
FN:29,_RNvMNtNtCsbzJgzfmr7zY_15webhook_gateway8services13permata_loginNtB2_12LoginHandler3new
FN:265,_RNvMNtNtCsbzJgzfmr7zY_15webhook_gateway8services13permata_loginNtB2_12LoginHandler8shutdown
FN:50,_RNvMNtNtCsbzJgzfmr7zY_15webhook_gateway8services13permata_loginNtB2_12LoginHandler9get_token
FN:265,_RNCNvMNtNtCsbzJgzfmr7zY_15webhook_gateway8services13permata_loginNtB4_12LoginHandler8shutdown0CsceFSBOtg8Yd_3lib
FN:50,_RNCNvMNtNtCsbzJgzfmr7zY_15webhook_gateway8services13permata_loginNtB4_12LoginHandler9get_token0CsceFSBOtg8Yd_3lib
FN:265,_RNCNvMNtNtCsbzJgzfmr7zY_15webhook_gateway8services13permata_loginNtB4_12LoginHandler8shutdown0Cs4GrA12dzGia_10unit_tests
FN:50,_RNCNvMNtNtCsbzJgzfmr7zY_15webhook_gateway8services13permata_loginNtB4_12LoginHandler9get_token0Cs4GrA12dzGia_10unit_tests
FN:108,_RNCNCNvMNtNtCsed0qgdemKyN_15webhook_gateway8services13permata_loginNtB6_12LoginHandler28start_periodic_token_refresh00Ba_
FN:129,_RNCNvMNtNtCsed0qgdemKyN_15webhook_gateway8services13permata_loginNtB4_12LoginHandler18login_with_context0B8_
FN:54,_RNCNvMNtNtCsed0qgdemKyN_15webhook_gateway8services13permata_loginNtB4_12LoginHandler22get_token_with_context0B8_
FN:104,_RNCNvMNtNtCsed0qgdemKyN_15webhook_gateway8services13permata_loginNtB4_12LoginHandler28start_periodic_token_refresh0B8_
FN:170,_RNCNvMNtNtCsed0qgdemKyN_15webhook_gateway8services13permata_loginNtB4_12LoginHandler31make_login_request_with_context0B8_
FN:265,_RNCNvMNtNtCsed0qgdemKyN_15webhook_gateway8services13permata_loginNtB4_12LoginHandler8shutdown0B8_
FN:50,_RNCNvMNtNtCsed0qgdemKyN_15webhook_gateway8services13permata_loginNtB4_12LoginHandler9get_token0B8_
FN:233,_RNvMNtNtCsed0qgdemKyN_15webhook_gateway8services13permata_loginNtB2_12LoginHandler11clear_cache
FN:251,_RNvMNtNtCsed0qgdemKyN_15webhook_gateway8services13permata_loginNtB2_12LoginHandler14stop_scheduler
FN:260,_RNvMNtNtCsed0qgdemKyN_15webhook_gateway8services13permata_loginNtB2_12LoginHandler18get_scheduler_info
FN:129,_RNvMNtNtCsed0qgdemKyN_15webhook_gateway8services13permata_loginNtB2_12LoginHandler18login_with_context
FN:256,_RNvMNtNtCsed0qgdemKyN_15webhook_gateway8services13permata_loginNtB2_12LoginHandler19is_scheduler_active
FN:54,_RNvMNtNtCsed0qgdemKyN_15webhook_gateway8services13permata_loginNtB2_12LoginHandler22get_token_with_context
FN:237,_RNvMNtNtCsed0qgdemKyN_15webhook_gateway8services13permata_loginNtB2_12LoginHandler24clear_cache_with_context
FN:99,_RNvMNtNtCsed0qgdemKyN_15webhook_gateway8services13permata_loginNtB2_12LoginHandler28start_periodic_token_refresh
FN:170,_RNvMNtNtCsed0qgdemKyN_15webhook_gateway8services13permata_loginNtB2_12LoginHandler31make_login_request_with_context
FN:29,_RNvMNtNtCsed0qgdemKyN_15webhook_gateway8services13permata_loginNtB2_12LoginHandler3new
FN:265,_RNvMNtNtCsed0qgdemKyN_15webhook_gateway8services13permata_loginNtB2_12LoginHandler8shutdown
FN:50,_RNvMNtNtCsed0qgdemKyN_15webhook_gateway8services13permata_loginNtB2_12LoginHandler9get_token
FN:265,_RNCNvMNtNtCsbzJgzfmr7zY_15webhook_gateway8services13permata_loginNtB4_12LoginHandler8shutdown0Cs9oYNdCt0HPN_15webhook_gateway
FNDA:46,_RNCNCNvMNtNtCsbzJgzfmr7zY_15webhook_gateway8services13permata_loginNtB6_12LoginHandler28start_periodic_token_refresh00Ba_
FNDA:160,_RNCNvMNtNtCsbzJgzfmr7zY_15webhook_gateway8services13permata_loginNtB4_12LoginHandler18login_with_context0B8_
FNDA:162,_RNCNvMNtNtCsbzJgzfmr7zY_15webhook_gateway8services13permata_loginNtB4_12LoginHandler22get_token_with_context0B8_
FNDA:46,_RNCNvMNtNtCsbzJgzfmr7zY_15webhook_gateway8services13permata_loginNtB4_12LoginHandler28start_periodic_token_refresh0B8_
FNDA:408,_RNCNvMNtNtCsbzJgzfmr7zY_15webhook_gateway8services13permata_loginNtB4_12LoginHandler31make_login_request_with_context0B8_
FNDA:0,_RNCNvMNtNtCsbzJgzfmr7zY_15webhook_gateway8services13permata_loginNtB4_12LoginHandler8shutdown0B8_
FNDA:0,_RNCNvMNtNtCsbzJgzfmr7zY_15webhook_gateway8services13permata_loginNtB4_12LoginHandler9get_token0B8_
FNDA:2,_RNvMNtNtCsbzJgzfmr7zY_15webhook_gateway8services13permata_loginNtB2_12LoginHandler11clear_cache
FNDA:2,_RNvMNtNtCsbzJgzfmr7zY_15webhook_gateway8services13permata_loginNtB2_12LoginHandler14stop_scheduler
FNDA:4,_RNvMNtNtCsbzJgzfmr7zY_15webhook_gateway8services13permata_loginNtB2_12LoginHandler18get_scheduler_info
FNDA:160,_RNvMNtNtCsbzJgzfmr7zY_15webhook_gateway8services13permata_loginNtB2_12LoginHandler18login_with_context
FNDA:4,_RNvMNtNtCsbzJgzfmr7zY_15webhook_gateway8services13permata_loginNtB2_12LoginHandler19is_scheduler_active
FNDA:162,_RNvMNtNtCsbzJgzfmr7zY_15webhook_gateway8services13permata_loginNtB2_12LoginHandler22get_token_with_context
FNDA:4,_RNvMNtNtCsbzJgzfmr7zY_15webhook_gateway8services13permata_loginNtB2_12LoginHandler24clear_cache_with_context
FNDA:68,_RNvMNtNtCsbzJgzfmr7zY_15webhook_gateway8services13permata_loginNtB2_12LoginHandler28start_periodic_token_refresh
FNDA:408,_RNvMNtNtCsbzJgzfmr7zY_15webhook_gateway8services13permata_loginNtB2_12LoginHandler31make_login_request_with_context
FNDA:68,_RNvMNtNtCsbzJgzfmr7zY_15webhook_gateway8services13permata_loginNtB2_12LoginHandler3new
FNDA:28,_RNvMNtNtCsbzJgzfmr7zY_15webhook_gateway8services13permata_loginNtB2_12LoginHandler8shutdown
FNDA:10,_RNvMNtNtCsbzJgzfmr7zY_15webhook_gateway8services13permata_loginNtB2_12LoginHandler9get_token
FNDA:14,_RNCNvMNtNtCsbzJgzfmr7zY_15webhook_gateway8services13permata_loginNtB4_12LoginHandler8shutdown0CsceFSBOtg8Yd_3lib
FNDA:5,_RNCNvMNtNtCsbzJgzfmr7zY_15webhook_gateway8services13permata_loginNtB4_12LoginHandler9get_token0CsceFSBOtg8Yd_3lib
FNDA:14,_RNCNvMNtNtCsbzJgzfmr7zY_15webhook_gateway8services13permata_loginNtB4_12LoginHandler8shutdown0Cs4GrA12dzGia_10unit_tests
FNDA:5,_RNCNvMNtNtCsbzJgzfmr7zY_15webhook_gateway8services13permata_loginNtB4_12LoginHandler9get_token0Cs4GrA12dzGia_10unit_tests
FNDA:0,_RNCNCNvMNtNtCsed0qgdemKyN_15webhook_gateway8services13permata_loginNtB6_12LoginHandler28start_periodic_token_refresh00Ba_
FNDA:0,_RNCNvMNtNtCsed0qgdemKyN_15webhook_gateway8services13permata_loginNtB4_12LoginHandler18login_with_context0B8_
FNDA:0,_RNCNvMNtNtCsed0qgdemKyN_15webhook_gateway8services13permata_loginNtB4_12LoginHandler22get_token_with_context0B8_
FNDA:0,_RNCNvMNtNtCsed0qgdemKyN_15webhook_gateway8services13permata_loginNtB4_12LoginHandler28start_periodic_token_refresh0B8_
FNDA:0,_RNCNvMNtNtCsed0qgdemKyN_15webhook_gateway8services13permata_loginNtB4_12LoginHandler31make_login_request_with_context0B8_
FNDA:0,_RNCNvMNtNtCsed0qgdemKyN_15webhook_gateway8services13permata_loginNtB4_12LoginHandler8shutdown0B8_
FNDA:0,_RNCNvMNtNtCsed0qgdemKyN_15webhook_gateway8services13permata_loginNtB4_12LoginHandler9get_token0B8_
FNDA:0,_RNvMNtNtCsed0qgdemKyN_15webhook_gateway8services13permata_loginNtB2_12LoginHandler11clear_cache
FNDA:0,_RNvMNtNtCsed0qgdemKyN_15webhook_gateway8services13permata_loginNtB2_12LoginHandler14stop_scheduler
FNDA:0,_RNvMNtNtCsed0qgdemKyN_15webhook_gateway8services13permata_loginNtB2_12LoginHandler18get_scheduler_info
FNDA:0,_RNvMNtNtCsed0qgdemKyN_15webhook_gateway8services13permata_loginNtB2_12LoginHandler18login_with_context
FNDA:0,_RNvMNtNtCsed0qgdemKyN_15webhook_gateway8services13permata_loginNtB2_12LoginHandler19is_scheduler_active
FNDA:0,_RNvMNtNtCsed0qgdemKyN_15webhook_gateway8services13permata_loginNtB2_12LoginHandler22get_token_with_context
FNDA:0,_RNvMNtNtCsed0qgdemKyN_15webhook_gateway8services13permata_loginNtB2_12LoginHandler24clear_cache_with_context
FNDA:0,_RNvMNtNtCsed0qgdemKyN_15webhook_gateway8services13permata_loginNtB2_12LoginHandler28start_periodic_token_refresh
FNDA:0,_RNvMNtNtCsed0qgdemKyN_15webhook_gateway8services13permata_loginNtB2_12LoginHandler31make_login_request_with_context
FNDA:0,_RNvMNtNtCsed0qgdemKyN_15webhook_gateway8services13permata_loginNtB2_12LoginHandler3new
FNDA:0,_RNvMNtNtCsed0qgdemKyN_15webhook_gateway8services13permata_loginNtB2_12LoginHandler8shutdown
FNDA:0,_RNvMNtNtCsed0qgdemKyN_15webhook_gateway8services13permata_loginNtB2_12LoginHandler9get_token
FNDA:0,_RNCNvMNtNtCsbzJgzfmr7zY_15webhook_gateway8services13permata_loginNtB4_12LoginHandler8shutdown0Cs9oYNdCt0HPN_15webhook_gateway
FNF:19
FNH:19
DA:29,68
DA:30,68
DA:31,68
DA:32,68
DA:33,68
DA:35,68
DA:37,68
DA:38,68
DA:39,68
DA:40,68
DA:41,68
DA:42,68
DA:45,68
DA:47,68
DA:48,68
DA:50,10
DA:51,10
DA:52,10
DA:54,162
DA:55,162
DA:59,162
DA:60,162
DA:61,2
DA:62,2
DA:63,2
DA:64,2
DA:65,2
DA:66,2
DA:68,2
DA:69,0
DA:70,160
DA:74,160
DA:75,160
DA:76,160
DA:77,160
DA:78,160
DA:80,160
DA:83,28
DA:84,28
DA:85,28
DA:86,28
DA:87,28
DA:89,28
DA:90,28
DA:91,28
DA:92,28
DA:96,28
DA:97,154
DA:99,68
DA:100,68
DA:101,68
DA:104,68
DA:105,46
DA:106,46
DA:108,46
DA:109,46
DA:110,46
DA:111,46
DA:112,46
DA:113,46
DA:117,46
DA:118,46
DA:119,46
DA:120,46
DA:123,46
DA:124,38
DA:125,38
DA:126,46
DA:127,68
DA:129,160
DA:130,160
DA:131,160
DA:133,160
DA:135,408
DA:136,408
DA:137,28
DA:138,28
DA:139,28
DA:140,28
DA:141,28
DA:142,28
DA:144,28
DA:146,372
DA:147,372
DA:148,372
DA:149,248
DA:150,248
DA:151,248
DA:152,248
DA:154,248
DA:155,124
DA:156,124
DA:157,124
DA:158,124
DA:159,124
DA:160,124
DA:161,124
DA:162,124
DA:167,124
DA:168,152
DA:170,408
DA:172,408
DA:173,408
DA:174,408
DA:175,408
DA:178,408
DA:179,408
DA:182,408
DA:183,408
DA:184,408
DA:185,408
DA:186,408
DA:187,0
DA:189,408
DA:190,408
DA:191,408
DA:192,408
DA:193,408
DA:194,408
DA:195,408
DA:196,408
DA:197,408
DA:198,408
DA:200,400
DA:201,87
DA:202,87
DA:203,87
DA:205,87
DA:206,87
DA:207,87
DA:208,87
DA:212,87
DA:213,87
DA:214,87
DA:215,87
DA:216,87
DA:217,87
DA:219,87
DA:220,313
DA:222,313
DA:223,28
DA:224,28
DA:225,28
DA:226,28
DA:227,28
DA:230,28
DA:231,400
DA:233,2
DA:234,2
DA:235,2
DA:237,4
DA:238,4
DA:239,4
DA:240,4
DA:241,4
DA:242,4
DA:243,4
DA:244,4
DA:248,4
DA:249,4
DA:251,2
DA:252,2
DA:253,2
DA:256,4
DA:257,4
DA:258,4
DA:260,4
DA:261,4
DA:262,4
DA:265,28
DA:266,28
DA:267,28
DA:268,28
DA:269,28
DA:270,28
DA:272,28
DA:273,28
BRF:0
BRH:0
LF:183
LH:181
end_of_record
SF:D:\Workspace\Rust\permata-gateway\src\services\telegram_alert.rs
FN:25,_RNvMNtNtCsbzJgzfmr7zY_15webhook_gateway8services14telegram_alertNtB2_20TelegramAlertService16send_error_alert
FN:16,_RNvMNtNtCsbzJgzfmr7zY_15webhook_gateway8services14telegram_alertNtB2_20TelegramAlertService3new
FN:29,_RNCNvMNtNtCsbzJgzfmr7zY_15webhook_gateway8services14telegram_alertNtB4_20TelegramAlertService16send_error_alert0B8_
FN:32,_RNCNvMNtNtCsbzJgzfmr7zY_15webhook_gateway8services14telegram_alertNtB4_20TelegramAlertService16send_error_alerts_0B8_
FN:29,_RNCNvMNtNtCsed0qgdemKyN_15webhook_gateway8services14telegram_alertNtB4_20TelegramAlertService16send_error_alert0B8_
FN:32,_RNCNvMNtNtCsed0qgdemKyN_15webhook_gateway8services14telegram_alertNtB4_20TelegramAlertService16send_error_alerts_0B8_
FN:25,_RNvMNtNtCsed0qgdemKyN_15webhook_gateway8services14telegram_alertNtB2_20TelegramAlertService16send_error_alert
FN:16,_RNvMNtNtCsed0qgdemKyN_15webhook_gateway8services14telegram_alertNtB2_20TelegramAlertService3new
FNDA:285,_RNvMNtNtCsbzJgzfmr7zY_15webhook_gateway8services14telegram_alertNtB2_20TelegramAlertService16send_error_alert
FNDA:169,_RNvMNtNtCsbzJgzfmr7zY_15webhook_gateway8services14telegram_alertNtB2_20TelegramAlertService3new
FNDA:275,_RNCNvMNtNtCsbzJgzfmr7zY_15webhook_gateway8services14telegram_alertNtB4_20TelegramAlertService16send_error_alert0B8_
FNDA:251,_RNCNvMNtNtCsbzJgzfmr7zY_15webhook_gateway8services14telegram_alertNtB4_20TelegramAlertService16send_error_alerts_0B8_
FNDA:0,_RNCNvMNtNtCsed0qgdemKyN_15webhook_gateway8services14telegram_alertNtB4_20TelegramAlertService16send_error_alert0B8_
FNDA:0,_RNCNvMNtNtCsed0qgdemKyN_15webhook_gateway8services14telegram_alertNtB4_20TelegramAlertService16send_error_alerts_0B8_
FNDA:0,_RNvMNtNtCsed0qgdemKyN_15webhook_gateway8services14telegram_alertNtB2_20TelegramAlertService16send_error_alert
FNDA:0,_RNvMNtNtCsed0qgdemKyN_15webhook_gateway8services14telegram_alertNtB2_20TelegramAlertService3new
FNF:4
FNH:4
DA:16,169
DA:17,169
DA:18,169
DA:19,169
DA:20,169
DA:22,169
DA:23,169
DA:25,285
DA:26,285
DA:27,285
DA:28,285
DA:29,285
DA:32,285
DA:33,251
DA:34,243
DA:35,243
DA:40,8
DA:41,8
DA:47,251
DA:48,251
DA:49,251
DA:50,251
DA:53,251
DA:54,251
DA:55,251
DA:56,251
DA:57,251
DA:58,251
DA:60,79
DA:61,79
DA:62,0
DA:63,0
DA:64,0
DA:65,0
DA:66,0
DA:67,79
DA:68,79
DA:69,79
DA:70,79
DA:71,79
DA:72,79
DA:75,4
DA:76,4
DA:77,4
DA:78,4
DA:79,4
DA:80,4
DA:82,83
DA:83,285
BRF:0
BRH:0
LF:51
LH:46
end_of_record
SF:D:\Workspace\Rust\permata-gateway\src\services\token_scheduler.rs
FN:195,_RNvXs0_NtNtCsbzJgzfmr7zY_15webhook_gateway8services15token_schedulerNtB5_14TokenSchedulerNtNtNtCsixiwFwjEgS7_4core3ops4drop4Drop4drop
FN:35,_RINvMNtNtCsbzJgzfmr7zY_15webhook_gateway8services15token_schedulerNtB3_14TokenScheduler15start_schedulerNCNvMNtB5_13permata_loginNtB1J_12LoginHandler28start_periodic_token_refresh0NCNCB1G_00EB7_
FN:70,_RINvMNtNtCsbzJgzfmr7zY_15webhook_gateway8services15token_schedulerNtB3_14TokenScheduler19spawn_periodic_taskNCNvMNtB5_13permata_loginNtB1N_12LoginHandler28start_periodic_token_refresh0NCNCB1K_00EB7_
FN:77,_RNCINvMNtNtCsbzJgzfmr7zY_15webhook_gateway8services15token_schedulerNtB5_14TokenScheduler19spawn_periodic_taskNCNvMNtB7_13permata_loginNtB1P_12LoginHandler28start_periodic_token_refresh0NCNCB1M_00E0B9_
FN:54,_RINvMNtNtCsbzJgzfmr7zY_15webhook_gateway8services15token_schedulerNtB3_14TokenScheduler22start_scheduler_simplepEB7_
FN:59,_RNCINvMNtNtCsbzJgzfmr7zY_15webhook_gateway8services15token_schedulerNtB5_14TokenScheduler22start_scheduler_simplepE0B9_
FN:61,_RNCNCINvMNtNtCsbzJgzfmr7zY_15webhook_gateway8services15token_schedulerNtB7_14TokenScheduler22start_scheduler_simplepE00Bb_
FN:167,_RNvMNtNtCsbzJgzfmr7zY_15webhook_gateway8services15token_schedulerNtB2_14TokenScheduler10get_config
FN:27,_RNvMNtNtCsbzJgzfmr7zY_15webhook_gateway8services15token_schedulerNtB2_14TokenScheduler11with_config
FN:172,_RNvMNtNtCsbzJgzfmr7zY_15webhook_gateway8services15token_schedulerNtB2_14TokenScheduler13update_config
FN:135,_RNvMNtNtCsbzJgzfmr7zY_15webhook_gateway8services15token_schedulerNtB2_14TokenScheduler14stop_scheduler
FN:155,_RNvMNtNtCsbzJgzfmr7zY_15webhook_gateway8services15token_schedulerNtB2_14TokenScheduler18get_scheduler_info
FN:149,_RNvMNtNtCsbzJgzfmr7zY_15webhook_gateway8services15token_schedulerNtB2_14TokenScheduler19is_scheduler_active
FN:21,_RNvMNtNtCsbzJgzfmr7zY_15webhook_gateway8services15token_schedulerNtB2_14TokenScheduler3new
FN:177,_RNvMNtNtCsbzJgzfmr7zY_15webhook_gateway8services15token_schedulerNtB2_14TokenScheduler8shutdown
FN:189,_RNvXs_NtNtCsbzJgzfmr7zY_15webhook_gateway8services15token_schedulerNtB4_14TokenSchedulerNtNtCsixiwFwjEgS7_4core7default7Default7default
FN:35,_RINvMNtNtCsbzJgzfmr7zY_15webhook_gateway8services15token_schedulerNtB3_14TokenScheduler15start_schedulerNCINvB2_22start_scheduler_simpleNCNCNCNvNtNtNtCsceFSBOtg8Yd_3lib4unit8services26token_scheduler_edge_casess_36test_concurrent_scheduler_operations000E0NCNCB1G_00EB2o_
FN:35,_RINvMNtNtCsbzJgzfmr7zY_15webhook_gateway8services15token_schedulerNtB3_14TokenScheduler15start_schedulerNCINvB2_22start_scheduler_simpleNCNCNvNtNtNtCsceFSBOtg8Yd_3lib4unit8services21token_scheduler_testss_19test_scheduler_stop00E0NCNCB1G_00EB2m_
FN:35,_RINvMNtNtCsbzJgzfmr7zY_15webhook_gateway8services15token_schedulerNtB3_14TokenScheduler15start_schedulerNCINvB2_22start_scheduler_simpleNCNCNvNtNtNtCsceFSBOtg8Yd_3lib4unit8services21token_scheduler_testss_23test_scheduler_shutdown00E0NCNCB1G_00EB2m_
FN:35,_RINvMNtNtCsbzJgzfmr7zY_15webhook_gateway8services15token_schedulerNtB3_14TokenScheduler15start_schedulerNCINvB2_22start_scheduler_simpleNCNCNvNtNtNtCsceFSBOtg8Yd_3lib4unit8services21token_scheduler_testss_26test_scheduler_replacement00E0NCNCB1G_00EB2m_
FN:35,_RINvMNtNtCsbzJgzfmr7zY_15webhook_gateway8services15token_schedulerNtB3_14TokenScheduler15start_schedulerNCINvB2_22start_scheduler_simpleNCNCNvNtNtNtCsceFSBOtg8Yd_3lib4unit8services21token_scheduler_testss_26test_scheduler_replacement0s_0E0NCNCB1G_00EB2m_
FN:35,_RINvMNtNtCsbzJgzfmr7zY_15webhook_gateway8services15token_schedulerNtB3_14TokenScheduler15start_schedulerNCINvB2_22start_scheduler_simpleNCNCNvNtNtNtCsceFSBOtg8Yd_3lib4unit8services21token_scheduler_testss_32test_scheduler_config_validation00E0NCNCB1G_00EB2m_
FN:35,_RINvMNtNtCsbzJgzfmr7zY_15webhook_gateway8services15token_schedulerNtB3_14TokenScheduler15start_schedulerNCINvB2_22start_scheduler_simpleNCNCNvNtNtNtCsceFSBOtg8Yd_3lib4unit8services26token_scheduler_edge_casess_31test_scheduler_info_consistency00E0NCNCB1G_00EB2m_
FN:35,_RINvMNtNtCsbzJgzfmr7zY_15webhook_gateway8services15token_schedulerNtB3_14TokenScheduler15start_schedulerNCINvB2_22start_scheduler_simpleNCNCNvNtNtNtCsceFSBOtg8Yd_3lib4unit8services26token_scheduler_edge_casess_36test_scheduler_config_extreme_values00E0NCNCB1G_00EB2m_
FN:35,_RINvMNtNtCsbzJgzfmr7zY_15webhook_gateway8services15token_schedulerNtB3_14TokenScheduler15start_schedulerNCINvB2_22start_scheduler_simpleNCNCNvNtNtNtCsceFSBOtg8Yd_3lib4unit8services26token_scheduler_edge_casess_51test_scheduler_simple_vs_async_callback_equivalence00E0NCNCB1G_00EB2m_
FN:35,_RINvMNtNtCsbzJgzfmr7zY_15webhook_gateway8services15token_schedulerNtB3_14TokenScheduler15start_schedulerNCINvB2_22start_scheduler_simpleNCNCNvNtNtNtCsceFSBOtg8Yd_3lib4unit8services26token_scheduler_edge_casess_51test_scheduler_update_config_during_active_schedule00E0NCNCB1G_00EB2m_
FN:35,_RINvMNtNtCsbzJgzfmr7zY_15webhook_gateway8services15token_schedulerNtB3_14TokenScheduler15start_schedulerNCINvB2_22start_scheduler_simpleNCNCNvNtNtNtCsceFSBOtg8Yd_3lib4unit8services30token_scheduler_periodic_testss_32test_periodic_scheduler_shutdown00E0NCNCB1G_00EB2m_
FN:35,_RINvMNtNtCsbzJgzfmr7zY_15webhook_gateway8services15token_schedulerNtB3_14TokenScheduler15start_schedulerNCINvB2_22start_scheduler_simpleNCNCNvNtNtNtCsceFSBOtg8Yd_3lib4unit8services30token_scheduler_periodic_testss_34test_periodic_scheduler_start_stop00E0NCNCB1G_00EB2m_
FN:35,_RINvMNtNtCsbzJgzfmr7zY_15webhook_gateway8services15token_schedulerNtB3_14TokenScheduler15start_schedulerNCINvB2_22start_scheduler_simpleNCNCNvNtNtNtCsceFSBOtg8Yd_3lib4unit8services30token_scheduler_periodic_testss_35test_periodic_scheduler_replacement00E0NCNCB1G_00EB2m_
FN:35,_RINvMNtNtCsbzJgzfmr7zY_15webhook_gateway8services15token_schedulerNtB3_14TokenScheduler15start_schedulerNCINvB2_22start_scheduler_simpleNCNCNvNtNtNtCsceFSBOtg8Yd_3lib4unit8services30token_scheduler_periodic_testss_35test_periodic_scheduler_replacement0s_0E0NCNCB1G_00EB2m_
FN:35,_RINvMNtNtCsbzJgzfmr7zY_15webhook_gateway8services15token_schedulerNtB3_14TokenScheduler15start_schedulerNCINvB2_22start_scheduler_simpleNCNCNvNtNtNtCsceFSBOtg8Yd_3lib4unit8services30token_scheduler_periodic_testss_37test_periodic_scheduler_drop_behavior00E0NCNCB1G_00EB2m_
FN:35,_RINvMNtNtCsbzJgzfmr7zY_15webhook_gateway8services15token_schedulerNtB3_14TokenScheduler15start_schedulerNCNCNvNtNtNtCsceFSBOtg8Yd_3lib4unit8services26token_scheduler_edge_casess_28test_scheduler_drop_behavior00NCNCB1G_00EB1Q_
FN:35,_RINvMNtNtCsbzJgzfmr7zY_15webhook_gateway8services15token_schedulerNtB3_14TokenScheduler15start_schedulerNCNCNvNtNtNtCsceFSBOtg8Yd_3lib4unit8services26token_scheduler_edge_casess_34test_multiple_rapid_schedule_calls00NCNCB1G_00EB1Q_
FN:35,_RINvMNtNtCsbzJgzfmr7zY_15webhook_gateway8services15token_schedulerNtB3_14TokenScheduler15start_schedulerNCNCNvNtNtNtCsceFSBOtg8Yd_3lib4unit8services26token_scheduler_edge_casess_36test_scheduler_with_minimal_interval00NCNCB1G_00EB1Q_
FN:35,_RINvMNtNtCsbzJgzfmr7zY_15webhook_gateway8services15token_schedulerNtB3_14TokenScheduler15start_schedulerNCNCNvNtNtNtCsceFSBOtg8Yd_3lib4unit8services26token_scheduler_edge_casess_38test_scheduler_callback_error_handling00NCNCB1G_00EB1Q_
FN:35,_RINvMNtNtCsbzJgzfmr7zY_15webhook_gateway8services15token_schedulerNtB3_14TokenScheduler15start_schedulerNCNCNvNtNtNtCsceFSBOtg8Yd_3lib4unit8services26token_scheduler_edge_casess_51test_scheduler_simple_vs_async_callback_equivalence0s_0NCNCB1G_s_00EB1Q_
FN:35,_RINvMNtNtCsbzJgzfmr7zY_15webhook_gateway8services15token_schedulerNtB3_14TokenScheduler15start_schedulerNCNCNvNtNtNtCsceFSBOtg8Yd_3lib4unit8services30token_scheduler_periodic_debugs_34test_scheduler_immediate_execution00NCNCB1G_00EB1Q_
FN:35,_RINvMNtNtCsbzJgzfmr7zY_15webhook_gateway8services15token_schedulerNtB3_14TokenScheduler15start_schedulerNCNCNvNtNtNtCsceFSBOtg8Yd_3lib4unit8services30token_scheduler_periodic_debugs_34test_scheduler_runs_multiple_times00NCNCB1G_00EB1Q_
FN:35,_RINvMNtNtCsbzJgzfmr7zY_15webhook_gateway8services15token_schedulerNtB3_14TokenScheduler15start_schedulerNCNCNvNtNtNtCsceFSBOtg8Yd_3lib4unit8services30token_scheduler_periodic_testss_38test_periodic_scheduler_async_callback00NCNCB1G_00EB1Q_
FN:70,_RINvMNtNtCsbzJgzfmr7zY_15webhook_gateway8services15token_schedulerNtB3_14TokenScheduler19spawn_periodic_taskNCINvB2_22start_scheduler_simpleNCNCNCNvNtNtNtCsceFSBOtg8Yd_3lib4unit8services26token_scheduler_edge_casess_36test_concurrent_scheduler_operations000E0NCNCB1K_00EB2s_
FN:70,_RINvMNtNtCsbzJgzfmr7zY_15webhook_gateway8services15token_schedulerNtB3_14TokenScheduler19spawn_periodic_taskNCINvB2_22start_scheduler_simpleNCNCNvNtNtNtCsceFSBOtg8Yd_3lib4unit8services21token_scheduler_testss_19test_scheduler_stop00E0NCNCB1K_00EB2q_
FN:70,_RINvMNtNtCsbzJgzfmr7zY_15webhook_gateway8services15token_schedulerNtB3_14TokenScheduler19spawn_periodic_taskNCINvB2_22start_scheduler_simpleNCNCNvNtNtNtCsceFSBOtg8Yd_3lib4unit8services21token_scheduler_testss_23test_scheduler_shutdown00E0NCNCB1K_00EB2q_
FN:70,_RINvMNtNtCsbzJgzfmr7zY_15webhook_gateway8services15token_schedulerNtB3_14TokenScheduler19spawn_periodic_taskNCINvB2_22start_scheduler_simpleNCNCNvNtNtNtCsceFSBOtg8Yd_3lib4unit8services21token_scheduler_testss_26test_scheduler_replacement00E0NCNCB1K_00EB2q_
FN:70,_RINvMNtNtCsbzJgzfmr7zY_15webhook_gateway8services15token_schedulerNtB3_14TokenScheduler19spawn_periodic_taskNCINvB2_22start_scheduler_simpleNCNCNvNtNtNtCsceFSBOtg8Yd_3lib4unit8services21token_scheduler_testss_26test_scheduler_replacement0s_0E0NCNCB1K_00EB2q_
FN:70,_RINvMNtNtCsbzJgzfmr7zY_15webhook_gateway8services15token_schedulerNtB3_14TokenScheduler19spawn_periodic_taskNCINvB2_22start_scheduler_simpleNCNCNvNtNtNtCsceFSBOtg8Yd_3lib4unit8services21token_scheduler_testss_32test_scheduler_config_validation00E0NCNCB1K_00EB2q_
FN:70,_RINvMNtNtCsbzJgzfmr7zY_15webhook_gateway8services15token_schedulerNtB3_14TokenScheduler19spawn_periodic_taskNCINvB2_22start_scheduler_simpleNCNCNvNtNtNtCsceFSBOtg8Yd_3lib4unit8services26token_scheduler_edge_casess_31test_scheduler_info_consistency00E0NCNCB1K_00EB2q_
FN:70,_RINvMNtNtCsbzJgzfmr7zY_15webhook_gateway8services15token_schedulerNtB3_14TokenScheduler19spawn_periodic_taskNCINvB2_22start_scheduler_simpleNCNCNvNtNtNtCsceFSBOtg8Yd_3lib4unit8services26token_scheduler_edge_casess_36test_scheduler_config_extreme_values00E0NCNCB1K_00EB2q_
FN:70,_RINvMNtNtCsbzJgzfmr7zY_15webhook_gateway8services15token_schedulerNtB3_14TokenScheduler19spawn_periodic_taskNCINvB2_22start_scheduler_simpleNCNCNvNtNtNtCsceFSBOtg8Yd_3lib4unit8services26token_scheduler_edge_casess_51test_scheduler_simple_vs_async_callback_equivalence00E0NCNCB1K_00EB2q_
FN:70,_RINvMNtNtCsbzJgzfmr7zY_15webhook_gateway8services15token_schedulerNtB3_14TokenScheduler19spawn_periodic_taskNCINvB2_22start_scheduler_simpleNCNCNvNtNtNtCsceFSBOtg8Yd_3lib4unit8services26token_scheduler_edge_casess_51test_scheduler_update_config_during_active_schedule00E0NCNCB1K_00EB2q_
FN:70,_RINvMNtNtCsbzJgzfmr7zY_15webhook_gateway8services15token_schedulerNtB3_14TokenScheduler19spawn_periodic_taskNCINvB2_22start_scheduler_simpleNCNCNvNtNtNtCsceFSBOtg8Yd_3lib4unit8services30token_scheduler_periodic_testss_32test_periodic_scheduler_shutdown00E0NCNCB1K_00EB2q_
FN:70,_RINvMNtNtCsbzJgzfmr7zY_15webhook_gateway8services15token_schedulerNtB3_14TokenScheduler19spawn_periodic_taskNCINvB2_22start_scheduler_simpleNCNCNvNtNtNtCsceFSBOtg8Yd_3lib4unit8services30token_scheduler_periodic_testss_34test_periodic_scheduler_start_stop00E0NCNCB1K_00EB2q_
FN:70,_RINvMNtNtCsbzJgzfmr7zY_15webhook_gateway8services15token_schedulerNtB3_14TokenScheduler19spawn_periodic_taskNCINvB2_22start_scheduler_simpleNCNCNvNtNtNtCsceFSBOtg8Yd_3lib4unit8services30token_scheduler_periodic_testss_35test_periodic_scheduler_replacement00E0NCNCB1K_00EB2q_
FN:70,_RINvMNtNtCsbzJgzfmr7zY_15webhook_gateway8services15token_schedulerNtB3_14TokenScheduler19spawn_periodic_taskNCINvB2_22start_scheduler_simpleNCNCNvNtNtNtCsceFSBOtg8Yd_3lib4unit8services30token_scheduler_periodic_testss_35test_periodic_scheduler_replacement0s_0E0NCNCB1K_00EB2q_
FN:70,_RINvMNtNtCsbzJgzfmr7zY_15webhook_gateway8services15token_schedulerNtB3_14TokenScheduler19spawn_periodic_taskNCINvB2_22start_scheduler_simpleNCNCNvNtNtNtCsceFSBOtg8Yd_3lib4unit8services30token_scheduler_periodic_testss_37test_periodic_scheduler_drop_behavior00E0NCNCB1K_00EB2q_
FN:70,_RINvMNtNtCsbzJgzfmr7zY_15webhook_gateway8services15token_schedulerNtB3_14TokenScheduler19spawn_periodic_taskNCNCNvNtNtNtCsceFSBOtg8Yd_3lib4unit8services26token_scheduler_edge_casess_28test_scheduler_drop_behavior00NCNCB1K_00EB1U_
FN:70,_RINvMNtNtCsbzJgzfmr7zY_15webhook_gateway8services15token_schedulerNtB3_14TokenScheduler19spawn_periodic_taskNCNCNvNtNtNtCsceFSBOtg8Yd_3lib4unit8services26token_scheduler_edge_casess_34test_multiple_rapid_schedule_calls00NCNCB1K_00EB1U_
FN:70,_RINvMNtNtCsbzJgzfmr7zY_15webhook_gateway8services15token_schedulerNtB3_14TokenScheduler19spawn_periodic_taskNCNCNvNtNtNtCsceFSBOtg8Yd_3lib4unit8services26token_scheduler_edge_casess_36test_scheduler_with_minimal_interval00NCNCB1K_00EB1U_
FN:70,_RINvMNtNtCsbzJgzfmr7zY_15webhook_gateway8services15token_schedulerNtB3_14TokenScheduler19spawn_periodic_taskNCNCNvNtNtNtCsceFSBOtg8Yd_3lib4unit8services26token_scheduler_edge_casess_38test_scheduler_callback_error_handling00NCNCB1K_00EB1U_
FN:70,_RINvMNtNtCsbzJgzfmr7zY_15webhook_gateway8services15token_schedulerNtB3_14TokenScheduler19spawn_periodic_taskNCNCNvNtNtNtCsceFSBOtg8Yd_3lib4unit8services26token_scheduler_edge_casess_51test_scheduler_simple_vs_async_callback_equivalence0s_0NCNCB1K_s_00EB1U_
FN:70,_RINvMNtNtCsbzJgzfmr7zY_15webhook_gateway8services15token_schedulerNtB3_14TokenScheduler19spawn_periodic_taskNCNCNvNtNtNtCsceFSBOtg8Yd_3lib4unit8services30token_scheduler_periodic_debugs_34test_scheduler_immediate_execution00NCNCB1K_00EB1U_
FN:70,_RINvMNtNtCsbzJgzfmr7zY_15webhook_gateway8services15token_schedulerNtB3_14TokenScheduler19spawn_periodic_taskNCNCNvNtNtNtCsceFSBOtg8Yd_3lib4unit8services30token_scheduler_periodic_debugs_34test_scheduler_runs_multiple_times00NCNCB1K_00EB1U_
FN:70,_RINvMNtNtCsbzJgzfmr7zY_15webhook_gateway8services15token_schedulerNtB3_14TokenScheduler19spawn_periodic_taskNCNCNvNtNtNtCsceFSBOtg8Yd_3lib4unit8services30token_scheduler_periodic_testss_38test_periodic_scheduler_async_callback00NCNCB1K_00EB1U_
FN:54,_RINvMNtNtCsbzJgzfmr7zY_15webhook_gateway8services15token_schedulerNtB3_14TokenScheduler22start_scheduler_simpleNCNCNCNvNtNtNtCsceFSBOtg8Yd_3lib4unit8services26token_scheduler_edge_casess_36test_concurrent_scheduler_operations000EB1Z_
FN:54,_RINvMNtNtCsbzJgzfmr7zY_15webhook_gateway8services15token_schedulerNtB3_14TokenScheduler22start_scheduler_simpleNCNCNvNtNtNtCsceFSBOtg8Yd_3lib4unit8services21token_scheduler_testss_19test_scheduler_stop00EB1X_
FN:54,_RINvMNtNtCsbzJgzfmr7zY_15webhook_gateway8services15token_schedulerNtB3_14TokenScheduler22start_scheduler_simpleNCNCNvNtNtNtCsceFSBOtg8Yd_3lib4unit8services21token_scheduler_testss_23test_scheduler_shutdown00EB1X_
FN:54,_RINvMNtNtCsbzJgzfmr7zY_15webhook_gateway8services15token_schedulerNtB3_14TokenScheduler22start_scheduler_simpleNCNCNvNtNtNtCsceFSBOtg8Yd_3lib4unit8services21token_scheduler_testss_26test_scheduler_replacement00EB1X_
FN:54,_RINvMNtNtCsbzJgzfmr7zY_15webhook_gateway8services15token_schedulerNtB3_14TokenScheduler22start_scheduler_simpleNCNCNvNtNtNtCsceFSBOtg8Yd_3lib4unit8services21token_scheduler_testss_26test_scheduler_replacement0s_0EB1X_
FN:54,_RINvMNtNtCsbzJgzfmr7zY_15webhook_gateway8services15token_schedulerNtB3_14TokenScheduler22start_scheduler_simpleNCNCNvNtNtNtCsceFSBOtg8Yd_3lib4unit8services21token_scheduler_testss_32test_scheduler_config_validation00EB1X_
FN:54,_RINvMNtNtCsbzJgzfmr7zY_15webhook_gateway8services15token_schedulerNtB3_14TokenScheduler22start_scheduler_simpleNCNCNvNtNtNtCsceFSBOtg8Yd_3lib4unit8services26token_scheduler_edge_casess_31test_scheduler_info_consistency00EB1X_
FN:54,_RINvMNtNtCsbzJgzfmr7zY_15webhook_gateway8services15token_schedulerNtB3_14TokenScheduler22start_scheduler_simpleNCNCNvNtNtNtCsceFSBOtg8Yd_3lib4unit8services26token_scheduler_edge_casess_36test_scheduler_config_extreme_values00EB1X_
FN:54,_RINvMNtNtCsbzJgzfmr7zY_15webhook_gateway8services15token_schedulerNtB3_14TokenScheduler22start_scheduler_simpleNCNCNvNtNtNtCsceFSBOtg8Yd_3lib4unit8services26token_scheduler_edge_casess_51test_scheduler_simple_vs_async_callback_equivalence00EB1X_
FN:54,_RINvMNtNtCsbzJgzfmr7zY_15webhook_gateway8services15token_schedulerNtB3_14TokenScheduler22start_scheduler_simpleNCNCNvNtNtNtCsceFSBOtg8Yd_3lib4unit8services26token_scheduler_edge_casess_51test_scheduler_update_config_during_active_schedule00EB1X_
FN:54,_RINvMNtNtCsbzJgzfmr7zY_15webhook_gateway8services15token_schedulerNtB3_14TokenScheduler22start_scheduler_simpleNCNCNvNtNtNtCsceFSBOtg8Yd_3lib4unit8services30token_scheduler_periodic_testss_32test_periodic_scheduler_shutdown00EB1X_
FN:54,_RINvMNtNtCsbzJgzfmr7zY_15webhook_gateway8services15token_schedulerNtB3_14TokenScheduler22start_scheduler_simpleNCNCNvNtNtNtCsceFSBOtg8Yd_3lib4unit8services30token_scheduler_periodic_testss_34test_periodic_scheduler_start_stop00EB1X_
FN:54,_RINvMNtNtCsbzJgzfmr7zY_15webhook_gateway8services15token_schedulerNtB3_14TokenScheduler22start_scheduler_simpleNCNCNvNtNtNtCsceFSBOtg8Yd_3lib4unit8services30token_scheduler_periodic_testss_35test_periodic_scheduler_replacement00EB1X_
FN:54,_RINvMNtNtCsbzJgzfmr7zY_15webhook_gateway8services15token_schedulerNtB3_14TokenScheduler22start_scheduler_simpleNCNCNvNtNtNtCsceFSBOtg8Yd_3lib4unit8services30token_scheduler_periodic_testss_35test_periodic_scheduler_replacement0s_0EB1X_
FN:54,_RINvMNtNtCsbzJgzfmr7zY_15webhook_gateway8services15token_schedulerNtB3_14TokenScheduler22start_scheduler_simpleNCNCNvNtNtNtCsceFSBOtg8Yd_3lib4unit8services30token_scheduler_periodic_testss_37test_periodic_scheduler_drop_behavior00EB1X_
FN:77,_RNCINvMNtNtCsbzJgzfmr7zY_15webhook_gateway8services15token_schedulerNtB5_14TokenScheduler19spawn_periodic_taskNCINvB4_22start_scheduler_simpleNCNCNCNvNtNtNtCsceFSBOtg8Yd_3lib4unit8services26token_scheduler_edge_casess_36test_concurrent_scheduler_operations000E0NCNCB1M_00E0B2u_
FN:77,_RNCINvMNtNtCsbzJgzfmr7zY_15webhook_gateway8services15token_schedulerNtB5_14TokenScheduler19spawn_periodic_taskNCINvB4_22start_scheduler_simpleNCNCNvNtNtNtCsceFSBOtg8Yd_3lib4unit8services21token_scheduler_testss_19test_scheduler_stop00E0NCNCB1M_00E0B2s_
FN:77,_RNCINvMNtNtCsbzJgzfmr7zY_15webhook_gateway8services15token_schedulerNtB5_14TokenScheduler19spawn_periodic_taskNCINvB4_22start_scheduler_simpleNCNCNvNtNtNtCsceFSBOtg8Yd_3lib4unit8services21token_scheduler_testss_23test_scheduler_shutdown00E0NCNCB1M_00E0B2s_
FN:77,_RNCINvMNtNtCsbzJgzfmr7zY_15webhook_gateway8services15token_schedulerNtB5_14TokenScheduler19spawn_periodic_taskNCINvB4_22start_scheduler_simpleNCNCNvNtNtNtCsceFSBOtg8Yd_3lib4unit8services21token_scheduler_testss_26test_scheduler_replacement00E0NCNCB1M_00E0B2s_
FN:77,_RNCINvMNtNtCsbzJgzfmr7zY_15webhook_gateway8services15token_schedulerNtB5_14TokenScheduler19spawn_periodic_taskNCINvB4_22start_scheduler_simpleNCNCNvNtNtNtCsceFSBOtg8Yd_3lib4unit8services21token_scheduler_testss_26test_scheduler_replacement0s_0E0NCNCB1M_00E0B2s_
FN:77,_RNCINvMNtNtCsbzJgzfmr7zY_15webhook_gateway8services15token_schedulerNtB5_14TokenScheduler19spawn_periodic_taskNCINvB4_22start_scheduler_simpleNCNCNvNtNtNtCsceFSBOtg8Yd_3lib4unit8services21token_scheduler_testss_32test_scheduler_config_validation00E0NCNCB1M_00E0B2s_
FN:77,_RNCINvMNtNtCsbzJgzfmr7zY_15webhook_gateway8services15token_schedulerNtB5_14TokenScheduler19spawn_periodic_taskNCINvB4_22start_scheduler_simpleNCNCNvNtNtNtCsceFSBOtg8Yd_3lib4unit8services26token_scheduler_edge_casess_31test_scheduler_info_consistency00E0NCNCB1M_00E0B2s_
FN:77,_RNCINvMNtNtCsbzJgzfmr7zY_15webhook_gateway8services15token_schedulerNtB5_14TokenScheduler19spawn_periodic_taskNCINvB4_22start_scheduler_simpleNCNCNvNtNtNtCsceFSBOtg8Yd_3lib4unit8services26token_scheduler_edge_casess_36test_scheduler_config_extreme_values00E0NCNCB1M_00E0B2s_
FN:77,_RNCINvMNtNtCsbzJgzfmr7zY_15webhook_gateway8services15token_schedulerNtB5_14TokenScheduler19spawn_periodic_taskNCINvB4_22start_scheduler_simpleNCNCNvNtNtNtCsceFSBOtg8Yd_3lib4unit8services26token_scheduler_edge_casess_51test_scheduler_simple_vs_async_callback_equivalence00E0NCNCB1M_00E0B2s_
FN:77,_RNCINvMNtNtCsbzJgzfmr7zY_15webhook_gateway8services15token_schedulerNtB5_14TokenScheduler19spawn_periodic_taskNCINvB4_22start_scheduler_simpleNCNCNvNtNtNtCsceFSBOtg8Yd_3lib4unit8services26token_scheduler_edge_casess_51test_scheduler_update_config_during_active_schedule00E0NCNCB1M_00E0B2s_
FN:77,_RNCINvMNtNtCsbzJgzfmr7zY_15webhook_gateway8services15token_schedulerNtB5_14TokenScheduler19spawn_periodic_taskNCINvB4_22start_scheduler_simpleNCNCNvNtNtNtCsceFSBOtg8Yd_3lib4unit8services30token_scheduler_periodic_testss_32test_periodic_scheduler_shutdown00E0NCNCB1M_00E0B2s_
FN:77,_RNCINvMNtNtCsbzJgzfmr7zY_15webhook_gateway8services15token_schedulerNtB5_14TokenScheduler19spawn_periodic_taskNCINvB4_22start_scheduler_simpleNCNCNvNtNtNtCsceFSBOtg8Yd_3lib4unit8services30token_scheduler_periodic_testss_34test_periodic_scheduler_start_stop00E0NCNCB1M_00E0B2s_
FN:77,_RNCINvMNtNtCsbzJgzfmr7zY_15webhook_gateway8services15token_schedulerNtB5_14TokenScheduler19spawn_periodic_taskNCINvB4_22start_scheduler_simpleNCNCNvNtNtNtCsceFSBOtg8Yd_3lib4unit8services30token_scheduler_periodic_testss_35test_periodic_scheduler_replacement00E0NCNCB1M_00E0B2s_
FN:77,_RNCINvMNtNtCsbzJgzfmr7zY_15webhook_gateway8services15token_schedulerNtB5_14TokenScheduler19spawn_periodic_taskNCINvB4_22start_scheduler_simpleNCNCNvNtNtNtCsceFSBOtg8Yd_3lib4unit8services30token_scheduler_periodic_testss_35test_periodic_scheduler_replacement0s_0E0NCNCB1M_00E0B2s_
FN:77,_RNCINvMNtNtCsbzJgzfmr7zY_15webhook_gateway8services15token_schedulerNtB5_14TokenScheduler19spawn_periodic_taskNCINvB4_22start_scheduler_simpleNCNCNvNtNtNtCsceFSBOtg8Yd_3lib4unit8services30token_scheduler_periodic_testss_37test_periodic_scheduler_drop_behavior00E0NCNCB1M_00E0B2s_
FN:77,_RNCINvMNtNtCsbzJgzfmr7zY_15webhook_gateway8services15token_schedulerNtB5_14TokenScheduler19spawn_periodic_taskNCNCNvNtNtNtCsceFSBOtg8Yd_3lib4unit8services26token_scheduler_edge_casess_28test_scheduler_drop_behavior00NCNCB1M_00E0B1W_
FN:77,_RNCINvMNtNtCsbzJgzfmr7zY_15webhook_gateway8services15token_schedulerNtB5_14TokenScheduler19spawn_periodic_taskNCNCNvNtNtNtCsceFSBOtg8Yd_3lib4unit8services26token_scheduler_edge_casess_34test_multiple_rapid_schedule_calls00NCNCB1M_00E0B1W_
FN:77,_RNCINvMNtNtCsbzJgzfmr7zY_15webhook_gateway8services15token_schedulerNtB5_14TokenScheduler19spawn_periodic_taskNCNCNvNtNtNtCsceFSBOtg8Yd_3lib4unit8services26token_scheduler_edge_casess_36test_scheduler_with_minimal_interval00NCNCB1M_00E0B1W_
FN:77,_RNCINvMNtNtCsbzJgzfmr7zY_15webhook_gateway8services15token_schedulerNtB5_14TokenScheduler19spawn_periodic_taskNCNCNvNtNtNtCsceFSBOtg8Yd_3lib4unit8services26token_scheduler_edge_casess_38test_scheduler_callback_error_handling00NCNCB1M_00E0B1W_
FN:77,_RNCINvMNtNtCsbzJgzfmr7zY_15webhook_gateway8services15token_schedulerNtB5_14TokenScheduler19spawn_periodic_taskNCNCNvNtNtNtCsceFSBOtg8Yd_3lib4unit8services26token_scheduler_edge_casess_51test_scheduler_simple_vs_async_callback_equivalence0s_0NCNCB1M_s_00E0B1W_
FN:77,_RNCINvMNtNtCsbzJgzfmr7zY_15webhook_gateway8services15token_schedulerNtB5_14TokenScheduler19spawn_periodic_taskNCNCNvNtNtNtCsceFSBOtg8Yd_3lib4unit8services30token_scheduler_periodic_debugs_34test_scheduler_immediate_execution00NCNCB1M_00E0B1W_
FN:77,_RNCINvMNtNtCsbzJgzfmr7zY_15webhook_gateway8services15token_schedulerNtB5_14TokenScheduler19spawn_periodic_taskNCNCNvNtNtNtCsceFSBOtg8Yd_3lib4unit8services30token_scheduler_periodic_debugs_34test_scheduler_runs_multiple_times00NCNCB1M_00E0B1W_
FN:77,_RNCINvMNtNtCsbzJgzfmr7zY_15webhook_gateway8services15token_schedulerNtB5_14TokenScheduler19spawn_periodic_taskNCNCNvNtNtNtCsceFSBOtg8Yd_3lib4unit8services30token_scheduler_periodic_testss_38test_periodic_scheduler_async_callback00NCNCB1M_00E0B1W_
FN:59,_RNCINvMNtNtCsbzJgzfmr7zY_15webhook_gateway8services15token_schedulerNtB5_14TokenScheduler22start_scheduler_simpleNCNCNCNvNtNtNtCsceFSBOtg8Yd_3lib4unit8services26token_scheduler_edge_casess_36test_concurrent_scheduler_operations000E0B21_
FN:59,_RNCINvMNtNtCsbzJgzfmr7zY_15webhook_gateway8services15token_schedulerNtB5_14TokenScheduler22start_scheduler_simpleNCNCNvNtNtNtCsceFSBOtg8Yd_3lib4unit8services21token_scheduler_testss_19test_scheduler_stop00E0B1Z_
FN:59,_RNCINvMNtNtCsbzJgzfmr7zY_15webhook_gateway8services15token_schedulerNtB5_14TokenScheduler22start_scheduler_simpleNCNCNvNtNtNtCsceFSBOtg8Yd_3lib4unit8services21token_scheduler_testss_23test_scheduler_shutdown00E0B1Z_
FN:59,_RNCINvMNtNtCsbzJgzfmr7zY_15webhook_gateway8services15token_schedulerNtB5_14TokenScheduler22start_scheduler_simpleNCNCNvNtNtNtCsceFSBOtg8Yd_3lib4unit8services21token_scheduler_testss_26test_scheduler_replacement00E0B1Z_
FN:59,_RNCINvMNtNtCsbzJgzfmr7zY_15webhook_gateway8services15token_schedulerNtB5_14TokenScheduler22start_scheduler_simpleNCNCNvNtNtNtCsceFSBOtg8Yd_3lib4unit8services21token_scheduler_testss_26test_scheduler_replacement0s_0E0B1Z_
FN:59,_RNCINvMNtNtCsbzJgzfmr7zY_15webhook_gateway8services15token_schedulerNtB5_14TokenScheduler22start_scheduler_simpleNCNCNvNtNtNtCsceFSBOtg8Yd_3lib4unit8services21token_scheduler_testss_32test_scheduler_config_validation00E0B1Z_
FN:59,_RNCINvMNtNtCsbzJgzfmr7zY_15webhook_gateway8services15token_schedulerNtB5_14TokenScheduler22start_scheduler_simpleNCNCNvNtNtNtCsceFSBOtg8Yd_3lib4unit8services26token_scheduler_edge_casess_31test_scheduler_info_consistency00E0B1Z_
FN:59,_RNCINvMNtNtCsbzJgzfmr7zY_15webhook_gateway8services15token_schedulerNtB5_14TokenScheduler22start_scheduler_simpleNCNCNvNtNtNtCsceFSBOtg8Yd_3lib4unit8services26token_scheduler_edge_casess_36test_scheduler_config_extreme_values00E0B1Z_
FN:59,_RNCINvMNtNtCsbzJgzfmr7zY_15webhook_gateway8services15token_schedulerNtB5_14TokenScheduler22start_scheduler_simpleNCNCNvNtNtNtCsceFSBOtg8Yd_3lib4unit8services26token_scheduler_edge_casess_51test_scheduler_simple_vs_async_callback_equivalence00E0B1Z_
FN:59,_RNCINvMNtNtCsbzJgzfmr7zY_15webhook_gateway8services15token_schedulerNtB5_14TokenScheduler22start_scheduler_simpleNCNCNvNtNtNtCsceFSBOtg8Yd_3lib4unit8services26token_scheduler_edge_casess_51test_scheduler_update_config_during_active_schedule00E0B1Z_
FN:59,_RNCINvMNtNtCsbzJgzfmr7zY_15webhook_gateway8services15token_schedulerNtB5_14TokenScheduler22start_scheduler_simpleNCNCNvNtNtNtCsceFSBOtg8Yd_3lib4unit8services30token_scheduler_periodic_testss_32test_periodic_scheduler_shutdown00E0B1Z_
FN:59,_RNCINvMNtNtCsbzJgzfmr7zY_15webhook_gateway8services15token_schedulerNtB5_14TokenScheduler22start_scheduler_simpleNCNCNvNtNtNtCsceFSBOtg8Yd_3lib4unit8services30token_scheduler_periodic_testss_34test_periodic_scheduler_start_stop00E0B1Z_
FN:59,_RNCINvMNtNtCsbzJgzfmr7zY_15webhook_gateway8services15token_schedulerNtB5_14TokenScheduler22start_scheduler_simpleNCNCNvNtNtNtCsceFSBOtg8Yd_3lib4unit8services30token_scheduler_periodic_testss_35test_periodic_scheduler_replacement00E0B1Z_
FN:59,_RNCINvMNtNtCsbzJgzfmr7zY_15webhook_gateway8services15token_schedulerNtB5_14TokenScheduler22start_scheduler_simpleNCNCNvNtNtNtCsceFSBOtg8Yd_3lib4unit8services30token_scheduler_periodic_testss_35test_periodic_scheduler_replacement0s_0E0B1Z_
FN:59,_RNCINvMNtNtCsbzJgzfmr7zY_15webhook_gateway8services15token_schedulerNtB5_14TokenScheduler22start_scheduler_simpleNCNCNvNtNtNtCsceFSBOtg8Yd_3lib4unit8services30token_scheduler_periodic_testss_37test_periodic_scheduler_drop_behavior00E0B1Z_
FN:61,_RNCNCINvMNtNtCsbzJgzfmr7zY_15webhook_gateway8services15token_schedulerNtB7_14TokenScheduler22start_scheduler_simpleNCNCNCNvNtNtNtCsceFSBOtg8Yd_3lib4unit8services26token_scheduler_edge_casess_36test_concurrent_scheduler_operations000E00B23_
FN:61,_RNCNCINvMNtNtCsbzJgzfmr7zY_15webhook_gateway8services15token_schedulerNtB7_14TokenScheduler22start_scheduler_simpleNCNCNvNtNtNtCsceFSBOtg8Yd_3lib4unit8services21token_scheduler_testss_19test_scheduler_stop00E00B21_
FN:61,_RNCNCINvMNtNtCsbzJgzfmr7zY_15webhook_gateway8services15token_schedulerNtB7_14TokenScheduler22start_scheduler_simpleNCNCNvNtNtNtCsceFSBOtg8Yd_3lib4unit8services21token_scheduler_testss_23test_scheduler_shutdown00E00B21_
FN:61,_RNCNCINvMNtNtCsbzJgzfmr7zY_15webhook_gateway8services15token_schedulerNtB7_14TokenScheduler22start_scheduler_simpleNCNCNvNtNtNtCsceFSBOtg8Yd_3lib4unit8services21token_scheduler_testss_26test_scheduler_replacement00E00B21_
FN:61,_RNCNCINvMNtNtCsbzJgzfmr7zY_15webhook_gateway8services15token_schedulerNtB7_14TokenScheduler22start_scheduler_simpleNCNCNvNtNtNtCsceFSBOtg8Yd_3lib4unit8services21token_scheduler_testss_26test_scheduler_replacement0s_0E00B21_
FN:61,_RNCNCINvMNtNtCsbzJgzfmr7zY_15webhook_gateway8services15token_schedulerNtB7_14TokenScheduler22start_scheduler_simpleNCNCNvNtNtNtCsceFSBOtg8Yd_3lib4unit8services21token_scheduler_testss_32test_scheduler_config_validation00E00B21_
FN:61,_RNCNCINvMNtNtCsbzJgzfmr7zY_15webhook_gateway8services15token_schedulerNtB7_14TokenScheduler22start_scheduler_simpleNCNCNvNtNtNtCsceFSBOtg8Yd_3lib4unit8services26token_scheduler_edge_casess_31test_scheduler_info_consistency00E00B21_
FN:61,_RNCNCINvMNtNtCsbzJgzfmr7zY_15webhook_gateway8services15token_schedulerNtB7_14TokenScheduler22start_scheduler_simpleNCNCNvNtNtNtCsceFSBOtg8Yd_3lib4unit8services26token_scheduler_edge_casess_36test_scheduler_config_extreme_values00E00B21_
FN:61,_RNCNCINvMNtNtCsbzJgzfmr7zY_15webhook_gateway8services15token_schedulerNtB7_14TokenScheduler22start_scheduler_simpleNCNCNvNtNtNtCsceFSBOtg8Yd_3lib4unit8services26token_scheduler_edge_casess_51test_scheduler_simple_vs_async_callback_equivalence00E00B21_
FN:61,_RNCNCINvMNtNtCsbzJgzfmr7zY_15webhook_gateway8services15token_schedulerNtB7_14TokenScheduler22start_scheduler_simpleNCNCNvNtNtNtCsceFSBOtg8Yd_3lib4unit8services26token_scheduler_edge_casess_51test_scheduler_update_config_during_active_schedule00E00B21_
FN:61,_RNCNCINvMNtNtCsbzJgzfmr7zY_15webhook_gateway8services15token_schedulerNtB7_14TokenScheduler22start_scheduler_simpleNCNCNvNtNtNtCsceFSBOtg8Yd_3lib4unit8services30token_scheduler_periodic_testss_32test_periodic_scheduler_shutdown00E00B21_
FN:61,_RNCNCINvMNtNtCsbzJgzfmr7zY_15webhook_gateway8services15token_schedulerNtB7_14TokenScheduler22start_scheduler_simpleNCNCNvNtNtNtCsceFSBOtg8Yd_3lib4unit8services30token_scheduler_periodic_testss_34test_periodic_scheduler_start_stop00E00B21_
FN:61,_RNCNCINvMNtNtCsbzJgzfmr7zY_15webhook_gateway8services15token_schedulerNtB7_14TokenScheduler22start_scheduler_simpleNCNCNvNtNtNtCsceFSBOtg8Yd_3lib4unit8services30token_scheduler_periodic_testss_35test_periodic_scheduler_replacement00E00B21_
FN:61,_RNCNCINvMNtNtCsbzJgzfmr7zY_15webhook_gateway8services15token_schedulerNtB7_14TokenScheduler22start_scheduler_simpleNCNCNvNtNtNtCsceFSBOtg8Yd_3lib4unit8services30token_scheduler_periodic_testss_35test_periodic_scheduler_replacement0s_0E00B21_
FN:61,_RNCNCINvMNtNtCsbzJgzfmr7zY_15webhook_gateway8services15token_schedulerNtB7_14TokenScheduler22start_scheduler_simpleNCNCNvNtNtNtCsceFSBOtg8Yd_3lib4unit8services30token_scheduler_periodic_testss_37test_periodic_scheduler_drop_behavior00E00B21_
FN:35,_RINvMNtNtCsbzJgzfmr7zY_15webhook_gateway8services15token_schedulerNtB3_14TokenScheduler15start_schedulerNCINvB2_22start_scheduler_simpleNCNCNCNvNtNtCs4GrA12dzGia_10unit_tests8services26token_scheduler_edge_casess_36test_concurrent_scheduler_operations000E0NCNCB1G_00EB2m_
FN:35,_RINvMNtNtCsbzJgzfmr7zY_15webhook_gateway8services15token_schedulerNtB3_14TokenScheduler15start_schedulerNCINvB2_22start_scheduler_simpleNCNCNvNtNtCs4GrA12dzGia_10unit_tests8services21token_scheduler_testss_19test_scheduler_stop00E0NCNCB1G_00EB2k_
FN:35,_RINvMNtNtCsbzJgzfmr7zY_15webhook_gateway8services15token_schedulerNtB3_14TokenScheduler15start_schedulerNCINvB2_22start_scheduler_simpleNCNCNvNtNtCs4GrA12dzGia_10unit_tests8services21token_scheduler_testss_23test_scheduler_shutdown00E0NCNCB1G_00EB2k_
FN:35,_RINvMNtNtCsbzJgzfmr7zY_15webhook_gateway8services15token_schedulerNtB3_14TokenScheduler15start_schedulerNCINvB2_22start_scheduler_simpleNCNCNvNtNtCs4GrA12dzGia_10unit_tests8services21token_scheduler_testss_26test_scheduler_replacement00E0NCNCB1G_00EB2k_
FN:35,_RINvMNtNtCsbzJgzfmr7zY_15webhook_gateway8services15token_schedulerNtB3_14TokenScheduler15start_schedulerNCINvB2_22start_scheduler_simpleNCNCNvNtNtCs4GrA12dzGia_10unit_tests8services21token_scheduler_testss_26test_scheduler_replacement0s_0E0NCNCB1G_00EB2k_
FN:35,_RINvMNtNtCsbzJgzfmr7zY_15webhook_gateway8services15token_schedulerNtB3_14TokenScheduler15start_schedulerNCINvB2_22start_scheduler_simpleNCNCNvNtNtCs4GrA12dzGia_10unit_tests8services21token_scheduler_testss_32test_scheduler_config_validation00E0NCNCB1G_00EB2k_
FN:35,_RINvMNtNtCsbzJgzfmr7zY_15webhook_gateway8services15token_schedulerNtB3_14TokenScheduler15start_schedulerNCINvB2_22start_scheduler_simpleNCNCNvNtNtCs4GrA12dzGia_10unit_tests8services26token_scheduler_edge_casess_31test_scheduler_info_consistency00E0NCNCB1G_00EB2k_
FN:35,_RINvMNtNtCsbzJgzfmr7zY_15webhook_gateway8services15token_schedulerNtB3_14TokenScheduler15start_schedulerNCINvB2_22start_scheduler_simpleNCNCNvNtNtCs4GrA12dzGia_10unit_tests8services26token_scheduler_edge_casess_36test_scheduler_config_extreme_values00E0NCNCB1G_00EB2k_
FN:35,_RINvMNtNtCsbzJgzfmr7zY_15webhook_gateway8services15token_schedulerNtB3_14TokenScheduler15start_schedulerNCINvB2_22start_scheduler_simpleNCNCNvNtNtCs4GrA12dzGia_10unit_tests8services26token_scheduler_edge_casess_51test_scheduler_simple_vs_async_callback_equivalence00E0NCNCB1G_00EB2k_
FN:35,_RINvMNtNtCsbzJgzfmr7zY_15webhook_gateway8services15token_schedulerNtB3_14TokenScheduler15start_schedulerNCINvB2_22start_scheduler_simpleNCNCNvNtNtCs4GrA12dzGia_10unit_tests8services26token_scheduler_edge_casess_51test_scheduler_update_config_during_active_schedule00E0NCNCB1G_00EB2k_
FN:35,_RINvMNtNtCsbzJgzfmr7zY_15webhook_gateway8services15token_schedulerNtB3_14TokenScheduler15start_schedulerNCINvB2_22start_scheduler_simpleNCNCNvNtNtCs4GrA12dzGia_10unit_tests8services30token_scheduler_periodic_testss_32test_periodic_scheduler_shutdown00E0NCNCB1G_00EB2k_
FN:35,_RINvMNtNtCsbzJgzfmr7zY_15webhook_gateway8services15token_schedulerNtB3_14TokenScheduler15start_schedulerNCINvB2_22start_scheduler_simpleNCNCNvNtNtCs4GrA12dzGia_10unit_tests8services30token_scheduler_periodic_testss_34test_periodic_scheduler_start_stop00E0NCNCB1G_00EB2k_
FN:35,_RINvMNtNtCsbzJgzfmr7zY_15webhook_gateway8services15token_schedulerNtB3_14TokenScheduler15start_schedulerNCINvB2_22start_scheduler_simpleNCNCNvNtNtCs4GrA12dzGia_10unit_tests8services30token_scheduler_periodic_testss_35test_periodic_scheduler_replacement00E0NCNCB1G_00EB2k_
FN:35,_RINvMNtNtCsbzJgzfmr7zY_15webhook_gateway8services15token_schedulerNtB3_14TokenScheduler15start_schedulerNCINvB2_22start_scheduler_simpleNCNCNvNtNtCs4GrA12dzGia_10unit_tests8services30token_scheduler_periodic_testss_35test_periodic_scheduler_replacement0s_0E0NCNCB1G_00EB2k_
FN:35,_RINvMNtNtCsbzJgzfmr7zY_15webhook_gateway8services15token_schedulerNtB3_14TokenScheduler15start_schedulerNCINvB2_22start_scheduler_simpleNCNCNvNtNtCs4GrA12dzGia_10unit_tests8services30token_scheduler_periodic_testss_37test_periodic_scheduler_drop_behavior00E0NCNCB1G_00EB2k_
FN:35,_RINvMNtNtCsbzJgzfmr7zY_15webhook_gateway8services15token_schedulerNtB3_14TokenScheduler15start_schedulerNCNCNvNtNtCs4GrA12dzGia_10unit_tests8services26token_scheduler_edge_casess_28test_scheduler_drop_behavior00NCNCB1G_00EB1O_
FN:35,_RINvMNtNtCsbzJgzfmr7zY_15webhook_gateway8services15token_schedulerNtB3_14TokenScheduler15start_schedulerNCNCNvNtNtCs4GrA12dzGia_10unit_tests8services26token_scheduler_edge_casess_34test_multiple_rapid_schedule_calls00NCNCB1G_00EB1O_
FN:35,_RINvMNtNtCsbzJgzfmr7zY_15webhook_gateway8services15token_schedulerNtB3_14TokenScheduler15start_schedulerNCNCNvNtNtCs4GrA12dzGia_10unit_tests8services26token_scheduler_edge_casess_36test_scheduler_with_minimal_interval00NCNCB1G_00EB1O_
FN:35,_RINvMNtNtCsbzJgzfmr7zY_15webhook_gateway8services15token_schedulerNtB3_14TokenScheduler15start_schedulerNCNCNvNtNtCs4GrA12dzGia_10unit_tests8services26token_scheduler_edge_casess_38test_scheduler_callback_error_handling00NCNCB1G_00EB1O_
FN:35,_RINvMNtNtCsbzJgzfmr7zY_15webhook_gateway8services15token_schedulerNtB3_14TokenScheduler15start_schedulerNCNCNvNtNtCs4GrA12dzGia_10unit_tests8services26token_scheduler_edge_casess_51test_scheduler_simple_vs_async_callback_equivalence0s_0NCNCB1G_s_00EB1O_
FN:35,_RINvMNtNtCsbzJgzfmr7zY_15webhook_gateway8services15token_schedulerNtB3_14TokenScheduler15start_schedulerNCNCNvNtNtCs4GrA12dzGia_10unit_tests8services30token_scheduler_periodic_debugs_34test_scheduler_immediate_execution00NCNCB1G_00EB1O_
[...]
FNDA:0,_RNCNCINvMNtNtCsbzJgzfmr7zY_15webhook_gateway8services15token_schedulerNtB7_14TokenScheduler22start_scheduler_simpleNCNCNvNtNtCs4GrA12dzGia_10unit_tests8services26token_scheduler_edge_casess_36test_scheduler_config_extreme_values00E00B1Z_
FNDA:0,_RNCNCINvMNtNtCsbzJgzfmr7zY_15webhook_gateway8services15token_schedulerNtB7_14TokenScheduler22start_scheduler_simpleNCNCNvNtNtCs4GrA12dzGia_10unit_tests8services26token_scheduler_edge_casess_51test_scheduler_simple_vs_async_callback_equivalence00E00B1Z_
FNDA:0,_RNCNCINvMNtNtCsbzJgzfmr7zY_15webhook_gateway8services15token_schedulerNtB7_14TokenScheduler22start_scheduler_simpleNCNCNvNtNtCs4GrA12dzGia_10unit_tests8services26token_scheduler_edge_casess_51test_scheduler_update_config_during_active_schedule00E00B1Z_
FNDA:0,_RNCNCINvMNtNtCsbzJgzfmr7zY_15webhook_gateway8services15token_schedulerNtB7_14TokenScheduler22start_scheduler_simpleNCNCNvNtNtCs4GrA12dzGia_10unit_tests8services30token_scheduler_periodic_testss_32test_periodic_scheduler_shutdown00E00B1Z_
FNDA:0,_RNCNCINvMNtNtCsbzJgzfmr7zY_15webhook_gateway8services15token_schedulerNtB7_14TokenScheduler22start_scheduler_simpleNCNCNvNtNtCs4GrA12dzGia_10unit_tests8services30token_scheduler_periodic_testss_34test_periodic_scheduler_start_stop00E00B1Z_
FNDA:0,_RNCNCINvMNtNtCsbzJgzfmr7zY_15webhook_gateway8services15token_schedulerNtB7_14TokenScheduler22start_scheduler_simpleNCNCNvNtNtCs4GrA12dzGia_10unit_tests8services30token_scheduler_periodic_testss_35test_periodic_scheduler_replacement00E00B1Z_
FNDA:0,_RNCNCINvMNtNtCsbzJgzfmr7zY_15webhook_gateway8services15token_schedulerNtB7_14TokenScheduler22start_scheduler_simpleNCNCNvNtNtCs4GrA12dzGia_10unit_tests8services30token_scheduler_periodic_testss_35test_periodic_scheduler_replacement0s_0E00B1Z_
FNDA:1,_RNCNCINvMNtNtCsbzJgzfmr7zY_15webhook_gateway8services15token_schedulerNtB7_14TokenScheduler22start_scheduler_simpleNCNCNvNtNtCs4GrA12dzGia_10unit_tests8services30token_scheduler_periodic_testss_37test_periodic_scheduler_drop_behavior00E00B1Z_
FNDA:0,_RINvMNtNtCsed0qgdemKyN_15webhook_gateway8services15token_schedulerNtB3_14TokenScheduler15start_schedulerppEB7_
FNDA:0,_RINvMNtNtCsed0qgdemKyN_15webhook_gateway8services15token_schedulerNtB3_14TokenScheduler19spawn_periodic_taskppEB7_
FNDA:0,_RINvMNtNtCsed0qgdemKyN_15webhook_gateway8services15token_schedulerNtB3_14TokenScheduler22start_scheduler_simplepEB7_
FNDA:0,_RNCINvMNtNtCsed0qgdemKyN_15webhook_gateway8services15token_schedulerNtB5_14TokenScheduler19spawn_periodic_taskppE0B9_
FNDA:0,_RNCINvMNtNtCsed0qgdemKyN_15webhook_gateway8services15token_schedulerNtB5_14TokenScheduler22start_scheduler_simplepE0B9_
FNDA:0,_RNCNCINvMNtNtCsed0qgdemKyN_15webhook_gateway8services15token_schedulerNtB7_14TokenScheduler22start_scheduler_simplepE00Bb_
FNDA:0,_RNvMNtNtCsed0qgdemKyN_15webhook_gateway8services15token_schedulerNtB2_14TokenScheduler10get_config
FNDA:0,_RNvMNtNtCsed0qgdemKyN_15webhook_gateway8services15token_schedulerNtB2_14TokenScheduler11with_config
FNDA:0,_RNvMNtNtCsed0qgdemKyN_15webhook_gateway8services15token_schedulerNtB2_14TokenScheduler13update_config
FNDA:0,_RNvMNtNtCsed0qgdemKyN_15webhook_gateway8services15token_schedulerNtB2_14TokenScheduler14stop_scheduler
FNDA:0,_RNvMNtNtCsed0qgdemKyN_15webhook_gateway8services15token_schedulerNtB2_14TokenScheduler18get_scheduler_info
FNDA:0,_RNvMNtNtCsed0qgdemKyN_15webhook_gateway8services15token_schedulerNtB2_14TokenScheduler19is_scheduler_active
FNDA:0,_RNvMNtNtCsed0qgdemKyN_15webhook_gateway8services15token_schedulerNtB2_14TokenScheduler3new
FNDA:0,_RNvMNtNtCsed0qgdemKyN_15webhook_gateway8services15token_schedulerNtB2_14TokenScheduler8shutdown
FNDA:0,_RNvXs0_NtNtCsed0qgdemKyN_15webhook_gateway8services15token_schedulerNtB5_14TokenSchedulerNtNtNtCsixiwFwjEgS7_4core3ops4drop4Drop4drop
FNDA:0,_RNvXs_NtNtCsed0qgdemKyN_15webhook_gateway8services15token_schedulerNtB4_14TokenSchedulerNtNtCsixiwFwjEgS7_4core7default7Default7default
FNF:16
FNH:15
DA:21,20
DA:22,20
DA:23,20
DA:24,20
DA:25,20
DA:27,124
DA:28,124
DA:29,124
DA:30,124
DA:31,124
DA:32,124
DA:35,136
DA:36,136
DA:37,136
DA:38,136
DA:41,136
DA:43,136
DA:44,136
DA:47,136
DA:48,136
DA:49,136
DA:50,136
DA:51,136
DA:54,34
DA:55,34
DA:56,34
DA:58,34
DA:59,34
DA:60,2
DA:61,2
DA:62,2
DA:63,2
DA:64,2
DA:65,2
DA:66,34
DA:70,136
DA:71,136
DA:72,136
DA:73,136
DA:75,136
DA:77,136
DA:78,58
DA:79,58
DA:80,58
DA:81,58
DA:82,58
DA:86,58
DA:89,58
DA:92,58
DA:95,56
DA:96,56
DA:97,56
DA:98,56
DA:99,56
DA:103,56
DA:104,18
DA:105,18
DA:106,18
DA:107,18
DA:108,18
DA:109,18
DA:110,18
DA:111,18
DA:112,30
DA:113,30
DA:114,30
DA:115,30
DA:116,30
DA:117,30
DA:118,30
DA:121,48
DA:122,48
DA:123,48
DA:124,48
DA:125,48
DA:129,48
DA:132,136
DA:135,204
DA:136,204
DA:137,204
DA:138,84
DA:139,84
DA:140,84
DA:141,84
DA:142,84
DA:143,84
DA:144,84
DA:145,120
DA:146,204
DA:149,108
DA:150,108
DA:151,108
DA:152,108
DA:155,22
DA:156,22
DA:157,12
DA:158,12
DA:159,12
DA:160,12
DA:162,10
DA:164,22
DA:167,20
DA:168,20
DA:169,20
DA:172,4
DA:173,4
DA:174,4
DA:177,32
DA:178,32
DA:179,32
DA:180,32
DA:181,32
DA:182,32
DA:184,32
DA:185,32
DA:189,0
DA:190,0
DA:191,0
DA:195,240
DA:198,240
BRF:0
BRH:0
LF:122
LH:119
end_of_record
SF:D:\Workspace\Rust\permata-gateway\src\services\webhook_processor.rs
FN:27,_RNvMNtNtCsbzJgzfmr7zY_15webhook_gateway8services17webhook_processorNtB2_16WebhookProcessor3new
FN:35,_RNvMNtNtCsbzJgzfmr7zY_15webhook_gateway8services17webhook_processorNtB2_16WebhookProcessor8shutdown
FN:48,_RNvXs2_NtNtCsbzJgzfmr7zY_15webhook_gateway8services17webhook_processorNtB5_16WebhookProcessorNtB5_21WebhookProcessorTrait15process_webhook
FN:35,_RNCNvMNtNtCsbzJgzfmr7zY_15webhook_gateway8services17webhook_processorNtB4_16WebhookProcessor8shutdown0B8_
FN:35,_RNCNvMNtNtCsbzJgzfmr7zY_15webhook_gateway8services17webhook_processorNtB4_16WebhookProcessor8shutdown0CsceFSBOtg8Yd_3lib
FN:35,_RNCNvMNtNtCsbzJgzfmr7zY_15webhook_gateway8services17webhook_processorNtB4_16WebhookProcessor8shutdown0Cs4GrA12dzGia_10unit_tests
FN:35,_RNCNvMNtNtCsed0qgdemKyN_15webhook_gateway8services17webhook_processorNtB4_16WebhookProcessor8shutdown0B8_
FN:27,_RNvMNtNtCsed0qgdemKyN_15webhook_gateway8services17webhook_processorNtB2_16WebhookProcessor3new
FN:35,_RNvMNtNtCsed0qgdemKyN_15webhook_gateway8services17webhook_processorNtB2_16WebhookProcessor8shutdown
FN:48,_RNvXs2_NtNtCsed0qgdemKyN_15webhook_gateway8services17webhook_processorNtB5_16WebhookProcessorNtB5_21WebhookProcessorTrait15process_webhook
FN:35,_RNCNvMNtNtCsbzJgzfmr7zY_15webhook_gateway8services17webhook_processorNtB4_16WebhookProcessor8shutdown0Cs9oYNdCt0HPN_15webhook_gateway
FNDA:34,_RNvMNtNtCsbzJgzfmr7zY_15webhook_gateway8services17webhook_processorNtB2_16WebhookProcessor3new
FNDA:2,_RNvMNtNtCsbzJgzfmr7zY_15webhook_gateway8services17webhook_processorNtB2_16WebhookProcessor8shutdown
FNDA:30,_RNvXs2_NtNtCsbzJgzfmr7zY_15webhook_gateway8services17webhook_processorNtB5_16WebhookProcessorNtB5_21WebhookProcessorTrait15process_webhook
FNDA:0,_RNCNvMNtNtCsbzJgzfmr7zY_15webhook_gateway8services17webhook_processorNtB4_16WebhookProcessor8shutdown0B8_
FNDA:1,_RNCNvMNtNtCsbzJgzfmr7zY_15webhook_gateway8services17webhook_processorNtB4_16WebhookProcessor8shutdown0CsceFSBOtg8Yd_3lib
FNDA:1,_RNCNvMNtNtCsbzJgzfmr7zY_15webhook_gateway8services17webhook_processorNtB4_16WebhookProcessor8shutdown0Cs4GrA12dzGia_10unit_tests
FNDA:0,_RNCNvMNtNtCsed0qgdemKyN_15webhook_gateway8services17webhook_processorNtB4_16WebhookProcessor8shutdown0B8_
FNDA:0,_RNvMNtNtCsed0qgdemKyN_15webhook_gateway8services17webhook_processorNtB2_16WebhookProcessor3new
FNDA:0,_RNvMNtNtCsed0qgdemKyN_15webhook_gateway8services17webhook_processorNtB2_16WebhookProcessor8shutdown
FNDA:0,_RNvXs2_NtNtCsed0qgdemKyN_15webhook_gateway8services17webhook_processorNtB5_16WebhookProcessorNtB5_21WebhookProcessorTrait15process_webhook
FNDA:0,_RNCNvMNtNtCsbzJgzfmr7zY_15webhook_gateway8services17webhook_processorNtB4_16WebhookProcessor8shutdown0Cs9oYNdCt0HPN_15webhook_gateway
FNF:4
FNH:4
DA:27,34
DA:28,34
DA:29,34
DA:30,34
DA:31,34
DA:32,34
DA:33,34
DA:35,2
DA:36,2
DA:37,2
DA:38,2
DA:39,2
DA:40,2
DA:42,2
DA:43,2
DA:48,30
DA:88,30
BRF:0
BRH:0
LF:18
LH:18
end_of_record
SF:D:\Workspace\Rust\permata-gateway\src\utils\error.rs
FN:70,_RINvMNtNtCsbzJgzfmr7zY_15webhook_gateway5utils5errorNtB3_8AppError13configurationReECs2FHfWflbkY1_17integration_tests
FN:58,_RINvMNtNtCsbzJgzfmr7zY_15webhook_gateway5utils5errorNtB3_8AppError18payload_conversionReECs2FHfWflbkY1_17integration_tests
FN:70,_RINvMNtNtCsbzJgzfmr7zY_15webhook_gateway5utils5errorNtB3_8AppError13configurationNtNtCs6L9tbza1LrC_5alloc6string6StringEB7_
FN:76,_RINvMNtNtCsbzJgzfmr7zY_15webhook_gateway5utils5errorNtB3_8AppError5errorNtNtCs6L9tbza1LrC_5alloc6string6StringEB7_
FN:76,_RINvMNtNtCsbzJgzfmr7zY_15webhook_gateway5utils5errorNtB3_8AppError5errorReEB7_
FN:64,_RINvMNtNtCsbzJgzfmr7zY_15webhook_gateway5utils5errorNtB3_8AppError12webhook_typepEB7_
FN:52,_RINvMNtNtCsbzJgzfmr7zY_15webhook_gateway5utils5errorNtB3_8AppError18message_processingpEB7_
FN:58,_RINvMNtNtCsbzJgzfmr7zY_15webhook_gateway5utils5errorNtB3_8AppError18payload_conversionpEB7_
FN:46,_RINvMNtNtCsbzJgzfmr7zY_15webhook_gateway5utils5errorNtB3_8AppError21authentication_failedpEB7_
FN:64,_RINvMNtNtCsbzJgzfmr7zY_15webhook_gateway5utils5errorNtB3_8AppError12webhook_typeReECsceFSBOtg8Yd_3lib
FN:70,_RINvMNtNtCsbzJgzfmr7zY_15webhook_gateway5utils5errorNtB3_8AppError13configurationReECsceFSBOtg8Yd_3lib
FN:52,_RINvMNtNtCsbzJgzfmr7zY_15webhook_gateway5utils5errorNtB3_8AppError18message_processingNtNtCs6L9tbza1LrC_5alloc6string6StringECsceFSBOtg8Yd_3lib
FN:52,_RINvMNtNtCsbzJgzfmr7zY_15webhook_gateway5utils5errorNtB3_8AppError18message_processingReECsceFSBOtg8Yd_3lib
FN:58,_RINvMNtNtCsbzJgzfmr7zY_15webhook_gateway5utils5errorNtB3_8AppError18payload_conversionReECsceFSBOtg8Yd_3lib
FN:46,_RINvMNtNtCsbzJgzfmr7zY_15webhook_gateway5utils5errorNtB3_8AppError21authentication_failedNtNtCs6L9tbza1LrC_5alloc6string6StringECsceFSBOtg8Yd_3lib
FN:46,_RINvMNtNtCsbzJgzfmr7zY_15webhook_gateway5utils5errorNtB3_8AppError21authentication_failedReECsceFSBOtg8Yd_3lib
FN:64,_RINvMNtNtCsbzJgzfmr7zY_15webhook_gateway5utils5errorNtB3_8AppError12webhook_typeReECs4GrA12dzGia_10unit_tests
FN:70,_RINvMNtNtCsbzJgzfmr7zY_15webhook_gateway5utils5errorNtB3_8AppError13configurationReECs4GrA12dzGia_10unit_tests
FN:52,_RINvMNtNtCsbzJgzfmr7zY_15webhook_gateway5utils5errorNtB3_8AppError18message_processingNtNtCs6L9tbza1LrC_5alloc6string6StringECs4GrA12dzGia_10unit_tests
FN:52,_RINvMNtNtCsbzJgzfmr7zY_15webhook_gateway5utils5errorNtB3_8AppError18message_processingReECs4GrA12dzGia_10unit_tests
FN:58,_RINvMNtNtCsbzJgzfmr7zY_15webhook_gateway5utils5errorNtB3_8AppError18payload_conversionReECs4GrA12dzGia_10unit_tests
FN:46,_RINvMNtNtCsbzJgzfmr7zY_15webhook_gateway5utils5errorNtB3_8AppError21authentication_failedNtNtCs6L9tbza1LrC_5alloc6string6StringECs4GrA12dzGia_10unit_tests
FN:46,_RINvMNtNtCsbzJgzfmr7zY_15webhook_gateway5utils5errorNtB3_8AppError21authentication_failedReECs4GrA12dzGia_10unit_tests
FN:64,_RINvMNtNtCsed0qgdemKyN_15webhook_gateway5utils5errorNtB3_8AppError12webhook_typepEB7_
FN:70,_RINvMNtNtCsed0qgdemKyN_15webhook_gateway5utils5errorNtB3_8AppError13configurationpEB7_
FN:52,_RINvMNtNtCsed0qgdemKyN_15webhook_gateway5utils5errorNtB3_8AppError18message_processingpEB7_
FN:58,_RINvMNtNtCsed0qgdemKyN_15webhook_gateway5utils5errorNtB3_8AppError18payload_conversionpEB7_
FN:46,_RINvMNtNtCsed0qgdemKyN_15webhook_gateway5utils5errorNtB3_8AppError21authentication_failedpEB7_
FN:76,_RINvMNtNtCsed0qgdemKyN_15webhook_gateway5utils5errorNtB3_8AppError5errorpEB7_
FNDA:1,_RINvMNtNtCsbzJgzfmr7zY_15webhook_gateway5utils5errorNtB3_8AppError13configurationReECs2FHfWflbkY1_17integration_tests
FNDA:1,_RINvMNtNtCsbzJgzfmr7zY_15webhook_gateway5utils5errorNtB3_8AppError18payload_conversionReECs2FHfWflbkY1_17integration_tests
FNDA:0,_RINvMNtNtCsbzJgzfmr7zY_15webhook_gateway5utils5errorNtB3_8AppError13configurationNtNtCs6L9tbza1LrC_5alloc6string6StringEB7_
FNDA:87,_RINvMNtNtCsbzJgzfmr7zY_15webhook_gateway5utils5errorNtB3_8AppError5errorNtNtCs6L9tbza1LrC_5alloc6string6StringEB7_
FNDA:10,_RINvMNtNtCsbzJgzfmr7zY_15webhook_gateway5utils5errorNtB3_8AppError5errorReEB7_
FNDA:0,_RINvMNtNtCsbzJgzfmr7zY_15webhook_gateway5utils5errorNtB3_8AppError12webhook_typepEB7_
FNDA:0,_RINvMNtNtCsbzJgzfmr7zY_15webhook_gateway5utils5errorNtB3_8AppError18message_processingpEB7_
FNDA:0,_RINvMNtNtCsbzJgzfmr7zY_15webhook_gateway5utils5errorNtB3_8AppError18payload_conversionpEB7_
FNDA:0,_RINvMNtNtCsbzJgzfmr7zY_15webhook_gateway5utils5errorNtB3_8AppError21authentication_failedpEB7_
FNDA:1,_RINvMNtNtCsbzJgzfmr7zY_15webhook_gateway5utils5errorNtB3_8AppError12webhook_typeReECsceFSBOtg8Yd_3lib
FNDA:2,_RINvMNtNtCsbzJgzfmr7zY_15webhook_gateway5utils5errorNtB3_8AppError13configurationReECsceFSBOtg8Yd_3lib
FNDA:1,_RINvMNtNtCsbzJgzfmr7zY_15webhook_gateway5utils5errorNtB3_8AppError18message_processingNtNtCs6L9tbza1LrC_5alloc6string6StringECsceFSBOtg8Yd_3lib
FNDA:1,_RINvMNtNtCsbzJgzfmr7zY_15webhook_gateway5utils5errorNtB3_8AppError18message_processingReECsceFSBOtg8Yd_3lib
FNDA:2,_RINvMNtNtCsbzJgzfmr7zY_15webhook_gateway5utils5errorNtB3_8AppError18payload_conversionReECsceFSBOtg8Yd_3lib
FNDA:2,_RINvMNtNtCsbzJgzfmr7zY_15webhook_gateway5utils5errorNtB3_8AppError21authentication_failedNtNtCs6L9tbza1LrC_5alloc6string6StringECsceFSBOtg8Yd_3lib
FNDA:4,_RINvMNtNtCsbzJgzfmr7zY_15webhook_gateway5utils5errorNtB3_8AppError21authentication_failedReECsceFSBOtg8Yd_3lib
FNDA:1,_RINvMNtNtCsbzJgzfmr7zY_15webhook_gateway5utils5errorNtB3_8AppError12webhook_typeReECs4GrA12dzGia_10unit_tests
FNDA:1,_RINvMNtNtCsbzJgzfmr7zY_15webhook_gateway5utils5errorNtB3_8AppError13configurationReECs4GrA12dzGia_10unit_tests
FNDA:1,_RINvMNtNtCsbzJgzfmr7zY_15webhook_gateway5utils5errorNtB3_8AppError18message_processingNtNtCs6L9tbza1LrC_5alloc6string6StringECs4GrA12dzGia_10unit_tests
FNDA:1,_RINvMNtNtCsbzJgzfmr7zY_15webhook_gateway5utils5errorNtB3_8AppError18message_processingReECs4GrA12dzGia_10unit_tests
FNDA:1,_RINvMNtNtCsbzJgzfmr7zY_15webhook_gateway5utils5errorNtB3_8AppError18payload_conversionReECs4GrA12dzGia_10unit_tests
FNDA:2,_RINvMNtNtCsbzJgzfmr7zY_15webhook_gateway5utils5errorNtB3_8AppError21authentication_failedNtNtCs6L9tbza1LrC_5alloc6string6StringECs4GrA12dzGia_10unit_tests
FNDA:4,_RINvMNtNtCsbzJgzfmr7zY_15webhook_gateway5utils5errorNtB3_8AppError21authentication_failedReECs4GrA12dzGia_10unit_tests
FNDA:0,_RINvMNtNtCsed0qgdemKyN_15webhook_gateway5utils5errorNtB3_8AppError12webhook_typepEB7_
FNDA:0,_RINvMNtNtCsed0qgdemKyN_15webhook_gateway5utils5errorNtB3_8AppError13configurationpEB7_
FNDA:0,_RINvMNtNtCsed0qgdemKyN_15webhook_gateway5utils5errorNtB3_8AppError18message_processingpEB7_
FNDA:0,_RINvMNtNtCsed0qgdemKyN_15webhook_gateway5utils5errorNtB3_8AppError18payload_conversionpEB7_
FNDA:0,_RINvMNtNtCsed0qgdemKyN_15webhook_gateway5utils5errorNtB3_8AppError21authentication_failedpEB7_
FNDA:0,_RINvMNtNtCsed0qgdemKyN_15webhook_gateway5utils5errorNtB3_8AppError5errorpEB7_
FNF:6
FNH:6
DA:46,12
DA:47,12
DA:48,12
DA:49,12
DA:50,12
DA:52,4
DA:53,4
DA:54,4
DA:55,4
DA:56,4
DA:58,4
DA:59,4
DA:60,4
DA:61,4
DA:62,4
DA:64,2
DA:65,2
DA:66,2
DA:67,2
DA:68,2
DA:70,4
DA:71,4
DA:72,4
DA:73,4
DA:74,4
DA:76,97
DA:77,97
DA:78,97
DA:79,97
DA:80,97
BRF:0
BRH:0
LF:30
LH:30
end_of_record
SF:D:\Workspace\Rust\permata-gateway\src\utils\json.rs
FN:5,_RNvNtNtCsbzJgzfmr7zY_15webhook_gateway5utils4json12compact_json
FN:61,_RNvNtNtCsbzJgzfmr7zY_15webhook_gateway5utils4json13is_dr_payload
FN:18,_RNvNtNtCsbzJgzfmr7zY_15webhook_gateway5utils4json16json_path_equals
FN:12,_RNvNtNtCsbzJgzfmr7zY_15webhook_gateway5utils4json16json_path_exists
FN:27,_RNvNtNtCsbzJgzfmr7zY_15webhook_gateway5utils4json18navigate_json_path
FN:74,_RNvNtNtCsbzJgzfmr7zY_15webhook_gateway5utils4json23is_inbound_flow_payload
FN:6,_RNCNvNtNtCsbzJgzfmr7zY_15webhook_gateway5utils4json12compact_json0B7_
FN:21,_RNCNvNtNtCsbzJgzfmr7zY_15webhook_gateway5utils4json16json_path_equals0B7_
FN:6,_RNCNvNtNtCsed0qgdemKyN_15webhook_gateway5utils4json12compact_json0B7_
FN:21,_RNCNvNtNtCsed0qgdemKyN_15webhook_gateway5utils4json16json_path_equals0B7_
FN:5,_RNvNtNtCsed0qgdemKyN_15webhook_gateway5utils4json12compact_json
FN:61,_RNvNtNtCsed0qgdemKyN_15webhook_gateway5utils4json13is_dr_payload
FN:18,_RNvNtNtCsed0qgdemKyN_15webhook_gateway5utils4json16json_path_equals
FN:12,_RNvNtNtCsed0qgdemKyN_15webhook_gateway5utils4json16json_path_exists
FN:27,_RNvNtNtCsed0qgdemKyN_15webhook_gateway5utils4json18navigate_json_path
FN:74,_RNvNtNtCsed0qgdemKyN_15webhook_gateway5utils4json23is_inbound_flow_payload
FNDA:20,_RNvNtNtCsbzJgzfmr7zY_15webhook_gateway5utils4json12compact_json
FNDA:6,_RNvNtNtCsbzJgzfmr7zY_15webhook_gateway5utils4json13is_dr_payload
FNDA:14,_RNvNtNtCsbzJgzfmr7zY_15webhook_gateway5utils4json16json_path_equals
FNDA:18,_RNvNtNtCsbzJgzfmr7zY_15webhook_gateway5utils4json16json_path_exists
FNDA:270,_RNvNtNtCsbzJgzfmr7zY_15webhook_gateway5utils4json18navigate_json_path
FNDA:6,_RNvNtNtCsbzJgzfmr7zY_15webhook_gateway5utils4json23is_inbound_flow_payload
FNDA:4374,_RNCNvNtNtCsbzJgzfmr7zY_15webhook_gateway5utils4json12compact_json0B7_
FNDA:12,_RNCNvNtNtCsbzJgzfmr7zY_15webhook_gateway5utils4json16json_path_equals0B7_
FNDA:0,_RNCNvNtNtCsed0qgdemKyN_15webhook_gateway5utils4json12compact_json0B7_
FNDA:0,_RNCNvNtNtCsed0qgdemKyN_15webhook_gateway5utils4json16json_path_equals0B7_
FNDA:0,_RNvNtNtCsed0qgdemKyN_15webhook_gateway5utils4json12compact_json
FNDA:0,_RNvNtNtCsed0qgdemKyN_15webhook_gateway5utils4json13is_dr_payload
FNDA:0,_RNvNtNtCsed0qgdemKyN_15webhook_gateway5utils4json16json_path_equals
FNDA:0,_RNvNtNtCsed0qgdemKyN_15webhook_gateway5utils4json16json_path_exists
FNDA:0,_RNvNtNtCsed0qgdemKyN_15webhook_gateway5utils4json18navigate_json_path
FNDA:0,_RNvNtNtCsed0qgdemKyN_15webhook_gateway5utils4json23is_inbound_flow_payload
FNF:8
FNH:8
DA:5,20
DA:6,4374
DA:7,20
DA:8,20
DA:12,18
DA:13,18
DA:14,18
DA:18,14
DA:19,14
DA:20,14
DA:21,14
DA:22,14
DA:27,270
DA:28,270
DA:29,46
DA:30,224
DA:32,224
DA:33,224
DA:35,224
DA:36,224
DA:38,70
DA:39,70
DA:40,148
DA:41,78
DA:42,78
DA:43,0
DA:44,70
DA:46,154
DA:48,154
DA:49,144
DA:51,10
DA:55,270
DA:61,6
DA:63,6
DA:64,2
DA:65,4
DA:68,4
DA:69,6
DA:74,6
DA:76,6
DA:77,6
DA:78,6
DA:79,6
DA:81,6
BRF:0
BRH:0
LF:46
LH:45
end_of_record
SF:D:\Workspace\Rust\permata-gateway\src\utils\request_id.rs
FN:7,_RNCNvNtNtCsbzJgzfmr7zY_15webhook_gateway5utils10request_id18extract_request_id0B7_
FN:13,_RNCNvNtNtCsbzJgzfmr7zY_15webhook_gateway5utils10request_id18extract_request_ids_0B7_
FN:3,_RNvNtNtCsbzJgzfmr7zY_15webhook_gateway5utils10request_id18extract_request_id
FN:7,_RNCNvNtNtCsed0qgdemKyN_15webhook_gateway5utils10request_id18extract_request_id0B7_
FN:13,_RNCNvNtNtCsed0qgdemKyN_15webhook_gateway5utils10request_id18extract_request_ids_0B7_
FN:3,_RNvNtNtCsed0qgdemKyN_15webhook_gateway5utils10request_id18extract_request_id
FNDA:24,_RNCNvNtNtCsbzJgzfmr7zY_15webhook_gateway5utils10request_id18extract_request_id0B7_
FNDA:12,_RNCNvNtNtCsbzJgzfmr7zY_15webhook_gateway5utils10request_id18extract_request_ids_0B7_
FNDA:42,_RNvNtNtCsbzJgzfmr7zY_15webhook_gateway5utils10request_id18extract_request_id
FNDA:0,_RNCNvNtNtCsed0qgdemKyN_15webhook_gateway5utils10request_id18extract_request_id0B7_
FNDA:0,_RNCNvNtNtCsed0qgdemKyN_15webhook_gateway5utils10request_id18extract_request_ids_0B7_
FNDA:0,_RNvNtNtCsed0qgdemKyN_15webhook_gateway5utils10request_id18extract_request_id
FNF:3
FNH:3
DA:3,42
DA:4,42
DA:5,38
DA:7,38
DA:8,22
DA:9,18
DA:10,4
DA:11,16
DA:13,20
DA:14,8
DA:15,6
DA:16,2
DA:17,12
DA:20,14
DA:24,4
DA:27,42
BRF:0
BRH:0
LF:18
LH:18
end_of_record
SF:D:\Workspace\Rust\permata-gateway\src\utils\signature.rs
FN:9,_RNvNtNtCsbzJgzfmr7zY_15webhook_gateway5utils9signature18generate_signature
FN:9,_RNvNtNtCsed0qgdemKyN_15webhook_gateway5utils9signature18generate_signature
FNDA:448,_RNvNtNtCsbzJgzfmr7zY_15webhook_gateway5utils9signature18generate_signature
FNDA:0,_RNvNtNtCsed0qgdemKyN_15webhook_gateway5utils9signature18generate_signature
FNF:1
FNH:1
DA:9,448
DA:10,448
DA:12,448
DA:13,448
DA:15,448
DA:16,448
DA:18,448
DA:19,448
BRF:0
BRH:0
LF:8
LH:8
end_of_record